<?xml version="1.0" encoding="utf-8"?>
<test-run id="2" name="nunitlite.tests.exe" fullname="nunitlite.tests.exe" testcasecount="356" result="Skipped" label="Ignored" start-time="2018-10-06 20:00:45Z" end-time="2018-10-06 20:00:45Z" duration="0.348114" total="356" passed="355" failed="0" inconclusive="0" skipped="1" asserts="714" random-seed="1603143192">
  <command-line><![CDATA["C:/src/nunit/nunit/bin/Release/net35/nunitlite.tests.exe"]]></command-line>
  <filter />
  <test-suite type="Assembly" id="1399" name="nunitlite.tests.exe" fullname="nunitlite.tests.exe" runstate="Runnable" testcasecount="356" result="Skipped" label="Ignored" site="Child" start-time="2018-10-06 20:00:45Z" end-time="2018-10-06 20:00:45Z" duration="0.348114" total="356" passed="355" failed="0" warnings="0" inconclusive="0" skipped="1" asserts="714">
    <environment framework-version="3.11.0.0" clr-version="2.0.50727.8936" os-version="Microsoft Windows NT 10.0.17134" platform="Win32NT" cwd="C:\src\nunit\nunit\bin\Release\net35" machine-name="XPS" user="rob" user-domain="XPS" culture="en-CA" uiculture="en-US" os-architecture="x64" />
    <settings>
      <setting name="WorkDirectory" value="C:\src\nunit\nunit\bin\Release\net35" />
      <setting name="NumberOfTestWorkers" value="8" />
    </settings>
    <properties>
      <property name="ParallelScope" value="Fixtures" />
      <property name="_PID" value="21168" />
      <property name="_APPDOMAIN" value="nunitlite.tests.exe" />
    </properties>
    <reason>
      <message><![CDATA[One or more child tests were ignored]]></message>
    </reason>
    <test-suite type="TestSuite" id="1400" name="NUnit" fullname="NUnit" runstate="Runnable" testcasecount="79" result="Passed" start-time="2018-10-06 20:00:45Z" end-time="2018-10-06 20:00:45Z" duration="0.114275" total="79" passed="79" failed="0" warnings="0" inconclusive="0" skipped="0" asserts="181">
      <test-suite type="TestSuite" id="1403" name="ConsoleRunner" fullname="NUnit.ConsoleRunner" runstate="Runnable" testcasecount="2" result="Passed" start-time="2018-10-06 20:00:45Z" end-time="2018-10-06 20:00:45Z" duration="0.055952" total="2" passed="2" failed="0" warnings="0" inconclusive="0" skipped="0" asserts="2">
        <test-suite type="TestSuite" id="1404" name="Tests" fullname="NUnit.ConsoleRunner.Tests" runstate="Runnable" testcasecount="2" result="Passed" start-time="2018-10-06 20:00:45Z" end-time="2018-10-06 20:00:45Z" duration="0.055706" total="2" passed="2" failed="0" warnings="0" inconclusive="0" skipped="0" asserts="2">
          <test-suite type="TestFixture" id="1086" name="DefaultOptionsProviderTests" fullname="NUnit.ConsoleRunner.Tests.DefaultOptionsProviderTests" classname="NUnit.ConsoleRunner.Tests.DefaultOptionsProviderTests" runstate="Runnable" testcasecount="2" result="Passed" start-time="2018-10-06 20:00:45Z" end-time="2018-10-06 20:00:45Z" duration="0.051356" total="2" passed="2" failed="0" warnings="0" inconclusive="0" skipped="0" asserts="2">
            <test-case id="1088" name="ShouldRetTeamCityAsFalseWhenHasNotEnvironmentVariable_TEAMCITY_PROJECT_NAME" fullname="NUnit.ConsoleRunner.Tests.DefaultOptionsProviderTests.ShouldRetTeamCityAsFalseWhenHasNotEnvironmentVariable_TEAMCITY_PROJECT_NAME" methodname="ShouldRetTeamCityAsFalseWhenHasNotEnvironmentVariable_TEAMCITY_PROJECT_NAME" classname="NUnit.ConsoleRunner.Tests.DefaultOptionsProviderTests" runstate="Runnable" seed="1904399139" result="Passed" start-time="2018-10-06 20:00:45Z" end-time="2018-10-06 20:00:45Z" duration="0.019019" asserts="1" />
            <test-case id="1087" name="ShouldRetTeamCityAsTrueWhenHasEnvironmentVariable_TEAMCITY_PROJECT_NAME" fullname="NUnit.ConsoleRunner.Tests.DefaultOptionsProviderTests.ShouldRetTeamCityAsTrueWhenHasEnvironmentVariable_TEAMCITY_PROJECT_NAME" methodname="ShouldRetTeamCityAsTrueWhenHasEnvironmentVariable_TEAMCITY_PROJECT_NAME" classname="NUnit.ConsoleRunner.Tests.DefaultOptionsProviderTests" runstate="Runnable" seed="1206037026" result="Passed" start-time="2018-10-06 20:00:45Z" end-time="2018-10-06 20:00:45Z" duration="0.000888" asserts="1" />
          </test-suite>
        </test-suite>
      </test-suite>
      <test-suite type="TestSuite" id="1401" name="Common" fullname="NUnit.Common" runstate="Runnable" testcasecount="77" result="Passed" start-time="2018-10-06 20:00:45Z" end-time="2018-10-06 20:00:45Z" duration="0.113489" total="77" passed="77" failed="0" warnings="0" inconclusive="0" skipped="0" asserts="179">
        <test-suite type="TestSuite" id="1402" name="Tests" fullname="NUnit.Common.Tests" runstate="Runnable" testcasecount="77" result="Passed" start-time="2018-10-06 20:00:45Z" end-time="2018-10-06 20:00:45Z" duration="0.113455" total="77" passed="77" failed="0" warnings="0" inconclusive="0" skipped="0" asserts="179">
          <test-suite type="TestFixture" id="1000" name="ExtendedTextWrapperTests" fullname="NUnit.Common.Tests.ExtendedTextWrapperTests" classname="NUnit.Common.Tests.ExtendedTextWrapperTests" runstate="Runnable" testcasecount="8" result="Passed" start-time="2018-10-06 20:00:45Z" end-time="2018-10-06 20:00:45Z" duration="0.067225" total="8" passed="8" failed="0" warnings="0" inconclusive="0" skipped="0" asserts="8">
            <test-case id="1001" name="Write" fullname="NUnit.Common.Tests.ExtendedTextWrapperTests.Write" methodname="Write" classname="NUnit.Common.Tests.ExtendedTextWrapperTests" runstate="Runnable" seed="763201375" result="Passed" start-time="2018-10-06 20:00:45Z" end-time="2018-10-06 20:00:45Z" duration="0.037318" asserts="1" />
            <test-case id="1002" name="Write_ColorStyle" fullname="NUnit.Common.Tests.ExtendedTextWrapperTests.Write_ColorStyle" methodname="Write_ColorStyle" classname="NUnit.Common.Tests.ExtendedTextWrapperTests" runstate="Runnable" seed="650078" result="Passed" start-time="2018-10-06 20:00:45Z" end-time="2018-10-06 20:00:45Z" duration="0.001287" asserts="1" />
            <test-case id="1005" name="WriteLabel" fullname="NUnit.Common.Tests.ExtendedTextWrapperTests.WriteLabel" methodname="WriteLabel" classname="NUnit.Common.Tests.ExtendedTextWrapperTests" runstate="Runnable" seed="580621462" result="Passed" start-time="2018-10-06 20:00:45Z" end-time="2018-10-06 20:00:45Z" duration="0.000789" asserts="1" />
            <test-case id="1006" name="WriteLabel_ColorStyle" fullname="NUnit.Common.Tests.ExtendedTextWrapperTests.WriteLabel_ColorStyle" methodname="WriteLabel_ColorStyle" classname="NUnit.Common.Tests.ExtendedTextWrapperTests" runstate="Runnable" seed="9169659" result="Passed" start-time="2018-10-06 20:00:45Z" end-time="2018-10-06 20:00:45Z" duration="0.000959" asserts="1" />
            <test-case id="1007" name="WriteLabelLine" fullname="NUnit.Common.Tests.ExtendedTextWrapperTests.WriteLabelLine" methodname="WriteLabelLine" classname="NUnit.Common.Tests.ExtendedTextWrapperTests" runstate="Runnable" seed="341218801" result="Passed" start-time="2018-10-06 20:00:45Z" end-time="2018-10-06 20:00:45Z" duration="0.000788" asserts="1" />
            <test-case id="1008" name="WriteLabelLine_ColorStyle" fullname="NUnit.Common.Tests.ExtendedTextWrapperTests.WriteLabelLine_ColorStyle" methodname="WriteLabelLine_ColorStyle" classname="NUnit.Common.Tests.ExtendedTextWrapperTests" runstate="Runnable" seed="495780105" result="Passed" start-time="2018-10-06 20:00:45Z" end-time="2018-10-06 20:00:45Z" duration="0.000968" asserts="1" />
            <test-case id="1003" name="WriteLine" fullname="NUnit.Common.Tests.ExtendedTextWrapperTests.WriteLine" methodname="WriteLine" classname="NUnit.Common.Tests.ExtendedTextWrapperTests" runstate="Runnable" seed="1902321902" result="Passed" start-time="2018-10-06 20:00:45Z" end-time="2018-10-06 20:00:45Z" duration="0.000733" asserts="1" />
            <test-case id="1004" name="WriteLine_ColorStyle" fullname="NUnit.Common.Tests.ExtendedTextWrapperTests.WriteLine_ColorStyle" methodname="WriteLine_ColorStyle" classname="NUnit.Common.Tests.ExtendedTextWrapperTests" runstate="Runnable" seed="1392835290" result="Passed" start-time="2018-10-06 20:00:45Z" end-time="2018-10-06 20:00:45Z" duration="0.000796" asserts="1" />
          </test-suite>
          <test-suite type="TestFixture" id="1016" name="TestNameParserTests" fullname="NUnit.Common.Tests.TestNameParserTests" classname="NUnit.Common.Tests.TestNameParserTests" runstate="Runnable" testcasecount="13" result="Passed" start-time="2018-10-06 20:00:45Z" end-time="2018-10-06 20:00:45Z" duration="0.072866" total="13" passed="13" failed="0" warnings="0" inconclusive="0" skipped="0" asserts="30">
            <test-suite type="ParameterizedMethod" id="1026" name="SingleName" fullname="NUnit.Common.Tests.TestNameParserTests.SingleName" classname="NUnit.Common.Tests.TestNameParserTests" runstate="Runnable" testcasecount="9" result="Passed" start-time="2018-10-06 20:00:45Z" end-time="2018-10-06 20:00:45Z" duration="0.063468" total="9" passed="9" failed="0" warnings="0" inconclusive="0" skipped="0" asserts="18">
              <test-case id="1017" name="SingleName(&quot;Test.Namespace.Fixture.Method&quot;)" fullname="NUnit.Common.Tests.TestNameParserTests.SingleName(&quot;Test.Namespace.Fixture.Method&quot;)" methodname="SingleName" classname="NUnit.Common.Tests.TestNameParserTests" runstate="Runnable" seed="1799572620" result="Passed" start-time="2018-10-06 20:00:45Z" end-time="2018-10-06 20:00:45Z" duration="0.060657" asserts="2" />
              <test-case id="1018" name="SingleName(&quot;Test.Namespace.Fixture.Method,&quot;)" fullname="NUnit.Common.Tests.TestNameParserTests.SingleName(&quot;Test.Namespace.Fixture.Method,&quot;)" methodname="SingleName" classname="NUnit.Common.Tests.TestNameParserTests" runstate="Runnable" seed="134920245" result="Passed" start-time="2018-10-06 20:00:45Z" end-time="2018-10-06 20:00:45Z" duration="0.000114" asserts="2" />
              <test-case id="1019" name="SingleName(&quot;  Test.Namespace.Fixture.Method  &quot;)" fullname="NUnit.Common.Tests.TestNameParserTests.SingleName(&quot;  Test.Namespace.Fixture.Method  &quot;)" methodname="SingleName" classname="NUnit.Common.Tests.TestNameParserTests" runstate="Runnable" seed="1669721933" result="Passed" start-time="2018-10-06 20:00:45Z" end-time="2018-10-06 20:00:45Z" duration="0.000068" asserts="2" />
              <test-case id="1020" name="SingleName(&quot;  Test.Namespace.Fixture.Method  ,&quot;)" fullname="NUnit.Common.Tests.TestNameParserTests.SingleName(&quot;  Test.Namespace.Fixture.Method  ,&quot;)" methodname="SingleName" classname="NUnit.Common.Tests.TestNameParserTests" runstate="Runnable" seed="1906191442" result="Passed" start-time="2018-10-06 20:00:45Z" end-time="2018-10-06 20:00:45Z" duration="0.000087" asserts="2" />
              <test-case id="1021" name="SingleName(&quot;Test.Namespace.Fixture.Method()&quot;)" fullname="NUnit.Common.Tests.TestNameParserTests.SingleName(&quot;Test.Namespace.Fixture.Method()&quot;)" methodname="SingleName" classname="NUnit.Common.Tests.TestNameParserTests" runstate="Runnable" seed="1046268317" result="Passed" start-time="2018-10-06 20:00:45Z" end-time="2018-10-06 20:00:45Z" duration="0.000085" asserts="2" />
              <test-case id="1022" name="SingleName(&quot;Test.Namespace.Fixture.Method(\&quot;string,argument\&quot;)&quot;)" fullname="NUnit.Common.Tests.TestNameParserTests.SingleName(&quot;Test.Namespace.Fixture.Method(\&quot;string,argument\&quot;)&quot;)" methodname="SingleName" classname="NUnit.Common.Tests.TestNameParserTests" runstate="Runnable" seed="858934209" result="Passed" start-time="2018-10-06 20:00:45Z" end-time="2018-10-06 20:00:45Z" duration="0.000138" asserts="2" />
              <test-case id="1023" name="SingleName(&quot;Test.Namespace.Fixture.Method(1,2,3)&quot;)" fullname="NUnit.Common.Tests.TestNameParserTests.SingleName(&quot;Test.Namespace.Fixture.Method(1,2,3)&quot;)" methodname="SingleName" classname="NUnit.Common.Tests.TestNameParserTests" runstate="Runnable" seed="1636762951" result="Passed" start-time="2018-10-06 20:00:45Z" end-time="2018-10-06 20:00:45Z" duration="0.000070" asserts="2" />
              <test-case id="1024" name="SingleName(&quot;Test.Namespace.Fixture.Method&lt;int,int&gt;()&quot;)" fullname="NUnit.Common.Tests.TestNameParserTests.SingleName(&quot;Test.Namespace.Fixture.Method&lt;int,int&gt;()&quot;)" methodname="SingleName" classname="NUnit.Common.Tests.TestNameParserTests" runstate="Runnable" seed="1405847788" result="Passed" start-time="2018-10-06 20:00:45Z" end-time="2018-10-06 20:00:45Z" duration="0.000068" asserts="2" />
              <test-case id="1025" name="SingleName(&quot;Test.Namespace.Fixture.Method(\&quot;)\&quot;)&quot;)" fullname="NUnit.Common.Tests.TestNameParserTests.SingleName(&quot;Test.Namespace.Fixture.Method(\&quot;)\&quot;)&quot;)" methodname="SingleName" classname="NUnit.Common.Tests.TestNameParserTests" runstate="Runnable" seed="1459972014" result="Passed" start-time="2018-10-06 20:00:45Z" end-time="2018-10-06 20:00:45Z" duration="0.000079" asserts="2" />
            </test-suite>
            <test-suite type="ParameterizedMethod" id="1031" name="TwoNames" fullname="NUnit.Common.Tests.TestNameParserTests.TwoNames" classname="NUnit.Common.Tests.TestNameParserTests" runstate="Runnable" testcasecount="4" result="Passed" start-time="2018-10-06 20:00:45Z" end-time="2018-10-06 20:00:45Z" duration="0.001635" total="4" passed="4" failed="0" warnings="0" inconclusive="0" skipped="0" asserts="12">
              <test-case id="1027" name="TwoNames(&quot;Test.Namespace.Fixture.Method1&quot;,&quot;Test.Namespace.Fixture.Method2&quot;)" fullname="NUnit.Common.Tests.TestNameParserTests.TwoNames(&quot;Test.Namespace.Fixture.Method1&quot;,&quot;Test.Namespace.Fixture.Method2&quot;)" methodname="TwoNames" classname="NUnit.Common.Tests.TestNameParserTests" runstate="Runnable" seed="687216948" result="Passed" start-time="2018-10-06 20:00:45Z" end-time="2018-10-06 20:00:45Z" duration="0.001060" asserts="3" />
              <test-case id="1028" name="TwoNames(&quot;Test.Namespace.Fixture.Method1&quot;,&quot;Test.Namespace.Fixture.Method2,&quot;)" fullname="NUnit.Common.Tests.TestNameParserTests.TwoNames(&quot;Test.Namespace.Fixture.Method1&quot;,&quot;Test.Namespace.Fixture.Method2,&quot;)" methodname="TwoNames" classname="NUnit.Common.Tests.TestNameParserTests" runstate="Runnable" seed="592235163" result="Passed" start-time="2018-10-06 20:00:45Z" end-time="2018-10-06 20:00:45Z" duration="0.000079" asserts="3" />
              <test-case id="1029" name="TwoNames(&quot;Test.Namespace.Fixture.Method1(1,2)&quot;,&quot;Test.Namespace.Fixture.Method2(3,4)&quot;)" fullname="NUnit.Common.Tests.TestNameParserTests.TwoNames(&quot;Test.Namespace.Fixture.Method1(1,2)&quot;,&quot;Test.Namespace.Fixture.Method2(3,4)&quot;)" methodname="TwoNames" classname="NUnit.Common.Tests.TestNameParserTests" runstate="Runnable" seed="47360603" result="Passed" start-time="2018-10-06 20:00:45Z" end-time="2018-10-06 20:00:45Z" duration="0.000075" asserts="3" />
              <test-case id="1030" name="TwoNames(&quot;Test.Namespace.Fixture.Method1(\&quot;(\&quot;)&quot;,&quot;Test.Namespace.Fixture.Method2(\&quot;&lt;\&quot;)&quot;)" fullname="NUnit.Common.Tests.TestNameParserTests.TwoNames(&quot;Test.Namespace.Fixture.Method1(\&quot;(\&quot;)&quot;,&quot;Test.Namespace.Fixture.Method2(\&quot;&lt;\&quot;)&quot;)" methodname="TwoNames" classname="NUnit.Common.Tests.TestNameParserTests" runstate="Runnable" seed="1054154659" result="Passed" start-time="2018-10-06 20:00:45Z" end-time="2018-10-06 20:00:45Z" duration="0.000065" asserts="3" />
            </test-suite>
          </test-suite>
          <test-suite type="TestFixture" id="1009" name="OutputSpecificationTests" fullname="NUnit.Common.Tests.OutputSpecificationTests" classname="NUnit.Common.Tests.OutputSpecificationTests" runstate="Runnable" testcasecount="6" result="Passed" start-time="2018-10-06 20:00:45Z" end-time="2018-10-06 20:00:45Z" duration="0.098899" total="6" passed="6" failed="0" warnings="0" inconclusive="0" skipped="0" asserts="8">
            <test-case id="1013" name="FileNameOnly" fullname="NUnit.Common.Tests.OutputSpecificationTests.FileNameOnly" methodname="FileNameOnly" classname="NUnit.Common.Tests.OutputSpecificationTests" runstate="Runnable" seed="523099279" result="Passed" start-time="2018-10-06 20:00:45Z" end-time="2018-10-06 20:00:45Z" duration="0.026877" asserts="2" />
            <test-case id="1014" name="FileNamePlusFormat" fullname="NUnit.Common.Tests.OutputSpecificationTests.FileNamePlusFormat" methodname="FileNamePlusFormat" classname="NUnit.Common.Tests.OutputSpecificationTests" runstate="Runnable" seed="1929639973" result="Passed" start-time="2018-10-06 20:00:45Z" end-time="2018-10-06 20:00:45Z" duration="0.012304" asserts="2" />
            <test-case id="1015" name="MultipleFormatSpecifiersNotAllowed" fullname="NUnit.Common.Tests.OutputSpecificationTests.MultipleFormatSpecifiersNotAllowed" methodname="MultipleFormatSpecifiersNotAllowed" classname="NUnit.Common.Tests.OutputSpecificationTests" runstate="Runnable" seed="349410078" result="Passed" start-time="2018-10-06 20:00:45Z" end-time="2018-10-06 20:00:45Z" duration="0.039552" asserts="1" />
            <test-case id="1010" name="SpecMayNotBeNull" fullname="NUnit.Common.Tests.OutputSpecificationTests.SpecMayNotBeNull" methodname="SpecMayNotBeNull" classname="NUnit.Common.Tests.OutputSpecificationTests" runstate="Runnable" seed="2093004093" result="Passed" start-time="2018-10-06 20:00:45Z" end-time="2018-10-06 20:00:45Z" duration="0.001050" asserts="1" />
            <test-case id="1011" name="SpecOptionMustContainEqualSign" fullname="NUnit.Common.Tests.OutputSpecificationTests.SpecOptionMustContainEqualSign" methodname="SpecOptionMustContainEqualSign" classname="NUnit.Common.Tests.OutputSpecificationTests" runstate="Runnable" seed="358390074" result="Passed" start-time="2018-10-06 20:00:45Z" end-time="2018-10-06 20:00:45Z" duration="0.001166" asserts="1" />
            <test-case id="1012" name="SpecOptionMustContainJustOneEqualSign" fullname="NUnit.Common.Tests.OutputSpecificationTests.SpecOptionMustContainJustOneEqualSign" methodname="SpecOptionMustContainJustOneEqualSign" classname="NUnit.Common.Tests.OutputSpecificationTests" runstate="Runnable" seed="1973693107" result="Passed" start-time="2018-10-06 20:00:45Z" end-time="2018-10-06 20:00:45Z" duration="0.004449" asserts="1" />
          </test-suite>
          <test-suite type="TestFixture" id="1073" name="TokenizerTests" fullname="NUnit.Common.Tests.TokenizerTests" classname="NUnit.Common.Tests.TokenizerTests" runstate="Runnable" testcasecount="12" result="Passed" start-time="2018-10-06 20:00:45Z" end-time="2018-10-06 20:00:45Z" duration="0.109357" total="12" passed="12" failed="0" warnings="0" inconclusive="0" skipped="0" asserts="61">
            <test-case id="1075" name="BlankStringReturnsEof" fullname="NUnit.Common.Tests.TokenizerTests.BlankStringReturnsEof" methodname="BlankStringReturnsEof" classname="NUnit.Common.Tests.TokenizerTests" runstate="Runnable" seed="492949997" result="Passed" start-time="2018-10-06 20:00:45Z" end-time="2018-10-06 20:00:45Z" duration="0.075689" asserts="3" />
            <test-case id="1076" name="IdentifierTokens" fullname="NUnit.Common.Tests.TokenizerTests.IdentifierTokens" methodname="IdentifierTokens" classname="NUnit.Common.Tests.TokenizerTests" runstate="Runnable" seed="23868605" result="Passed" start-time="2018-10-06 20:00:45Z" end-time="2018-10-06 20:00:45Z" duration="0.001532" asserts="5" />
            <test-case id="1085" name="MixedTokens_Complex" fullname="NUnit.Common.Tests.TokenizerTests.MixedTokens_Complex" methodname="MixedTokens_Complex" classname="NUnit.Common.Tests.TokenizerTests" runstate="Runnable" seed="1033667549" result="Passed" start-time="2018-10-06 20:00:45Z" end-time="2018-10-06 20:00:45Z" duration="0.002660" asserts="14" />
            <test-case id="1084" name="MixedTokens_Simple" fullname="NUnit.Common.Tests.TokenizerTests.MixedTokens_Simple" methodname="MixedTokens_Simple" classname="NUnit.Common.Tests.TokenizerTests" runstate="Runnable" seed="150630395" result="Passed" start-time="2018-10-06 20:00:45Z" end-time="2018-10-06 20:00:45Z" duration="0.001119" asserts="4" />
            <test-case id="1074" name="NullInputThrowsException" fullname="NUnit.Common.Tests.TokenizerTests.NullInputThrowsException" methodname="NullInputThrowsException" classname="NUnit.Common.Tests.TokenizerTests" runstate="Runnable" seed="646479997" result="Passed" start-time="2018-10-06 20:00:45Z" end-time="2018-10-06 20:00:45Z" duration="0.007150" asserts="1" />
            <test-case id="1081" name="StringsMayContainEscapedQuoteChar" fullname="NUnit.Common.Tests.TokenizerTests.StringsMayContainEscapedQuoteChar" methodname="StringsMayContainEscapedQuoteChar" classname="NUnit.Common.Tests.TokenizerTests" runstate="Runnable" seed="1427173979" result="Passed" start-time="2018-10-06 20:00:45Z" end-time="2018-10-06 20:00:45Z" duration="0.001163" asserts="4" />
            <test-case id="1078" name="StringWithDoubleQuotes" fullname="NUnit.Common.Tests.TokenizerTests.StringWithDoubleQuotes" methodname="StringWithDoubleQuotes" classname="NUnit.Common.Tests.TokenizerTests" runstate="Runnable" seed="1809947918" result="Passed" start-time="2018-10-06 20:00:45Z" end-time="2018-10-06 20:00:45Z" duration="0.001023" asserts="4" />
            <test-case id="1079" name="StringWithSingleQuotes" fullname="NUnit.Common.Tests.TokenizerTests.StringWithSingleQuotes" methodname="StringWithSingleQuotes" classname="NUnit.Common.Tests.TokenizerTests" runstate="Runnable" seed="1292721403" result="Passed" start-time="2018-10-06 20:00:45Z" end-time="2018-10-06 20:00:45Z" duration="0.001196" asserts="4" />
            <test-case id="1080" name="StringWithSlashes" fullname="NUnit.Common.Tests.TokenizerTests.StringWithSlashes" methodname="StringWithSlashes" classname="NUnit.Common.Tests.TokenizerTests" runstate="Runnable" seed="284706266" result="Passed" start-time="2018-10-06 20:00:45Z" end-time="2018-10-06 20:00:45Z" duration="0.001773" asserts="4" />
            <test-case id="1083" name="SymbolTokens_DoubleChar" fullname="NUnit.Common.Tests.TokenizerTests.SymbolTokens_DoubleChar" methodname="SymbolTokens_DoubleChar" classname="NUnit.Common.Tests.TokenizerTests" runstate="Runnable" seed="1821942222" result="Passed" start-time="2018-10-06 20:00:45Z" end-time="2018-10-06 20:00:45Z" duration="0.001474" asserts="7" />
            <test-case id="1082" name="SymbolTokens_SingleChar" fullname="NUnit.Common.Tests.TokenizerTests.SymbolTokens_SingleChar" methodname="SymbolTokens_SingleChar" classname="NUnit.Common.Tests.TokenizerTests" runstate="Runnable" seed="518273787" result="Passed" start-time="2018-10-06 20:00:45Z" end-time="2018-10-06 20:00:45Z" duration="0.001596" asserts="7" />
            <test-case id="1077" name="WordsInUnicode" fullname="NUnit.Common.Tests.TokenizerTests.WordsInUnicode" methodname="WordsInUnicode" classname="NUnit.Common.Tests.TokenizerTests" runstate="Runnable" seed="1240045349" result="Passed" start-time="2018-10-06 20:00:45Z" end-time="2018-10-06 20:00:45Z" duration="0.001126" asserts="4" />
          </test-suite>
          <test-suite type="TestFixture" id="1032" name="TestSelectionParserTests" fullname="NUnit.Common.Tests.TestSelectionParserTests" classname="NUnit.Common.Tests.TestSelectionParserTests" runstate="Runnable" testcasecount="38" result="Passed" start-time="2018-10-06 20:00:45Z" end-time="2018-10-06 20:00:45Z" duration="0.113276" total="38" passed="38" failed="0" warnings="0" inconclusive="0" skipped="0" asserts="72">
            <test-suite type="ParameterizedMethod" id="1067" name="TestParser" fullname="NUnit.Common.Tests.TestSelectionParserTests.TestParser" classname="NUnit.Common.Tests.TestSelectionParserTests" runstate="Runnable" testcasecount="34" result="Passed" start-time="2018-10-06 20:00:45Z" end-time="2018-10-06 20:00:45Z" duration="0.093532" total="34" passed="34" failed="0" warnings="0" inconclusive="0" skipped="0" asserts="68">
              <test-case id="1033" name="TestParser(&quot;cat=Urgent&quot;,&quot;&lt;cat&gt;Urgent&lt;/cat&gt;&quot;)" fullname="NUnit.Common.Tests.TestSelectionParserTests.TestParser(&quot;cat=Urgent&quot;,&quot;&lt;cat&gt;Urgent&lt;/cat&gt;&quot;)" methodname="TestParser" classname="NUnit.Common.Tests.TestSelectionParserTests" runstate="Runnable" seed="2080105798" result="Passed" start-time="2018-10-06 20:00:45Z" end-time="2018-10-06 20:00:45Z" duration="0.049659" asserts="2" />
              <test-case id="1034" name="TestParser(&quot;cat==Urgent&quot;,&quot;&lt;cat&gt;Urgent&lt;/cat&gt;&quot;)" fullname="NUnit.Common.Tests.TestSelectionParserTests.TestParser(&quot;cat==Urgent&quot;,&quot;&lt;cat&gt;Urgent&lt;/cat&gt;&quot;)" methodname="TestParser" classname="NUnit.Common.Tests.TestSelectionParserTests" runstate="Runnable" seed="120159792" result="Passed" start-time="2018-10-06 20:00:45Z" end-time="2018-10-06 20:00:45Z" duration="0.000249" asserts="2" />
              <test-case id="1035" name="TestParser(&quot;cat=='Urgent,+-!'&quot;,&quot;&lt;cat&gt;Urgent,+-!&lt;/cat&gt;&quot;)" fullname="NUnit.Common.Tests.TestSelectionParserTests.TestParser(&quot;cat=='Urgent,+-!'&quot;,&quot;&lt;cat&gt;Urgent,+-!&lt;/cat&gt;&quot;)" methodname="TestParser" classname="NUnit.Common.Tests.TestSelectionParserTests" runstate="Runnable" seed="332740567" result="Passed" start-time="2018-10-06 20:00:45Z" end-time="2018-10-06 20:00:45Z" duration="0.000915" asserts="2" />
              <test-case id="1036" name="TestParser(&quot;cat!=Urgent&quot;,&quot;&lt;not&gt;&lt;cat&gt;Urgent&lt;/cat&gt;&lt;/not&gt;&quot;)" fullname="NUnit.Common.Tests.TestSelectionParserTests.TestParser(&quot;cat!=Urgent&quot;,&quot;&lt;not&gt;&lt;cat&gt;Urgent&lt;/cat&gt;&lt;/not&gt;&quot;)" methodname="TestParser" classname="NUnit.Common.Tests.TestSelectionParserTests" runstate="Runnable" seed="401092259" result="Passed" start-time="2018-10-06 20:00:45Z" end-time="2018-10-06 20:00:45Z" duration="0.000218" asserts="2" />
              <test-case id="1037" name="TestParser(&quot;cat!='Urgent,+-!'&quot;,&quot;&lt;not&gt;&lt;cat&gt;Urgent,+-!&lt;/cat&gt;&lt;/not&gt;&quot;)" fullname="NUnit.Common.Tests.TestSelectionParserTests.TestParser(&quot;cat!='Urgent,+-!'&quot;,&quot;&lt;not&gt;&lt;cat&gt;Urgent,+-!&lt;/cat&gt;&lt;/not&gt;&quot;)" methodname="TestParser" classname="NUnit.Common.Tests.TestSelectionParserTests" runstate="Runnable" seed="695271875" result="Passed" start-time="2018-10-06 20:00:45Z" end-time="2018-10-06 20:00:45Z" duration="0.000224" asserts="2" />
              <test-case id="1038" name="TestParser(&quot;cat =~ Urgent&quot;,&quot;&lt;cat re='1'&gt;Urgent&lt;/cat&gt;&quot;)" fullname="NUnit.Common.Tests.TestSelectionParserTests.TestParser(&quot;cat =~ Urgent&quot;,&quot;&lt;cat re='1'&gt;Urgent&lt;/cat&gt;&quot;)" methodname="TestParser" classname="NUnit.Common.Tests.TestSelectionParserTests" runstate="Runnable" seed="515952141" result="Passed" start-time="2018-10-06 20:00:45Z" end-time="2018-10-06 20:00:45Z" duration="0.000485" asserts="2" />
              <test-case id="1039" name="TestParser(&quot;cat =~ 'Urgent,+-!'&quot;,&quot;&lt;cat re='1'&gt;Urgent,+-!&lt;/cat&gt;&quot;)" fullname="NUnit.Common.Tests.TestSelectionParserTests.TestParser(&quot;cat =~ 'Urgent,+-!'&quot;,&quot;&lt;cat re='1'&gt;Urgent,+-!&lt;/cat&gt;&quot;)" methodname="TestParser" classname="NUnit.Common.Tests.TestSelectionParserTests" runstate="Runnable" seed="1416055627" result="Passed" start-time="2018-10-06 20:00:45Z" end-time="2018-10-06 20:00:45Z" duration="0.000290" asserts="2" />
              <test-case id="1040" name="TestParser(&quot;cat =~ 'Urgent,\\+-!'&quot;,&quot;&lt;cat re='1'&gt;Urgent,+-!&lt;/cat&gt;&quot;)" fullname="NUnit.Common.Tests.TestSelectionParserTests.TestParser(&quot;cat =~ 'Urgent,\\+-!'&quot;,&quot;&lt;cat re='1'&gt;Urgent,+-!&lt;/cat&gt;&quot;)" methodname="TestParser" classname="NUnit.Common.Tests.TestSelectionParserTests" runstate="Runnable" seed="1806823208" result="Passed" start-time="2018-10-06 20:00:45Z" end-time="2018-10-06 20:00:45Z" duration="0.000447" asserts="2" />
              <test-case id="1041" name="TestParser(&quot;cat =~ 'Urgent,\\\\+-!'&quot;,&quot;&lt;cat re='1'&gt;Urgent,\\+-!&lt;/cat&gt;&quot;)" fullname="NUnit.Common.Tests.TestSelectionParserTests.TestParser(&quot;cat =~ 'Urgent,\\\\+-!'&quot;,&quot;&lt;cat re='1'&gt;Urgent,\\+-!&lt;/cat&gt;&quot;)" methodname="TestParser" classname="NUnit.Common.Tests.TestSelectionParserTests" runstate="Runnable" seed="1187815914" result="Passed" start-time="2018-10-06 20:00:45Z" end-time="2018-10-06 20:00:45Z" duration="0.000247" asserts="2" />
              <test-case id="1042" name="TestParser(&quot;cat !~ Urgent&quot;,&quot;&lt;not&gt;&lt;cat re='1'&gt;Urgent&lt;/cat&gt;&lt;/not&gt;&quot;)" fullname="NUnit.Common.Tests.TestSelectionParserTests.TestParser(&quot;cat !~ Urgent&quot;,&quot;&lt;not&gt;&lt;cat re='1'&gt;Urgent&lt;/cat&gt;&lt;/not&gt;&quot;)" methodname="TestParser" classname="NUnit.Common.Tests.TestSelectionParserTests" runstate="Runnable" seed="451074026" result="Passed" start-time="2018-10-06 20:00:45Z" end-time="2018-10-06 20:00:45Z" duration="0.000240" asserts="2" />
              <test-case id="1043" name="TestParser(&quot;cat !~ 'Urgent,+-!'&quot;,&quot;&lt;not&gt;&lt;cat re='1'&gt;Urgent,+-!&lt;/cat&gt;&lt;/not&gt;&quot;)" fullname="NUnit.Common.Tests.TestSelectionParserTests.TestParser(&quot;cat !~ 'Urgent,+-!'&quot;,&quot;&lt;not&gt;&lt;cat re='1'&gt;Urgent,+-!&lt;/cat&gt;&lt;/not&gt;&quot;)" methodname="TestParser" classname="NUnit.Common.Tests.TestSelectionParserTests" runstate="Runnable" seed="1989272130" result="Passed" start-time="2018-10-06 20:00:45Z" end-time="2018-10-06 20:00:45Z" duration="0.000248" asserts="2" />
              <test-case id="1044" name="TestParser(&quot;cat !~ 'Urgent,\\+-!'&quot;,&quot;&lt;not&gt;&lt;cat re='1'&gt;Urgent,+-!&lt;/cat&gt;&lt;/not&gt;&quot;)" fullname="NUnit.Common.Tests.TestSelectionParserTests.TestParser(&quot;cat !~ 'Urgent,\\+-!'&quot;,&quot;&lt;not&gt;&lt;cat re='1'&gt;Urgent,+-!&lt;/cat&gt;&lt;/not&gt;&quot;)" methodname="TestParser" classname="NUnit.Common.Tests.TestSelectionParserTests" runstate="Runnable" seed="1821825609" result="Passed" start-time="2018-10-06 20:00:45Z" end-time="2018-10-06 20:00:45Z" duration="0.000213" asserts="2" />
              <test-case id="1045" name="TestParser(&quot;cat !~ 'Urgent,\\\\+-!'&quot;,&quot;&lt;not&gt;&lt;cat re='1'&gt;Urgent,\\+-!&lt;/cat&gt;&lt;/not&gt;&quot;)" fullname="NUnit.Common.Tests.TestSelectionParserTests.TestParser(&quot;cat !~ 'Urgent,\\\\+-!'&quot;,&quot;&lt;not&gt;&lt;cat re='1'&gt;Urgent,\\+-!&lt;/cat&gt;&lt;/not&gt;&quot;)" methodname="TestParser" classname="NUnit.Common.Tests.TestSelectionParserTests" runstate="Runnable" seed="795915945" result="Passed" start-time="2018-10-06 20:00:45Z" end-time="2018-10-06 20:00:45Z" duration="0.000230" asserts="2" />
              <test-case id="1046" name="TestParser(&quot;cat = Urgent || cat = High&quot;,&quot;&lt;or&gt;&lt;cat&gt;Urgent&lt;/cat&gt;&lt;cat&gt;High&lt;/cat&gt;&lt;/or&gt;&quot;)" fullname="NUnit.Common.Tests.TestSelectionParserTests.TestParser(&quot;cat = Urgent || cat = High&quot;,&quot;&lt;or&gt;&lt;cat&gt;Urgent&lt;/cat&gt;&lt;cat&gt;High&lt;/cat&gt;&lt;/or&gt;&quot;)" methodname="TestParser" classname="NUnit.Common.Tests.TestSelectionParserTests" runstate="Runnable" seed="100823059" result="Passed" start-time="2018-10-06 20:00:45Z" end-time="2018-10-06 20:00:45Z" duration="0.000226" asserts="2" />
              <test-case id="1047" name="TestParser(&quot;Priority == High&quot;,&quot;&lt;prop name='Priority'&gt;High&lt;/prop&gt;&quot;)" fullname="NUnit.Common.Tests.TestSelectionParserTests.TestParser(&quot;Priority == High&quot;,&quot;&lt;prop name='Priority'&gt;High&lt;/prop&gt;&quot;)" methodname="TestParser" classname="NUnit.Common.Tests.TestSelectionParserTests" runstate="Runnable" seed="1903637094" result="Passed" start-time="2018-10-06 20:00:45Z" end-time="2018-10-06 20:00:45Z" duration="0.001508" asserts="2" />
              <test-case id="1048" name="TestParser(&quot;Priority != Urgent&quot;,&quot;&lt;not&gt;&lt;prop name='Priority'&gt;Urgent&lt;/prop&gt;&lt;/not&gt;&quot;)" fullname="NUnit.Common.Tests.TestSelectionParserTests.TestParser(&quot;Priority != Urgent&quot;,&quot;&lt;not&gt;&lt;prop name='Priority'&gt;Urgent&lt;/prop&gt;&lt;/not&gt;&quot;)" methodname="TestParser" classname="NUnit.Common.Tests.TestSelectionParserTests" runstate="Runnable" seed="938414957" result="Passed" start-time="2018-10-06 20:00:45Z" end-time="2018-10-06 20:00:45Z" duration="0.008542" asserts="2" />
              <test-case id="1049" name="TestParser(&quot;Author =~ Jones&quot;,&quot;&lt;prop name='Author' re='1'&gt;Jones&lt;/prop&gt;&quot;)" fullname="NUnit.Common.Tests.TestSelectionParserTests.TestParser(&quot;Author =~ Jones&quot;,&quot;&lt;prop name='Author' re='1'&gt;Jones&lt;/prop&gt;&quot;)" methodname="TestParser" classname="NUnit.Common.Tests.TestSelectionParserTests" runstate="Runnable" seed="587377647" result="Passed" start-time="2018-10-06 20:00:45Z" end-time="2018-10-06 20:00:45Z" duration="0.000278" asserts="2" />
              <test-case id="1050" name="TestParser(&quot;Author !~ Jones&quot;,&quot;&lt;not&gt;&lt;prop name='Author' re='1'&gt;Jones&lt;/prop&gt;&lt;/not&gt;&quot;)" fullname="NUnit.Common.Tests.TestSelectionParserTests.TestParser(&quot;Author !~ Jones&quot;,&quot;&lt;not&gt;&lt;prop name='Author' re='1'&gt;Jones&lt;/prop&gt;&lt;/not&gt;&quot;)" methodname="TestParser" classname="NUnit.Common.Tests.TestSelectionParserTests" runstate="Runnable" seed="2119596544" result="Passed" start-time="2018-10-06 20:00:45Z" end-time="2018-10-06 20:00:45Z" duration="0.000215" asserts="2" />
              <test-case id="1051" name="TestParser(&quot;name='SomeTest'&quot;,&quot;&lt;name&gt;SomeTest&lt;/name&gt;&quot;)" fullname="NUnit.Common.Tests.TestSelectionParserTests.TestParser(&quot;name='SomeTest'&quot;,&quot;&lt;name&gt;SomeTest&lt;/name&gt;&quot;)" methodname="TestParser" classname="NUnit.Common.Tests.TestSelectionParserTests" runstate="Runnable" seed="724656730" result="Passed" start-time="2018-10-06 20:00:45Z" end-time="2018-10-06 20:00:45Z" duration="0.000277" asserts="2" />
              <test-case id="1052" name="TestParser(&quot;method=TestMethod&quot;,&quot;&lt;method&gt;TestMethod&lt;/method&gt;&quot;)" fullname="NUnit.Common.Tests.TestSelectionParserTests.TestParser(&quot;method=TestMethod&quot;,&quot;&lt;method&gt;TestMethod&lt;/method&gt;&quot;)" methodname="TestParser" classname="NUnit.Common.Tests.TestSelectionParserTests" runstate="Runnable" seed="1474261083" result="Passed" start-time="2018-10-06 20:00:45Z" end-time="2018-10-06 20:00:45Z" duration="0.000244" asserts="2" />
              <test-case id="1053" name="TestParser(&quot;method=Test1||method=Test2||method=Test3&quot;,&quot;&lt;or&gt;&lt;method&gt;Test1&lt;/method&gt;&lt;method&gt;Test2&lt;/method&gt;&lt;method&gt;Test3&lt;/method&gt;&lt;/or&gt;&quot;)" fullname="NUnit.Common.Tests.TestSelectionParserTests.TestParser(&quot;method=Test1||method=Test2||method=Test3&quot;,&quot;&lt;or&gt;&lt;method&gt;Test1&lt;/method&gt;&lt;method&gt;Test2&lt;/method&gt;&lt;method&gt;Test3&lt;/method&gt;&lt;/or&gt;&quot;)" methodname="TestParser" classname="NUnit.Common.Tests.TestSelectionParserTests" runstate="Runnable" seed="2095476418" result="Passed" start-time="2018-10-06 20:00:45Z" end-time="2018-10-06 20:00:45Z" duration="0.000253" asserts="2" />
              <test-case id="1054" name="TestParser(&quot;test='My.Test.Fixture.Method(42)'&quot;,&quot;&lt;test&gt;My.Test.Fixture.Method(42)&lt;/test&gt;&quot;)" fullname="NUnit.Common.Tests.TestSelectionParserTests.TestParser(&quot;test='My.Test.Fixture.Method(42)'&quot;,&quot;&lt;test&gt;My.Test.Fixture.Method(42)&lt;/test&gt;&quot;)" methodname="TestParser" classname="NUnit.Common.Tests.TestSelectionParserTests" runstate="Runnable" seed="955938213" result="Passed" start-time="2018-10-06 20:00:45Z" end-time="2018-10-06 20:00:45Z" duration="0.000262" asserts="2" />
              <test-case id="1055" name="TestParser(&quot;test='My.Test.Fixture.Method(\&quot;xyz\&quot;)'&quot;,&quot;&lt;test&gt;My.Test.Fixture.Method(&amp;quot;xyz&amp;quot;)&lt;/test&gt;&quot;)" fullname="NUnit.Common.Tests.TestSelectionParserTests.TestParser(&quot;test='My.Test.Fixture.Method(\&quot;xyz\&quot;)'&quot;,&quot;&lt;test&gt;My.Test.Fixture.Method(&amp;quot;xyz&amp;quot;)&lt;/test&gt;&quot;)" methodname="TestParser" classname="NUnit.Common.Tests.TestSelectionParserTests" runstate="Runnable" seed="2005296763" result="Passed" start-time="2018-10-06 20:00:45Z" end-time="2018-10-06 20:00:45Z" duration="0.000326" asserts="2" />
              <test-case id="1056" name="TestParser(&quot;test='My.Test.Fixture.Method(\&quot;abc\\'s\&quot;)'&quot;,&quot;&lt;test&gt;My.Test.Fixture.Method(&amp;quot;abc&amp;apos;s&amp;quot;)&lt;/test&gt;&quot;)" fullname="NUnit.Common.Tests.TestSelectionParserTests.TestParser(&quot;test='My.Test.Fixture.Method(\&quot;abc\\'s\&quot;)'&quot;,&quot;&lt;test&gt;My.Test.Fixture.Method(&amp;quot;abc&amp;apos;s&amp;quot;)&lt;/test&gt;&quot;)" methodname="TestParser" classname="NUnit.Common.Tests.TestSelectionParserTests" runstate="Runnable" seed="1197324070" result="Passed" start-time="2018-10-06 20:00:45Z" end-time="2018-10-06 20:00:45Z" duration="0.000186" asserts="2" />
              <test-case id="1057" name="TestParser(&quot;test='My.Test.Fixture.Method(\&quot;x&amp;y&amp;z\&quot;)'&quot;,&quot;&lt;test&gt;My.Test.Fixture.Method(&amp;quot;x&amp;amp;y&amp;amp;z&amp;quot;)&lt;/test&gt;&quot;)" fullname="NUnit.Common.Tests.TestSelectionParserTests.TestParser(&quot;test='My.Test.Fixture.Method(\&quot;x&amp;y&amp;z\&quot;)'&quot;,&quot;&lt;test&gt;My.Test.Fixture.Method(&amp;quot;x&amp;amp;y&amp;amp;z&amp;quot;)&lt;/test&gt;&quot;)" methodname="TestParser" classname="NUnit.Common.Tests.TestSelectionParserTests" runstate="Runnable" seed="1810057410" result="Passed" start-time="2018-10-06 20:00:45Z" end-time="2018-10-06 20:00:45Z" duration="0.000208" asserts="2" />
              <test-case id="1058" name="TestParser(&quot;test='My.Test.Fixture.Method(\&quot;&lt;xyz&gt;\&quot;)'&quot;,&quot;&lt;test&gt;My.Test.Fixture.Method(&amp;quot;&amp;lt;xyz&amp;gt;&amp;quot;)&lt;/test&gt;&quot;)" fullname="NUnit.Common.Tests.TestSelectionParserTests.TestParser(&quot;test='My.Test.Fixture.Method(\&quot;&lt;xyz&gt;\&quot;)'&quot;,&quot;&lt;test&gt;My.Test.Fixture.Method(&amp;quot;&amp;lt;xyz&amp;gt;&amp;quot;)&lt;/test&gt;&quot;)" methodname="TestParser" classname="NUnit.Common.Tests.TestSelectionParserTests" runstate="Runnable" seed="1774346995" result="Passed" start-time="2018-10-06 20:00:45Z" end-time="2018-10-06 20:00:45Z" duration="0.000265" asserts="2" />
              <test-case id="1059" name="TestParser(&quot;cat==Urgent &amp;&amp; test=='My.Tests'&quot;,&quot;&lt;and&gt;&lt;cat&gt;Urgent&lt;/cat&gt;&lt;test&gt;My.Tests&lt;/test&gt;&lt;/and&gt;&quot;)" fullname="NUnit.Common.Tests.TestSelectionParserTests.TestParser(&quot;cat==Urgent &amp;&amp; test=='My.Tests'&quot;,&quot;&lt;and&gt;&lt;cat&gt;Urgent&lt;/cat&gt;&lt;test&gt;My.Tests&lt;/test&gt;&lt;/and&gt;&quot;)" methodname="TestParser" classname="NUnit.Common.Tests.TestSelectionParserTests" runstate="Runnable" seed="1041880138" result="Passed" start-time="2018-10-06 20:00:45Z" end-time="2018-10-06 20:00:45Z" duration="0.000263" asserts="2" />
              <test-case id="1060" name="TestParser(&quot;cat==Urgent and test=='My.Tests'&quot;,&quot;&lt;and&gt;&lt;cat&gt;Urgent&lt;/cat&gt;&lt;test&gt;My.Tests&lt;/test&gt;&lt;/and&gt;&quot;)" fullname="NUnit.Common.Tests.TestSelectionParserTests.TestParser(&quot;cat==Urgent and test=='My.Tests'&quot;,&quot;&lt;and&gt;&lt;cat&gt;Urgent&lt;/cat&gt;&lt;test&gt;My.Tests&lt;/test&gt;&lt;/and&gt;&quot;)" methodname="TestParser" classname="NUnit.Common.Tests.TestSelectionParserTests" runstate="Runnable" seed="1393388557" result="Passed" start-time="2018-10-06 20:00:45Z" end-time="2018-10-06 20:00:45Z" duration="0.000307" asserts="2" />
              <test-case id="1061" name="TestParser(&quot;cat==Urgent || test=='My.Tests'&quot;,&quot;&lt;or&gt;&lt;cat&gt;Urgent&lt;/cat&gt;&lt;test&gt;My.Tests&lt;/test&gt;&lt;/or&gt;&quot;)" fullname="NUnit.Common.Tests.TestSelectionParserTests.TestParser(&quot;cat==Urgent || test=='My.Tests'&quot;,&quot;&lt;or&gt;&lt;cat&gt;Urgent&lt;/cat&gt;&lt;test&gt;My.Tests&lt;/test&gt;&lt;/or&gt;&quot;)" methodname="TestParser" classname="NUnit.Common.Tests.TestSelectionParserTests" runstate="Runnable" seed="649527863" result="Passed" start-time="2018-10-06 20:00:45Z" end-time="2018-10-06 20:00:45Z" duration="0.000272" asserts="2" />
              <test-case id="1062" name="TestParser(&quot;cat==Urgent or test=='My.Tests'&quot;,&quot;&lt;or&gt;&lt;cat&gt;Urgent&lt;/cat&gt;&lt;test&gt;My.Tests&lt;/test&gt;&lt;/or&gt;&quot;)" fullname="NUnit.Common.Tests.TestSelectionParserTests.TestParser(&quot;cat==Urgent or test=='My.Tests'&quot;,&quot;&lt;or&gt;&lt;cat&gt;Urgent&lt;/cat&gt;&lt;test&gt;My.Tests&lt;/test&gt;&lt;/or&gt;&quot;)" methodname="TestParser" classname="NUnit.Common.Tests.TestSelectionParserTests" runstate="Runnable" seed="1541374434" result="Passed" start-time="2018-10-06 20:00:45Z" end-time="2018-10-06 20:00:45Z" duration="0.000252" asserts="2" />
              <test-case id="1063" name="TestParser(&quot;cat==Urgent || test=='My.Tests' &amp;&amp; cat == high&quot;,&quot;&lt;or&gt;&lt;cat&gt;Urgent&lt;/cat&gt;&lt;and&gt;&lt;test&gt;My.Tests&lt;/test&gt;&lt;cat&gt;high&lt;/cat&gt;&lt;/and&gt;&lt;/or&gt;&quot;)" fullname="NUnit.Common.Tests.TestSelectionParserTests.TestParser(&quot;cat==Urgent || test=='My.Tests' &amp;&amp; cat == high&quot;,&quot;&lt;or&gt;&lt;cat&gt;Urgent&lt;/cat&gt;&lt;and&gt;&lt;test&gt;My.Tests&lt;/test&gt;&lt;cat&gt;high&lt;/cat&gt;&lt;/and&gt;&lt;/or&gt;&quot;)" methodname="TestParser" classname="NUnit.Common.Tests.TestSelectionParserTests" runstate="Runnable" seed="817899044" result="Passed" start-time="2018-10-06 20:00:45Z" end-time="2018-10-06 20:00:45Z" duration="0.000257" asserts="2" />
              <test-case id="1064" name="TestParser(&quot;cat==Urgent &amp;&amp; test=='My.Tests' || cat == high&quot;,&quot;&lt;or&gt;&lt;and&gt;&lt;cat&gt;Urgent&lt;/cat&gt;&lt;test&gt;My.Tests&lt;/test&gt;&lt;/and&gt;&lt;cat&gt;high&lt;/cat&gt;&lt;/or&gt;&quot;)" fullname="NUnit.Common.Tests.TestSelectionParserTests.TestParser(&quot;cat==Urgent &amp;&amp; test=='My.Tests' || cat == high&quot;,&quot;&lt;or&gt;&lt;and&gt;&lt;cat&gt;Urgent&lt;/cat&gt;&lt;test&gt;My.Tests&lt;/test&gt;&lt;/and&gt;&lt;cat&gt;high&lt;/cat&gt;&lt;/or&gt;&quot;)" methodname="TestParser" classname="NUnit.Common.Tests.TestSelectionParserTests" runstate="Runnable" seed="1644468537" result="Passed" start-time="2018-10-06 20:00:45Z" end-time="2018-10-06 20:00:45Z" duration="0.000221" asserts="2" />
              <test-case id="1065" name="TestParser(&quot;cat==Urgent &amp;&amp; (test=='My.Tests' || cat == high)&quot;,&quot;&lt;and&gt;&lt;cat&gt;Urgent&lt;/cat&gt;&lt;or&gt;&lt;test&gt;My.Tests&lt;/test&gt;&lt;cat&gt;high&lt;/cat&gt;&lt;/or&gt;&lt;/and&gt;&quot;)" fullname="NUnit.Common.Tests.TestSelectionParserTests.TestParser(&quot;cat==Urgent &amp;&amp; (test=='My.Tests' || cat == high)&quot;,&quot;&lt;and&gt;&lt;cat&gt;Urgent&lt;/cat&gt;&lt;or&gt;&lt;test&gt;My.Tests&lt;/test&gt;&lt;cat&gt;high&lt;/cat&gt;&lt;/or&gt;&lt;/and&gt;&quot;)" methodname="TestParser" classname="NUnit.Common.Tests.TestSelectionParserTests" runstate="Runnable" seed="1870625017" result="Passed" start-time="2018-10-06 20:00:45Z" end-time="2018-10-06 20:00:45Z" duration="0.000942" asserts="2" />
              <test-case id="1066" name="TestParser(&quot;cat==Urgent &amp;&amp; !(test=='My.Tests' || cat == high)&quot;,&quot;&lt;and&gt;&lt;cat&gt;Urgent&lt;/cat&gt;&lt;not&gt;&lt;or&gt;&lt;test&gt;My.Tests&lt;/test&gt;&lt;cat&gt;high&lt;/cat&gt;&lt;/or&gt;&lt;/not&gt;&lt;/and&gt;&quot;)" fullname="NUnit.Common.Tests.TestSelectionParserTests.TestParser(&quot;cat==Urgent &amp;&amp; !(test=='My.Tests' || cat == high)&quot;,&quot;&lt;and&gt;&lt;cat&gt;Urgent&lt;/cat&gt;&lt;not&gt;&lt;or&gt;&lt;test&gt;My.Tests&lt;/test&gt;&lt;cat&gt;high&lt;/cat&gt;&lt;/or&gt;&lt;/not&gt;&lt;/and&gt;&quot;)" methodname="TestParser" classname="NUnit.Common.Tests.TestSelectionParserTests" runstate="Runnable" seed="2053150312" result="Passed" start-time="2018-10-06 20:00:45Z" end-time="2018-10-06 20:00:45Z" duration="0.000487" asserts="2" />
            </test-suite>
            <test-suite type="ParameterizedMethod" id="1072" name="TestParser_InvalidInput" fullname="NUnit.Common.Tests.TestSelectionParserTests.TestParser_InvalidInput" classname="NUnit.Common.Tests.TestSelectionParserTests" runstate="Runnable" testcasecount="4" result="Passed" start-time="2018-10-06 20:00:45Z" end-time="2018-10-06 20:00:45Z" duration="0.010277" total="4" passed="4" failed="0" warnings="0" inconclusive="0" skipped="0" asserts="4">
              <test-case id="1068" name="TestParser_InvalidInput(null,System.ArgumentNullException)" fullname="NUnit.Common.Tests.TestSelectionParserTests.TestParser_InvalidInput(null,System.ArgumentNullException)" methodname="TestParser_InvalidInput" classname="NUnit.Common.Tests.TestSelectionParserTests" runstate="Runnable" seed="1453182855" result="Passed" start-time="2018-10-06 20:00:45Z" end-time="2018-10-06 20:00:45Z" duration="0.002407" asserts="1" />
              <test-case id="1069" name="TestParser_InvalidInput(&quot;&quot;,NUnit.Common.TestSelectionParserException)" fullname="NUnit.Common.Tests.TestSelectionParserTests.TestParser_InvalidInput(&quot;&quot;,NUnit.Common.TestSelectionParserException)" methodname="TestParser_InvalidInput" classname="NUnit.Common.Tests.TestSelectionParserTests" runstate="Runnable" seed="1858595581" result="Passed" start-time="2018-10-06 20:00:45Z" end-time="2018-10-06 20:00:45Z" duration="0.000544" asserts="1" />
              <test-case id="1070" name="TestParser_InvalidInput(&quot;   &quot;,NUnit.Common.TestSelectionParserException)" fullname="NUnit.Common.Tests.TestSelectionParserTests.TestParser_InvalidInput(&quot;   &quot;,NUnit.Common.TestSelectionParserException)" methodname="TestParser_InvalidInput" classname="NUnit.Common.Tests.TestSelectionParserTests" runstate="Runnable" seed="1749954258" result="Passed" start-time="2018-10-06 20:00:45Z" end-time="2018-10-06 20:00:45Z" duration="0.000237" asserts="1" />
              <test-case id="1071" name="TestParser_InvalidInput(&quot;  \t\t &quot;,NUnit.Common.TestSelectionParserException)" fullname="NUnit.Common.Tests.TestSelectionParserTests.TestParser_InvalidInput(&quot;  \t\t &quot;,NUnit.Common.TestSelectionParserException)" methodname="TestParser_InvalidInput" classname="NUnit.Common.Tests.TestSelectionParserTests" runstate="Runnable" seed="2131371264" result="Passed" start-time="2018-10-06 20:00:45Z" end-time="2018-10-06 20:00:45Z" duration="0.000153" asserts="1" />
            </test-suite>
          </test-suite>
        </test-suite>
      </test-suite>
    </test-suite>
    <test-suite type="TestSuite" id="1405" name="NUnitLite" fullname="NUnitLite" runstate="Runnable" testcasecount="277" result="Skipped" label="Ignored" site="Child" start-time="2018-10-06 20:00:45Z" end-time="2018-10-06 20:00:45Z" duration="0.315071" total="277" passed="276" failed="0" warnings="0" inconclusive="0" skipped="1" asserts="533">
      <reason>
        <message><![CDATA[One or more child tests were ignored]]></message>
      </reason>
      <test-suite type="TestSuite" id="1406" name="Tests" fullname="NUnitLite.Tests" runstate="Runnable" testcasecount="277" result="Skipped" label="Ignored" site="Child" start-time="2018-10-06 20:00:45Z" end-time="2018-10-06 20:00:45Z" duration="0.315050" total="277" passed="276" failed="0" warnings="0" inconclusive="0" skipped="1" asserts="533">
        <reason>
          <message><![CDATA[One or more child tests were ignored]]></message>
        </reason>
        <test-suite type="TestFixture" id="1224" name="MakeRunSettingsTests" fullname="NUnitLite.Tests.MakeRunSettingsTests" classname="NUnitLite.Tests.MakeRunSettingsTests" runstate="Runnable" testcasecount="8" result="Passed" start-time="2018-10-06 20:00:45Z" end-time="2018-10-06 20:00:45Z" duration="0.030910" total="8" passed="8" failed="0" warnings="0" inconclusive="0" skipped="0" asserts="16">
          <test-suite type="ParameterizedMethod" id="1233" name="CheckSetting" fullname="NUnitLite.Tests.MakeRunSettingsTests.CheckSetting" classname="NUnitLite.Tests.MakeRunSettingsTests" runstate="Runnable" testcasecount="8" result="Passed" start-time="2018-10-06 20:00:45Z" end-time="2018-10-06 20:00:45Z" duration="0.030445" total="8" passed="8" failed="0" warnings="0" inconclusive="0" skipped="0" asserts="16">
            <test-case id="1225" name="CheckSetting(&quot;--timeout=50&quot;,&quot;DefaultTimeout&quot;,50)" fullname="NUnitLite.Tests.MakeRunSettingsTests.CheckSetting(&quot;--timeout=50&quot;,&quot;DefaultTimeout&quot;,50)" methodname="CheckSetting" classname="NUnitLite.Tests.MakeRunSettingsTests" runstate="Runnable" seed="1981977723" result="Passed" start-time="2018-10-06 20:00:45Z" end-time="2018-10-06 20:00:45Z" duration="0.010467" asserts="2" />
            <test-case id="1226" name="CheckSetting(&quot;--work=results&quot;,&quot;WorkDirectory&quot;,&quot;C:\\src\\nunit\\nunit\\bin\\Release\\net35\\results&quot;)" fullname="NUnitLite.Tests.MakeRunSettingsTests.CheckSetting(&quot;--work=results&quot;,&quot;WorkDirectory&quot;,&quot;C:\\src\\nunit\\nunit\\bin\\Release\\net35\\results&quot;)" methodname="CheckSetting" classname="NUnitLite.Tests.MakeRunSettingsTests" runstate="Runnable" seed="1954837225" result="Passed" start-time="2018-10-06 20:00:45Z" end-time="2018-10-06 20:00:45Z" duration="0.000774" asserts="2" />
            <test-case id="1227" name="CheckSetting(&quot;--seed=1234&quot;,&quot;RandomSeed&quot;,1234)" fullname="NUnitLite.Tests.MakeRunSettingsTests.CheckSetting(&quot;--seed=1234&quot;,&quot;RandomSeed&quot;,1234)" methodname="CheckSetting" classname="NUnitLite.Tests.MakeRunSettingsTests" runstate="Runnable" seed="2074030176" result="Passed" start-time="2018-10-06 20:00:45Z" end-time="2018-10-06 20:00:45Z" duration="0.000465" asserts="2" />
            <test-case id="1228" name="CheckSetting(&quot;--workers=8&quot;,&quot;NumberOfTestWorkers&quot;,8)" fullname="NUnitLite.Tests.MakeRunSettingsTests.CheckSetting(&quot;--workers=8&quot;,&quot;NumberOfTestWorkers&quot;,8)" methodname="CheckSetting" classname="NUnitLite.Tests.MakeRunSettingsTests" runstate="Runnable" seed="1660077358" result="Passed" start-time="2018-10-06 20:00:45Z" end-time="2018-10-06 20:00:45Z" duration="0.000386" asserts="2" />
            <test-case id="1229" name="CheckSetting(&quot;--prefilter=A.B.C&quot;,&quot;LOAD&quot;,[&quot;A.B.C&quot;])" fullname="NUnitLite.Tests.MakeRunSettingsTests.CheckSetting(&quot;--prefilter=A.B.C&quot;,&quot;LOAD&quot;,[&quot;A.B.C&quot;])" methodname="CheckSetting" classname="NUnitLite.Tests.MakeRunSettingsTests" runstate="Runnable" seed="695474664" result="Passed" start-time="2018-10-06 20:00:45Z" end-time="2018-10-06 20:00:45Z" duration="0.014570" asserts="2" />
            <test-case id="1230" name="CheckSetting(&quot;--test=A.B.C&quot;,&quot;LOAD&quot;,[&quot;A.B.C&quot;])" fullname="NUnitLite.Tests.MakeRunSettingsTests.CheckSetting(&quot;--test=A.B.C&quot;,&quot;LOAD&quot;,[&quot;A.B.C&quot;])" methodname="CheckSetting" classname="NUnitLite.Tests.MakeRunSettingsTests" runstate="Runnable" seed="2051289719" result="Passed" start-time="2018-10-06 20:00:45Z" end-time="2018-10-06 20:00:45Z" duration="0.000226" asserts="2" />
            <test-case id="1231" name="CheckSetting(&quot;--test=A.B.C(arg)&quot;,&quot;LOAD&quot;,[&quot;A.B.C&quot;])" fullname="NUnitLite.Tests.MakeRunSettingsTests.CheckSetting(&quot;--test=A.B.C(arg)&quot;,&quot;LOAD&quot;,[&quot;A.B.C&quot;])" methodname="CheckSetting" classname="NUnitLite.Tests.MakeRunSettingsTests" runstate="Runnable" seed="187823465" result="Passed" start-time="2018-10-06 20:00:45Z" end-time="2018-10-06 20:00:45Z" duration="0.000276" asserts="2" />
            <test-case id="1232" name="CheckSetting(&quot;--test=A.B&lt;type&gt;.C(arg)&quot;,&quot;LOAD&quot;,[&quot;A.B&quot;])" fullname="NUnitLite.Tests.MakeRunSettingsTests.CheckSetting(&quot;--test=A.B&lt;type&gt;.C(arg)&quot;,&quot;LOAD&quot;,[&quot;A.B&quot;])" methodname="CheckSetting" classname="NUnitLite.Tests.MakeRunSettingsTests" runstate="Runnable" seed="768656065" result="Passed" start-time="2018-10-06 20:00:45Z" end-time="2018-10-06 20:00:45Z" duration="0.000202" asserts="2" />
          </test-suite>
        </test-suite>
        <test-suite type="TestFixture" id="1277" name="TeamCityEventListenerTests" fullname="NUnitLite.Tests.TeamCityEventListenerTests" classname="NUnitLite.Tests.TeamCityEventListenerTests" runstate="Runnable" testcasecount="7" result="Passed" start-time="2018-10-06 20:00:45Z" end-time="2018-10-06 20:00:45Z" duration="0.025487" total="7" passed="7" failed="0" warnings="0" inconclusive="0" skipped="0" asserts="7">
          <test-case id="1284" name="TestFinished_Failed" fullname="NUnitLite.Tests.TeamCityEventListenerTests.TestFinished_Failed" methodname="TestFinished_Failed" classname="NUnitLite.Tests.TeamCityEventListenerTests" runstate="Runnable" seed="1348782764" result="Passed" start-time="2018-10-06 20:00:45Z" end-time="2018-10-06 20:00:45Z" duration="0.008227" asserts="1" />
          <test-case id="1283" name="TestFinished_Ignored" fullname="NUnitLite.Tests.TeamCityEventListenerTests.TestFinished_Ignored" methodname="TestFinished_Ignored" classname="NUnitLite.Tests.TeamCityEventListenerTests" runstate="Runnable" seed="1610311977" result="Passed" start-time="2018-10-06 20:00:45Z" end-time="2018-10-06 20:00:45Z" duration="0.001414" asserts="1" />
          <test-case id="1282" name="TestFinished_Inconclusive" fullname="NUnitLite.Tests.TeamCityEventListenerTests.TestFinished_Inconclusive" methodname="TestFinished_Inconclusive" classname="NUnitLite.Tests.TeamCityEventListenerTests" runstate="Runnable" seed="1019385290" result="Passed" start-time="2018-10-06 20:00:45Z" end-time="2018-10-06 20:00:45Z" duration="0.001239" asserts="1" />
          <test-case id="1281" name="TestFinished_Passed" fullname="NUnitLite.Tests.TeamCityEventListenerTests.TestFinished_Passed" methodname="TestFinished_Passed" classname="NUnitLite.Tests.TeamCityEventListenerTests" runstate="Runnable" seed="789000664" result="Passed" start-time="2018-10-06 20:00:45Z" end-time="2018-10-06 20:00:45Z" duration="0.001222" asserts="1" />
          <test-case id="1280" name="TestStarted" fullname="NUnitLite.Tests.TeamCityEventListenerTests.TestStarted" methodname="TestStarted" classname="NUnitLite.Tests.TeamCityEventListenerTests" runstate="Runnable" seed="839776804" result="Passed" start-time="2018-10-06 20:00:45Z" end-time="2018-10-06 20:00:45Z" duration="0.001321" asserts="1" />
          <test-case id="1279" name="TestSuiteFinished" fullname="NUnitLite.Tests.TeamCityEventListenerTests.TestSuiteFinished" methodname="TestSuiteFinished" classname="NUnitLite.Tests.TeamCityEventListenerTests" runstate="Runnable" seed="416344842" result="Passed" start-time="2018-10-06 20:00:45Z" end-time="2018-10-06 20:00:45Z" duration="0.000841" asserts="1" />
          <test-case id="1278" name="TestSuiteStarted" fullname="NUnitLite.Tests.TeamCityEventListenerTests.TestSuiteStarted" methodname="TestSuiteStarted" classname="NUnitLite.Tests.TeamCityEventListenerTests" runstate="Runnable" seed="1958192776" result="Passed" start-time="2018-10-06 20:00:45Z" end-time="2018-10-06 20:00:45Z" duration="0.000736" asserts="1" />
        </test-suite>
        <test-suite type="TestFixture" id="1215" name="CreateTestFilterTests" fullname="NUnitLite.Tests.CreateTestFilterTests" classname="NUnitLite.Tests.CreateTestFilterTests" runstate="Runnable" testcasecount="8" result="Passed" start-time="2018-10-06 20:00:45Z" end-time="2018-10-06 20:00:45Z" duration="0.160148" total="8" passed="8" failed="0" warnings="0" inconclusive="0" skipped="0" asserts="48">
          <test-case id="1216" name="EmptyFilter" fullname="NUnitLite.Tests.CreateTestFilterTests.EmptyFilter" methodname="EmptyFilter" classname="NUnitLite.Tests.CreateTestFilterTests" runstate="Runnable" seed="1767065263" result="Passed" start-time="2018-10-06 20:00:45Z" end-time="2018-10-06 20:00:45Z" duration="0.018690" asserts="1" />
          <test-case id="1217" name="OneTestSelected" fullname="NUnitLite.Tests.CreateTestFilterTests.OneTestSelected" methodname="OneTestSelected" classname="NUnitLite.Tests.CreateTestFilterTests" runstate="Runnable" seed="1696552671" result="Passed" start-time="2018-10-06 20:00:45Z" end-time="2018-10-06 20:00:45Z" duration="0.030759" asserts="2" />
          <test-case id="1220" name="SixTestsFromTwoTestListFiles" fullname="NUnitLite.Tests.CreateTestFilterTests.SixTestsFromTwoTestListFiles" methodname="SixTestsFromTwoTestListFiles" classname="NUnitLite.Tests.CreateTestFilterTests" runstate="Runnable" seed="745899051" result="Passed" start-time="2018-10-06 20:00:45Z" end-time="2018-10-06 20:00:45Z" duration="0.044023" asserts="14" />
          <test-case id="1221" name="TestListFileMissing" fullname="NUnitLite.Tests.CreateTestFilterTests.TestListFileMissing" methodname="TestListFileMissing" classname="NUnitLite.Tests.CreateTestFilterTests" runstate="Runnable" seed="1838567384" result="Passed" start-time="2018-10-06 20:00:45Z" end-time="2018-10-06 20:00:45Z" duration="0.007065" asserts="3" />
          <test-case id="1219" name="ThreeTestsFromATestListFile" fullname="NUnitLite.Tests.CreateTestFilterTests.ThreeTestsFromATestListFile" methodname="ThreeTestsFromATestListFile" classname="NUnitLite.Tests.CreateTestFilterTests" runstate="Runnable" seed="89638419" result="Passed" start-time="2018-10-06 20:00:45Z" end-time="2018-10-06 20:00:45Z" duration="0.005806" asserts="8" />
          <test-case id="1218" name="ThreeTestsSelected" fullname="NUnitLite.Tests.CreateTestFilterTests.ThreeTestsSelected" methodname="ThreeTestsSelected" classname="NUnitLite.Tests.CreateTestFilterTests" runstate="Runnable" seed="907858143" result="Passed" start-time="2018-10-06 20:00:45Z" end-time="2018-10-06 20:00:45Z" duration="0.002789" asserts="8" />
          <test-case id="1223" name="TwoTestsAndWhereClauseSpecified" fullname="NUnitLite.Tests.CreateTestFilterTests.TwoTestsAndWhereClauseSpecified" methodname="TwoTestsAndWhereClauseSpecified" classname="NUnitLite.Tests.CreateTestFilterTests" runstate="Runnable" seed="1815372110" result="Passed" start-time="2018-10-06 20:00:45Z" end-time="2018-10-06 20:00:45Z" duration="0.027295" asserts="10" />
          <test-case id="1222" name="WhereClauseSpecified" fullname="NUnitLite.Tests.CreateTestFilterTests.WhereClauseSpecified" methodname="WhereClauseSpecified" classname="NUnitLite.Tests.CreateTestFilterTests" runstate="Runnable" seed="576921346" result="Passed" start-time="2018-10-06 20:00:45Z" end-time="2018-10-06 20:00:45Z" duration="0.001231" asserts="2" />
        </test-suite>
        <test-suite type="TestFixture" id="1291" name="TextUITests" fullname="NUnitLite.Tests.TextUITests" classname="NUnitLite.Tests.TextUITests" runstate="Runnable" testcasecount="96" result="Passed" start-time="2018-10-06 20:00:45Z" end-time="2018-10-06 20:00:45Z" duration="0.078011" total="96" passed="96" failed="0" warnings="0" inconclusive="0" skipped="0" asserts="96">
          <test-case id="1293" name="DisplayError" fullname="NUnitLite.Tests.TextUITests.DisplayError" methodname="DisplayError" classname="NUnitLite.Tests.TextUITests" runstate="Runnable" seed="991493826" result="Passed" start-time="2018-10-06 20:00:45Z" end-time="2018-10-06 20:00:45Z" duration="0.003113" asserts="1" />
          <test-case id="1294" name="DisplayErrors" fullname="NUnitLite.Tests.TextUITests.DisplayErrors" methodname="DisplayErrors" classname="NUnitLite.Tests.TextUITests" runstate="Runnable" seed="1493577008" result="Passed" start-time="2018-10-06 20:00:45Z" end-time="2018-10-06 20:00:45Z" duration="0.003090" asserts="1" />
          <test-case id="1295" name="DisplayHeader" fullname="NUnitLite.Tests.TextUITests.DisplayHeader" methodname="DisplayHeader" classname="NUnitLite.Tests.TextUITests" runstate="Runnable" seed="600887797" result="Passed" start-time="2018-10-06 20:00:45Z" end-time="2018-10-06 20:00:45Z" duration="0.003415" asserts="1" />
          <test-case id="1297" name="DisplayRuntimeEnvironment" fullname="NUnitLite.Tests.TextUITests.DisplayRuntimeEnvironment" methodname="DisplayRuntimeEnvironment" classname="NUnitLite.Tests.TextUITests" runstate="Runnable" seed="1863738189" result="Passed" start-time="2018-10-06 20:00:45Z" end-time="2018-10-06 20:00:45Z" duration="0.001217" asserts="1" />
          <test-case id="1296" name="DisplayTestFiles" fullname="NUnitLite.Tests.TextUITests.DisplayTestFiles" methodname="DisplayTestFiles" classname="NUnitLite.Tests.TextUITests" runstate="Runnable" seed="504763982" result="Passed" start-time="2018-10-06 20:00:45Z" end-time="2018-10-06 20:00:45Z" duration="0.001498" asserts="1" />
          <test-case id="1292" name="DisplayWarning" fullname="NUnitLite.Tests.TextUITests.DisplayWarning" methodname="DisplayWarning" classname="NUnitLite.Tests.TextUITests" runstate="Runnable" seed="197314285" result="Passed" start-time="2018-10-06 20:00:45Z" end-time="2018-10-06 20:00:45Z" duration="0.001313" asserts="1" />
          <test-suite type="ParameterizedMethod" id="1368" name="ImmediateOutput" fullname="NUnitLite.Tests.TextUITests.ImmediateOutput" classname="NUnitLite.Tests.TextUITests" runstate="Runnable" testcasecount="14" result="Passed" start-time="2018-10-06 20:00:45Z" end-time="2018-10-06 20:00:45Z" duration="0.005451" total="14" passed="14" failed="0" warnings="0" inconclusive="0" skipped="0" asserts="14">
            <test-case id="1354" name="ImmediateOutput(&quot;Off&quot;,[: OUTPUT&#xA;],&quot;OUTPUT\n&quot;)" fullname="NUnitLite.Tests.TextUITests.ImmediateOutput(&quot;Off&quot;,[: OUTPUT&#xA;],&quot;OUTPUT\n&quot;)" methodname="ImmediateOutput" classname="NUnitLite.Tests.TextUITests" runstate="Runnable" seed="698609933" result="Passed" start-time="2018-10-06 20:00:45Z" end-time="2018-10-06 20:00:45Z" duration="0.002030" asserts="1" />
            <test-case id="1355" name="ImmediateOutput(&quot;On&quot;,[: OUTPUT&#xA;],&quot;=&gt; SomeMethod\nOUTPUT\n&quot;)" fullname="NUnitLite.Tests.TextUITests.ImmediateOutput(&quot;On&quot;,[: OUTPUT&#xA;],&quot;=&gt; SomeMethod\nOUTPUT\n&quot;)" methodname="ImmediateOutput" classname="NUnitLite.Tests.TextUITests" runstate="Runnable" seed="853511148" result="Passed" start-time="2018-10-06 20:00:45Z" end-time="2018-10-06 20:00:45Z" duration="0.000185" asserts="1" />
            <test-case id="1356" name="ImmediateOutput(&quot;All&quot;,[: OUTPUT&#xA;],&quot;=&gt; SomeMethod\nOUTPUT\n&quot;)" fullname="NUnitLite.Tests.TextUITests.ImmediateOutput(&quot;All&quot;,[: OUTPUT&#xA;],&quot;=&gt; SomeMethod\nOUTPUT\n&quot;)" methodname="ImmediateOutput" classname="NUnitLite.Tests.TextUITests" runstate="Runnable" seed="1614787672" result="Passed" start-time="2018-10-06 20:00:45Z" end-time="2018-10-06 20:00:45Z" duration="0.000164" asserts="1" />
            <test-case id="1357" name="ImmediateOutput(&quot;Before&quot;,[: OUTPUT&#xA;],&quot;=&gt; SomeMethod\nOUTPUT\n&quot;)" fullname="NUnitLite.Tests.TextUITests.ImmediateOutput(&quot;Before&quot;,[: OUTPUT&#xA;],&quot;=&gt; SomeMethod\nOUTPUT\n&quot;)" methodname="ImmediateOutput" classname="NUnitLite.Tests.TextUITests" runstate="Runnable" seed="297324651" result="Passed" start-time="2018-10-06 20:00:45Z" end-time="2018-10-06 20:00:45Z" duration="0.000147" asserts="1" />
            <test-case id="1358" name="ImmediateOutput(&quot;After&quot;,[: OUTPUT&#xA;],&quot;=&gt; SomeMethod\nOUTPUT\n&quot;)" fullname="NUnitLite.Tests.TextUITests.ImmediateOutput(&quot;After&quot;,[: OUTPUT&#xA;],&quot;=&gt; SomeMethod\nOUTPUT\n&quot;)" methodname="ImmediateOutput" classname="NUnitLite.Tests.TextUITests" runstate="Runnable" seed="933092447" result="Passed" start-time="2018-10-06 20:00:45Z" end-time="2018-10-06 20:00:45Z" duration="0.000146" asserts="1" />
            <test-case id="1359" name="ImmediateOutput(&quot;Off&quot;,[: OUTPUT],&quot;OUTPUT&quot;)" fullname="NUnitLite.Tests.TextUITests.ImmediateOutput(&quot;Off&quot;,[: OUTPUT],&quot;OUTPUT&quot;)" methodname="ImmediateOutput" classname="NUnitLite.Tests.TextUITests" runstate="Runnable" seed="991566513" result="Passed" start-time="2018-10-06 20:00:45Z" end-time="2018-10-06 20:00:45Z" duration="0.000169" asserts="1" />
            <test-case id="1360" name="ImmediateOutput(&quot;On&quot;,[: OUTPUT],&quot;=&gt; SomeMethod\nOUTPUT&quot;)" fullname="NUnitLite.Tests.TextUITests.ImmediateOutput(&quot;On&quot;,[: OUTPUT],&quot;=&gt; SomeMethod\nOUTPUT&quot;)" methodname="ImmediateOutput" classname="NUnitLite.Tests.TextUITests" runstate="Runnable" seed="1027913310" result="Passed" start-time="2018-10-06 20:00:45Z" end-time="2018-10-06 20:00:45Z" duration="0.000144" asserts="1" />
            <test-case id="1361" name="ImmediateOutput(&quot;All&quot;,[: OUTPUT],&quot;=&gt; SomeMethod\nOUTPUT&quot;)" fullname="NUnitLite.Tests.TextUITests.ImmediateOutput(&quot;All&quot;,[: OUTPUT],&quot;=&gt; SomeMethod\nOUTPUT&quot;)" methodname="ImmediateOutput" classname="NUnitLite.Tests.TextUITests" runstate="Runnable" seed="1722814455" result="Passed" start-time="2018-10-06 20:00:45Z" end-time="2018-10-06 20:00:45Z" duration="0.000166" asserts="1" />
            <test-case id="1362" name="ImmediateOutput(&quot;Before&quot;,[: OUTPUT],&quot;=&gt; SomeMethod\nOUTPUT&quot;)" fullname="NUnitLite.Tests.TextUITests.ImmediateOutput(&quot;Before&quot;,[: OUTPUT],&quot;=&gt; SomeMethod\nOUTPUT&quot;)" methodname="ImmediateOutput" classname="NUnitLite.Tests.TextUITests" runstate="Runnable" seed="624625896" result="Passed" start-time="2018-10-06 20:00:45Z" end-time="2018-10-06 20:00:45Z" duration="0.000247" asserts="1" />
            <test-case id="1363" name="ImmediateOutput(&quot;After&quot;,[: OUTPUT],&quot;=&gt; SomeMethod\nOUTPUT&quot;)" fullname="NUnitLite.Tests.TextUITests.ImmediateOutput(&quot;After&quot;,[: OUTPUT],&quot;=&gt; SomeMethod\nOUTPUT&quot;)" methodname="ImmediateOutput" classname="NUnitLite.Tests.TextUITests" runstate="Runnable" seed="707738219" result="Passed" start-time="2018-10-06 20:00:45Z" end-time="2018-10-06 20:00:45Z" duration="0.000162" asserts="1" />
            <test-case id="1364" name="ImmediateOutput(&quot;On&quot;,[: A, : B, : C],&quot;=&gt; T1\nABC&quot;)" fullname="NUnitLite.Tests.TextUITests.ImmediateOutput(&quot;On&quot;,[: A, : B, : C],&quot;=&gt; T1\nABC&quot;)" methodname="ImmediateOutput" classname="NUnitLite.Tests.TextUITests" runstate="Runnable" seed="1058109850" result="Passed" start-time="2018-10-06 20:00:45Z" end-time="2018-10-06 20:00:45Z" duration="0.000190" asserts="1" />
            <test-case id="1365" name="ImmediateOutput(&quot;On&quot;,[: A, : B, : C, : &#xA;],&quot;=&gt; T1\nABC\n&quot;)" fullname="NUnitLite.Tests.TextUITests.ImmediateOutput(&quot;On&quot;,[: A, : B, : C, : &#xA;],&quot;=&gt; T1\nABC\n&quot;)" methodname="ImmediateOutput" classname="NUnitLite.Tests.TextUITests" runstate="Runnable" seed="983625687" result="Passed" start-time="2018-10-06 20:00:45Z" end-time="2018-10-06 20:00:45Z" duration="0.000250" asserts="1" />
            <test-case id="1366" name="ImmediateOutput(&quot;On&quot;,[: Hello&#xA;, : Ciao!&#xA;, : World!&#xA;],&quot;=&gt; EN\nHello\n=&gt; IT\nCiao!\n=&gt; EN\nWorld!\n&quot;)" fullname="NUnitLite.Tests.TextUITests.ImmediateOutput(&quot;On&quot;,[: Hello&#xA;, : Ciao!&#xA;, : World!&#xA;],&quot;=&gt; EN\nHello\n=&gt; IT\nCiao!\n=&gt; EN\nWorld!\n&quot;)" methodname="ImmediateOutput" classname="NUnitLite.Tests.TextUITests" runstate="Runnable" seed="1482900100" result="Passed" start-time="2018-10-06 20:00:45Z" end-time="2018-10-06 20:00:45Z" duration="0.000193" asserts="1" />
            <test-case id="1367" name="ImmediateOutput(&quot;On&quot;,[: Hello, : Ciao!, : World!],&quot;=&gt; EN\nHello\n=&gt; IT\nCiao!\n=&gt; EN\nWorld!&quot;)" fullname="NUnitLite.Tests.TextUITests.ImmediateOutput(&quot;On&quot;,[: Hello, : Ciao!, : World!],&quot;=&gt; EN\nHello\n=&gt; IT\nCiao!\n=&gt; EN\nWorld!&quot;)" methodname="ImmediateOutput" classname="NUnitLite.Tests.TextUITests" runstate="Runnable" seed="847260482" result="Passed" start-time="2018-10-06 20:00:45Z" end-time="2018-10-06 20:00:45Z" duration="0.000158" asserts="1" />
          </test-suite>
          <test-suite type="ParameterizedMethod" id="1380" name="SingleTest_ImmediateOutput" fullname="NUnitLite.Tests.TextUITests.SingleTest_ImmediateOutput" classname="NUnitLite.Tests.TextUITests" runstate="Runnable" testcasecount="5" result="Passed" start-time="2018-10-06 20:00:45Z" end-time="2018-10-06 20:00:45Z" duration="0.004717" total="5" passed="5" failed="0" warnings="0" inconclusive="0" skipped="0" asserts="5">
            <test-case id="1375" name="SingleTest_ImmediateOutput(&quot;Off&quot;,&quot;IMMEDIATE OUTPUT\nNORMAL OUTPUT\n&quot;)" fullname="NUnitLite.Tests.TextUITests.SingleTest_ImmediateOutput(&quot;Off&quot;,&quot;IMMEDIATE OUTPUT\nNORMAL OUTPUT\n&quot;)" methodname="SingleTest_ImmediateOutput" classname="NUnitLite.Tests.TextUITests" runstate="Runnable" seed="1525373060" result="Passed" start-time="2018-10-06 20:00:45Z" end-time="2018-10-06 20:00:45Z" duration="0.001494" asserts="1" />
            <test-case id="1376" name="SingleTest_ImmediateOutput(&quot;On&quot;,&quot;=&gt; NUnitLite.Tests.TextUITests.MyFakeMethod\nIMMEDIATE OUTPUT\nNORMAL OUTPUT\n&quot;)" fullname="NUnitLite.Tests.TextUITests.SingleTest_ImmediateOutput(&quot;On&quot;,&quot;=&gt; NUnitLite.Tests.TextUITests.MyFakeMethod\nIMMEDIATE OUTPUT\nNORMAL OUTPUT\n&quot;)" methodname="SingleTest_ImmediateOutput" classname="NUnitLite.Tests.TextUITests" runstate="Runnable" seed="1137436659" result="Passed" start-time="2018-10-06 20:00:45Z" end-time="2018-10-06 20:00:45Z" duration="0.000234" asserts="1" />
            <test-case id="1377" name="SingleTest_ImmediateOutput(&quot;All&quot;,&quot;=&gt; NUnitLite.Tests.TextUITests.MyFakeMethod\nIMMEDIATE OUTPUT\nNORMAL OUTPUT\n&quot;)" fullname="NUnitLite.Tests.TextUITests.SingleTest_ImmediateOutput(&quot;All&quot;,&quot;=&gt; NUnitLite.Tests.TextUITests.MyFakeMethod\nIMMEDIATE OUTPUT\nNORMAL OUTPUT\n&quot;)" methodname="SingleTest_ImmediateOutput" classname="NUnitLite.Tests.TextUITests" runstate="Runnable" seed="203457726" result="Passed" start-time="2018-10-06 20:00:45Z" end-time="2018-10-06 20:00:45Z" duration="0.000256" asserts="1" />
            <test-case id="1378" name="SingleTest_ImmediateOutput(&quot;Before&quot;,&quot;=&gt; NUnitLite.Tests.TextUITests.MyFakeMethod\nIMMEDIATE OUTPUT\nNORMAL OUTPUT\n&quot;)" fullname="NUnitLite.Tests.TextUITests.SingleTest_ImmediateOutput(&quot;Before&quot;,&quot;=&gt; NUnitLite.Tests.TextUITests.MyFakeMethod\nIMMEDIATE OUTPUT\nNORMAL OUTPUT\n&quot;)" methodname="SingleTest_ImmediateOutput" classname="NUnitLite.Tests.TextUITests" runstate="Runnable" seed="1793730224" result="Passed" start-time="2018-10-06 20:00:45Z" end-time="2018-10-06 20:00:45Z" duration="0.000242" asserts="1" />
            <test-case id="1379" name="SingleTest_ImmediateOutput(&quot;After&quot;,&quot;=&gt; NUnitLite.Tests.TextUITests.MyFakeMethod\nIMMEDIATE OUTPUT\nNORMAL OUTPUT\nPassed =&gt; NUnitLite.Tests.TextUITests.MyFakeMethod\n&quot;)" fullname="NUnitLite.Tests.TextUITests.SingleTest_ImmediateOutput(&quot;After&quot;,&quot;=&gt; NUnitLite.Tests.TextUITests.MyFakeMethod\nIMMEDIATE OUTPUT\nNORMAL OUTPUT\nPassed =&gt; NUnitLite.Tests.TextUITests.MyFakeMethod\n&quot;)" methodname="SingleTest_ImmediateOutput" classname="NUnitLite.Tests.TextUITests" runstate="Runnable" seed="190013887" result="Passed" start-time="2018-10-06 20:00:45Z" end-time="2018-10-06 20:00:45Z" duration="0.002148" asserts="1" />
          </test-suite>
          <test-suite type="ParameterizedMethod" id="1374" name="SingleTest_StartAndFinish" fullname="NUnitLite.Tests.TextUITests.SingleTest_StartAndFinish" classname="NUnitLite.Tests.TextUITests" runstate="Runnable" testcasecount="5" result="Passed" start-time="2018-10-06 20:00:45Z" end-time="2018-10-06 20:00:45Z" duration="0.002265" total="5" passed="5" failed="0" warnings="0" inconclusive="0" skipped="0" asserts="5">
            <test-case id="1369" name="SingleTest_StartAndFinish(&quot;Off&quot;,&quot;OUTPUT\n&quot;)" fullname="NUnitLite.Tests.TextUITests.SingleTest_StartAndFinish(&quot;Off&quot;,&quot;OUTPUT\n&quot;)" methodname="SingleTest_StartAndFinish" classname="NUnitLite.Tests.TextUITests" runstate="Runnable" seed="1916499009" result="Passed" start-time="2018-10-06 20:00:45Z" end-time="2018-10-06 20:00:45Z" duration="0.001388" asserts="1" />
            <test-case id="1370" name="SingleTest_StartAndFinish(&quot;On&quot;,&quot;=&gt; NUnitLite.Tests.TextUITests.MyFakeMethod\nOUTPUT\n&quot;)" fullname="NUnitLite.Tests.TextUITests.SingleTest_StartAndFinish(&quot;On&quot;,&quot;=&gt; NUnitLite.Tests.TextUITests.MyFakeMethod\nOUTPUT\n&quot;)" methodname="SingleTest_StartAndFinish" classname="NUnitLite.Tests.TextUITests" runstate="Runnable" seed="1655944501" result="Passed" start-time="2018-10-06 20:00:45Z" end-time="2018-10-06 20:00:45Z" duration="0.000159" asserts="1" />
            <test-case id="1371" name="SingleTest_StartAndFinish(&quot;All&quot;,&quot;=&gt; NUnitLite.Tests.TextUITests.MyFakeMethod\nOUTPUT\n&quot;)" fullname="NUnitLite.Tests.TextUITests.SingleTest_StartAndFinish(&quot;All&quot;,&quot;=&gt; NUnitLite.Tests.TextUITests.MyFakeMethod\nOUTPUT\n&quot;)" methodname="SingleTest_StartAndFinish" classname="NUnitLite.Tests.TextUITests" runstate="Runnable" seed="1211740695" result="Passed" start-time="2018-10-06 20:00:45Z" end-time="2018-10-06 20:00:45Z" duration="0.000182" asserts="1" />
            <test-case id="1372" name="SingleTest_StartAndFinish(&quot;Before&quot;,&quot;=&gt; NUnitLite.Tests.TextUITests.MyFakeMethod\nOUTPUT\n&quot;)" fullname="NUnitLite.Tests.TextUITests.SingleTest_StartAndFinish(&quot;Before&quot;,&quot;=&gt; NUnitLite.Tests.TextUITests.MyFakeMethod\nOUTPUT\n&quot;)" methodname="SingleTest_StartAndFinish" classname="NUnitLite.Tests.TextUITests" runstate="Runnable" seed="2076359700" result="Passed" start-time="2018-10-06 20:00:45Z" end-time="2018-10-06 20:00:45Z" duration="0.000175" asserts="1" />
            <test-case id="1373" name="SingleTest_StartAndFinish(&quot;After&quot;,&quot;=&gt; NUnitLite.Tests.TextUITests.MyFakeMethod\nOUTPUT\nPassed =&gt; NUnitLite.Tests.TextUITests.MyFakeMethod\n&quot;)" fullname="NUnitLite.Tests.TextUITests.SingleTest_StartAndFinish(&quot;After&quot;,&quot;=&gt; NUnitLite.Tests.TextUITests.MyFakeMethod\nOUTPUT\nPassed =&gt; NUnitLite.Tests.TextUITests.MyFakeMethod\n&quot;)" methodname="SingleTest_StartAndFinish" classname="NUnitLite.Tests.TextUITests" runstate="Runnable" seed="1013164407" result="Passed" start-time="2018-10-06 20:00:45Z" end-time="2018-10-06 20:00:45Z" duration="0.000187" asserts="1" />
          </test-suite>
          <test-suite type="ParameterizedMethod" id="1353" name="SuiteFinished" fullname="NUnitLite.Tests.TextUITests.SuiteFinished" classname="NUnitLite.Tests.TextUITests" runstate="Runnable" testcasecount="10" result="Passed" start-time="2018-10-06 20:00:45Z" end-time="2018-10-06 20:00:45Z" duration="0.012317" total="10" passed="10" failed="0" warnings="0" inconclusive="0" skipped="0" asserts="10">
            <test-case id="1343" name="SuiteFinished(&quot;Off&quot;,Passed,&quot;&quot;,&quot;&quot;,&quot;&quot;)" fullname="NUnitLite.Tests.TextUITests.SuiteFinished(&quot;Off&quot;,Passed,&quot;&quot;,&quot;&quot;,&quot;&quot;)" methodname="SuiteFinished" classname="NUnitLite.Tests.TextUITests" runstate="Runnable" seed="1410496986" result="Passed" start-time="2018-10-06 20:00:45Z" end-time="2018-10-06 20:00:45Z" duration="0.002080" asserts="1" />
            <test-case id="1344" name="SuiteFinished(&quot;On&quot;,Passed,&quot;&quot;,&quot;&quot;,&quot;&quot;)" fullname="NUnitLite.Tests.TextUITests.SuiteFinished(&quot;On&quot;,Passed,&quot;&quot;,&quot;&quot;,&quot;&quot;)" methodname="SuiteFinished" classname="NUnitLite.Tests.TextUITests" runstate="Runnable" seed="1821791901" result="Passed" start-time="2018-10-06 20:00:45Z" end-time="2018-10-06 20:00:45Z" duration="0.000334" asserts="1" />
            <test-case id="1345" name="SuiteFinished(&quot;All&quot;,Passed,&quot;&quot;,&quot;&quot;,&quot;&quot;)" fullname="NUnitLite.Tests.TextUITests.SuiteFinished(&quot;All&quot;,Passed,&quot;&quot;,&quot;&quot;,&quot;&quot;)" methodname="SuiteFinished" classname="NUnitLite.Tests.TextUITests" runstate="Runnable" seed="326640289" result="Passed" start-time="2018-10-06 20:00:45Z" end-time="2018-10-06 20:00:45Z" duration="0.000201" asserts="1" />
            <test-case id="1346" name="SuiteFinished(&quot;Before&quot;,Passed,&quot;&quot;,&quot;&quot;,&quot;&quot;)" fullname="NUnitLite.Tests.TextUITests.SuiteFinished(&quot;Before&quot;,Passed,&quot;&quot;,&quot;&quot;,&quot;&quot;)" methodname="SuiteFinished" classname="NUnitLite.Tests.TextUITests" runstate="Runnable" seed="2021062526" result="Passed" start-time="2018-10-06 20:00:45Z" end-time="2018-10-06 20:00:45Z" duration="0.000291" asserts="1" />
            <test-case id="1347" name="SuiteFinished(&quot;After&quot;,Passed,&quot;&quot;,&quot;&quot;,&quot;&quot;)" fullname="NUnitLite.Tests.TextUITests.SuiteFinished(&quot;After&quot;,Passed,&quot;&quot;,&quot;&quot;,&quot;&quot;)" methodname="SuiteFinished" classname="NUnitLite.Tests.TextUITests" runstate="Runnable" seed="22471697" result="Passed" start-time="2018-10-06 20:00:45Z" end-time="2018-10-06 20:00:45Z" duration="0.000200" asserts="1" />
            <test-case id="1348" name="SuiteFinished(&quot;Off&quot;,Passed,&quot;&quot;,&quot;First line of output\nAnother line of output&quot;,&quot;First line of output\nAnother line of output\n&quot;)" fullname="NUnitLite.Tests.TextUITests.SuiteFinished(&quot;Off&quot;,Passed,&quot;&quot;,&quot;First line of output\nAnother line of output&quot;,&quot;First line of output\nAnother line of output\n&quot;)" methodname="SuiteFinished" classname="NUnitLite.Tests.TextUITests" runstate="Runnable" seed="987817085" result="Passed" start-time="2018-10-06 20:00:45Z" end-time="2018-10-06 20:00:45Z" duration="0.000265" asserts="1" />
            <test-case id="1349" name="SuiteFinished(&quot;On&quot;,Passed,&quot;&quot;,&quot;First line of output\nAnother line of output&quot;,&quot;=&gt; DummySuite\nFirst line of output\nAnother line of output\n&quot;)" fullname="NUnitLite.Tests.TextUITests.SuiteFinished(&quot;On&quot;,Passed,&quot;&quot;,&quot;First line of output\nAnother line of output&quot;,&quot;=&gt; DummySuite\nFirst line of output\nAnother line of output\n&quot;)" methodname="SuiteFinished" classname="NUnitLite.Tests.TextUITests" runstate="Runnable" seed="1752678108" result="Passed" start-time="2018-10-06 20:00:45Z" end-time="2018-10-06 20:00:45Z" duration="0.007584" asserts="1" />
[...]
            <test-case id="1134" name="GetArgsFromFiles(&quot;testfile.dll @file1.txt --arg2&quot;,&quot;file1.txt:--where\n    \&quot;test == somelongname or test == /another long name/ or cat == SomeCategory\&quot;&quot;,&quot;testfile.dll&quot;,&quot;--where&quot;,&quot;test == somelongname or test == /another long name/ or cat == SomeCategory&quot;,&quot;--arg2&quot;)" fullname="NUnitLite.Tests.CommandLineTests.GetArgsFromFiles(&quot;testfile.dll @file1.txt --arg2&quot;,&quot;file1.txt:--where\n    \&quot;test == somelongname or test == /another long name/ or cat == SomeCategory\&quot;&quot;,&quot;testfile.dll&quot;,&quot;--where&quot;,&quot;test == somelongname or test == /another long name/ or cat == SomeCategory&quot;,&quot;--arg2&quot;)" methodname="GetArgsFromFiles" classname="NUnitLite.Tests.CommandLineTests" runstate="Runnable" seed="1060087224" result="Passed" start-time="2018-10-06 20:00:45Z" end-time="2018-10-06 20:00:45Z" duration="0.002397" asserts="2" />
            <test-case id="1135" name="GetArgsFromFiles(&quot;testfile.dll @file1.txt --arg2&quot;,&quot;file1.txt:--where\n    \&quot;test == somelongname or\ntest == /another long name/ or\ncat == SomeCategory\&quot;&quot;,&quot;testfile.dll&quot;,&quot;--where&quot;,&quot;test == somelongname or test == /another long name/ or cat == SomeCategory&quot;,&quot;--arg2&quot;)" fullname="NUnitLite.Tests.CommandLineTests.GetArgsFromFiles(&quot;testfile.dll @file1.txt --arg2&quot;,&quot;file1.txt:--where\n    \&quot;test == somelongname or\ntest == /another long name/ or\ncat == SomeCategory\&quot;&quot;,&quot;testfile.dll&quot;,&quot;--where&quot;,&quot;test == somelongname or test == /another long name/ or cat == SomeCategory&quot;,&quot;--arg2&quot;)" methodname="GetArgsFromFiles" classname="NUnitLite.Tests.CommandLineTests" runstate="Runnable" seed="737733322" result="Passed" start-time="2018-10-06 20:00:45Z" end-time="2018-10-06 20:00:45Z" duration="0.006761" asserts="2" />
            <test-case id="1136" name="GetArgsFromFiles(&quot;testfile.dll @file1.txt --arg2&quot;,&quot;file1.txt:--where\n    \&quot;test == somelongname ||\ntest == /another long name/ ||\ncat == SomeCategory\&quot;&quot;,&quot;testfile.dll&quot;,&quot;--where&quot;,&quot;test == somelongname || test == /another long name/ || cat == SomeCategory&quot;,&quot;--arg2&quot;)" fullname="NUnitLite.Tests.CommandLineTests.GetArgsFromFiles(&quot;testfile.dll @file1.txt --arg2&quot;,&quot;file1.txt:--where\n    \&quot;test == somelongname ||\ntest == /another long name/ ||\ncat == SomeCategory\&quot;&quot;,&quot;testfile.dll&quot;,&quot;--where&quot;,&quot;test == somelongname || test == /another long name/ || cat == SomeCategory&quot;,&quot;--arg2&quot;)" methodname="GetArgsFromFiles" classname="NUnitLite.Tests.CommandLineTests" runstate="Runnable" seed="2132018011" result="Passed" start-time="2018-10-06 20:00:45Z" end-time="2018-10-06 20:00:45Z" duration="0.002511" asserts="2" />
          </test-suite>
          <test-suite type="ParameterizedMethod" id="1140" name="GetArgsFromFiles_FailureTests" fullname="NUnitLite.Tests.CommandLineTests.GetArgsFromFiles_FailureTests" classname="NUnitLite.Tests.CommandLineTests" runstate="Runnable" testcasecount="2" result="Passed" start-time="2018-10-06 20:00:45Z" end-time="2018-10-06 20:00:45Z" duration="0.001715" total="2" passed="2" failed="0" warnings="0" inconclusive="0" skipped="0" asserts="2">
            <test-case id="1138" name="GetArgsFromFiles_FailureTests(&quot;--arg1 @file1.txt --arg2&quot;,&quot;The file \&quot;file1.txt\&quot; was not found.&quot;)" fullname="NUnitLite.Tests.CommandLineTests.GetArgsFromFiles_FailureTests(&quot;--arg1 @file1.txt --arg2&quot;,&quot;The file \&quot;file1.txt\&quot; was not found.&quot;)" methodname="GetArgsFromFiles_FailureTests" classname="NUnitLite.Tests.CommandLineTests" runstate="Runnable" seed="516121349" result="Passed" start-time="2018-10-06 20:00:45Z" end-time="2018-10-06 20:00:45Z" duration="0.001436" asserts="1" />
            <test-case id="1139" name="GetArgsFromFiles_FailureTests(&quot;--arg1 @ --arg2&quot;,&quot;You must include a file name after @.&quot;)" fullname="NUnitLite.Tests.CommandLineTests.GetArgsFromFiles_FailureTests(&quot;--arg1 @ --arg2&quot;,&quot;You must include a file name after @.&quot;)" methodname="GetArgsFromFiles_FailureTests" classname="NUnitLite.Tests.CommandLineTests" runstate="Runnable" seed="162010460" result="Passed" start-time="2018-10-06 20:00:45Z" end-time="2018-10-06 20:00:45Z" duration="0.000151" asserts="1" />
          </test-suite>
          <test-case id="1184" name="InvalidCommandLineParms" fullname="NUnitLite.Tests.CommandLineTests.InvalidCommandLineParms" methodname="InvalidCommandLineParms" classname="NUnitLite.Tests.CommandLineTests" runstate="Runnable" seed="410081900" result="Passed" start-time="2018-10-06 20:00:45Z" end-time="2018-10-06 20:00:45Z" duration="0.004363" asserts="4" />
          <test-case id="1183" name="InvalidOption" fullname="NUnitLite.Tests.CommandLineTests.InvalidOption" methodname="InvalidOption" classname="NUnitLite.Tests.CommandLineTests" runstate="Runnable" seed="1644362365" result="Passed" start-time="2018-10-06 20:00:45Z" end-time="2018-10-06 20:00:45Z" duration="0.000693" asserts="3" />
          <test-case id="1197" name="InvalidResultSpecRecordsError" fullname="NUnitLite.Tests.CommandLineTests.InvalidResultSpecRecordsError" methodname="InvalidResultSpecRecordsError" classname="NUnitLite.Tests.CommandLineTests" runstate="Runnable" seed="1204534749" result="Passed" start-time="2018-10-06 20:00:45Z" end-time="2018-10-06 20:00:45Z" duration="0.011541" asserts="2" />
          <test-suite type="ParameterizedMethod" id="1178" name="MissingValuesAreReported" fullname="NUnitLite.Tests.CommandLineTests.MissingValuesAreReported" classname="NUnitLite.Tests.CommandLineTests" runstate="Runnable" testcasecount="8" result="Passed" start-time="2018-10-06 20:00:45Z" end-time="2018-10-06 20:00:45Z" duration="0.001337" total="8" passed="8" failed="0" warnings="0" inconclusive="0" skipped="0" asserts="16">
            <test-case id="1170" name="MissingValuesAreReported(&quot;--where&quot;)" fullname="NUnitLite.Tests.CommandLineTests.MissingValuesAreReported(&quot;--where&quot;)" methodname="MissingValuesAreReported" classname="NUnitLite.Tests.CommandLineTests" runstate="Runnable" seed="1000547925" result="Passed" start-time="2018-10-06 20:00:45Z" end-time="2018-10-06 20:00:45Z" duration="0.000515" asserts="2" />
            <test-case id="1171" name="MissingValuesAreReported(&quot;--output&quot;)" fullname="NUnitLite.Tests.CommandLineTests.MissingValuesAreReported(&quot;--output&quot;)" methodname="MissingValuesAreReported" classname="NUnitLite.Tests.CommandLineTests" runstate="Runnable" seed="1410769769" result="Passed" start-time="2018-10-06 20:00:45Z" end-time="2018-10-06 20:00:45Z" duration="0.000091" asserts="2" />
            <test-case id="1172" name="MissingValuesAreReported(&quot;--err&quot;)" fullname="NUnitLite.Tests.CommandLineTests.MissingValuesAreReported(&quot;--err&quot;)" methodname="MissingValuesAreReported" classname="NUnitLite.Tests.CommandLineTests" runstate="Runnable" seed="1326576198" result="Passed" start-time="2018-10-06 20:00:45Z" end-time="2018-10-06 20:00:45Z" duration="0.000091" asserts="2" />
            <test-case id="1173" name="MissingValuesAreReported(&quot;--work&quot;)" fullname="NUnitLite.Tests.CommandLineTests.MissingValuesAreReported(&quot;--work&quot;)" methodname="MissingValuesAreReported" classname="NUnitLite.Tests.CommandLineTests" runstate="Runnable" seed="136917293" result="Passed" start-time="2018-10-06 20:00:45Z" end-time="2018-10-06 20:00:45Z" duration="0.000114" asserts="2" />
            <test-case id="1174" name="MissingValuesAreReported(&quot;--trace&quot;)" fullname="NUnitLite.Tests.CommandLineTests.MissingValuesAreReported(&quot;--trace&quot;)" methodname="MissingValuesAreReported" classname="NUnitLite.Tests.CommandLineTests" runstate="Runnable" seed="2095757227" result="Passed" start-time="2018-10-06 20:00:45Z" end-time="2018-10-06 20:00:45Z" duration="0.000088" asserts="2" />
            <test-case id="1175" name="MissingValuesAreReported(&quot;--test&quot;)" fullname="NUnitLite.Tests.CommandLineTests.MissingValuesAreReported(&quot;--test&quot;)" methodname="MissingValuesAreReported" classname="NUnitLite.Tests.CommandLineTests" runstate="Runnable" seed="1288916338" result="Passed" start-time="2018-10-06 20:00:45Z" end-time="2018-10-06 20:00:45Z" duration="0.000086" asserts="2" />
            <test-case id="1176" name="MissingValuesAreReported(&quot;--prefilter&quot;)" fullname="NUnitLite.Tests.CommandLineTests.MissingValuesAreReported(&quot;--prefilter&quot;)" methodname="MissingValuesAreReported" classname="NUnitLite.Tests.CommandLineTests" runstate="Runnable" seed="820430303" result="Passed" start-time="2018-10-06 20:00:45Z" end-time="2018-10-06 20:00:45Z" duration="0.000079" asserts="2" />
            <test-case id="1177" name="MissingValuesAreReported(&quot;--timeout&quot;)" fullname="NUnitLite.Tests.CommandLineTests.MissingValuesAreReported(&quot;--timeout&quot;)" methodname="MissingValuesAreReported" classname="NUnitLite.Tests.CommandLineTests" runstate="Runnable" seed="621545667" result="Passed" start-time="2018-10-06 20:00:45Z" end-time="2018-10-06 20:00:45Z" duration="0.000090" asserts="2" />
          </test-suite>
          <test-case id="1180" name="MultipleAssembliesAreInvalidByDefault" fullname="NUnitLite.Tests.CommandLineTests.MultipleAssembliesAreInvalidByDefault" methodname="MultipleAssembliesAreInvalidByDefault" classname="NUnitLite.Tests.CommandLineTests" runstate="Runnable" seed="1212602846" result="Passed" start-time="2018-10-06 20:00:45Z" end-time="2018-10-06 20:00:45Z" duration="0.000844" asserts="4" />
          <test-case id="1182" name="MultipleAssembliesAreInvalidEvenIfOneIsAllowed" fullname="NUnitLite.Tests.CommandLineTests.MultipleAssembliesAreInvalidEvenIfOneIsAllowed" methodname="MultipleAssembliesAreInvalidEvenIfOneIsAllowed" classname="NUnitLite.Tests.CommandLineTests" runstate="Runnable" seed="1332006499" result="Passed" start-time="2018-10-06 20:00:45Z" end-time="2018-10-06 20:00:45Z" duration="0.000658" asserts="3" />
          <test-case id="1141" name="NoInputFiles" fullname="NUnitLite.Tests.CommandLineTests.NoInputFiles" methodname="NoInputFiles" classname="NUnitLite.Tests.CommandLineTests" runstate="Runnable" seed="1481595462" result="Passed" start-time="2018-10-06 20:00:45Z" end-time="2018-10-06 20:00:45Z" duration="0.000451" asserts="2" />
          <test-case id="1196" name="NoResultSuppressesAllResultSpecifications" fullname="NUnitLite.Tests.CommandLineTests.NoResultSuppressesAllResultSpecifications" methodname="NoResultSuppressesAllResultSpecifications" classname="NUnitLite.Tests.CommandLineTests" runstate="Runnable" seed="201224507" result="Passed" start-time="2018-10-06 20:00:45Z" end-time="2018-10-06 20:00:45Z" duration="0.000527" asserts="1" />
          <test-case id="1195" name="NoResultSuppressesDefaultResultSpecification" fullname="NUnitLite.Tests.CommandLineTests.NoResultSuppressesDefaultResultSpecification" methodname="NoResultSuppressesDefaultResultSpecification" classname="NUnitLite.Tests.CommandLineTests" runstate="Runnable" seed="921509950" result="Passed" start-time="2018-10-06 20:00:45Z" end-time="2018-10-06 20:00:45Z" duration="0.000370" asserts="1" />
          <test-case id="1213" name="ParameterWithoutEqualSignIsInvalid" fullname="NUnitLite.Tests.CommandLineTests.ParameterWithoutEqualSignIsInvalid" methodname="ParameterWithoutEqualSignIsInvalid" classname="NUnitLite.Tests.CommandLineTests" runstate="Runnable" seed="81176065" result="Passed" start-time="2018-10-06 20:00:45Z" end-time="2018-10-06 20:00:45Z" duration="0.001391" asserts="1" />
          <test-case id="1193" name="ResultOptionMayBeRepeated" fullname="NUnitLite.Tests.CommandLineTests.ResultOptionMayBeRepeated" methodname="ResultOptionMayBeRepeated" classname="NUnitLite.Tests.CommandLineTests" runstate="Runnable" seed="1147987649" result="Passed" start-time="2018-10-06 20:00:45Z" end-time="2018-10-06 20:00:45Z" duration="0.001433" asserts="6" />
          <test-case id="1190" name="ResultOptionWithFilePath" fullname="NUnitLite.Tests.CommandLineTests.ResultOptionWithFilePath" methodname="ResultOptionWithFilePath" classname="NUnitLite.Tests.CommandLineTests" runstate="Runnable" seed="1069012652" result="Passed" start-time="2018-10-06 20:00:45Z" end-time="2018-10-06 20:00:45Z" duration="0.000934" asserts="3" />
          <test-case id="1191" name="ResultOptionWithFilePathAndFormat" fullname="NUnitLite.Tests.CommandLineTests.ResultOptionWithFilePathAndFormat" methodname="ResultOptionWithFilePathAndFormat" classname="NUnitLite.Tests.CommandLineTests" runstate="Runnable" seed="1109288674" result="Passed" start-time="2018-10-06 20:00:45Z" end-time="2018-10-06 20:00:45Z" duration="0.000802" asserts="3" />
          <test-case id="1192" name="ResultOptionWithoutFileNameIsInvalid" fullname="NUnitLite.Tests.CommandLineTests.ResultOptionWithoutFileNameIsInvalid" methodname="ResultOptionWithoutFileNameIsInvalid" classname="NUnitLite.Tests.CommandLineTests" runstate="Runnable" seed="98668555" result="Passed" start-time="2018-10-06 20:00:45Z" end-time="2018-10-06 20:00:45Z" duration="0.000643" asserts="2" />
          <test-suite type="ParameterizedMethod" id="1208" name="ShouldSetTeamCityFlagAccordingToArgsAndDefaults" fullname="NUnitLite.Tests.CommandLineTests.ShouldSetTeamCityFlagAccordingToArgsAndDefaults" classname="NUnitLite.Tests.CommandLineTests" runstate="Runnable" testcasecount="6" result="Passed" start-time="2018-10-06 20:00:45Z" end-time="2018-10-06 20:00:45Z" duration="0.002884" total="6" passed="6" failed="0" warnings="0" inconclusive="0" skipped="0" asserts="6">
            <test-case id="1202" name="ShouldSetTeamCityFlagAccordingToArgsAndDefaults(True,null,True)" fullname="NUnitLite.Tests.CommandLineTests.ShouldSetTeamCityFlagAccordingToArgsAndDefaults(True,null,True)" methodname="ShouldSetTeamCityFlagAccordingToArgsAndDefaults" classname="NUnitLite.Tests.CommandLineTests" runstate="Runnable" seed="778493314" result="Passed" start-time="2018-10-06 20:00:45Z" end-time="2018-10-06 20:00:45Z" duration="0.000918" asserts="1" />
            <test-case id="1203" name="ShouldSetTeamCityFlagAccordingToArgsAndDefaults(False,null,False)" fullname="NUnitLite.Tests.CommandLineTests.ShouldSetTeamCityFlagAccordingToArgsAndDefaults(False,null,False)" methodname="ShouldSetTeamCityFlagAccordingToArgsAndDefaults" classname="NUnitLite.Tests.CommandLineTests" runstate="Runnable" seed="863172720" result="Passed" start-time="2018-10-06 20:00:45Z" end-time="2018-10-06 20:00:45Z" duration="0.000124" asserts="1" />
            <test-case id="1204" name="ShouldSetTeamCityFlagAccordingToArgsAndDefaults(True,False,True)" fullname="NUnitLite.Tests.CommandLineTests.ShouldSetTeamCityFlagAccordingToArgsAndDefaults(True,False,True)" methodname="ShouldSetTeamCityFlagAccordingToArgsAndDefaults" classname="NUnitLite.Tests.CommandLineTests" runstate="Runnable" seed="1594637746" result="Passed" start-time="2018-10-06 20:00:45Z" end-time="2018-10-06 20:00:45Z" duration="0.001246" asserts="1" />
            <test-case id="1205" name="ShouldSetTeamCityFlagAccordingToArgsAndDefaults(False,False,False)" fullname="NUnitLite.Tests.CommandLineTests.ShouldSetTeamCityFlagAccordingToArgsAndDefaults(False,False,False)" methodname="ShouldSetTeamCityFlagAccordingToArgsAndDefaults" classname="NUnitLite.Tests.CommandLineTests" runstate="Runnable" seed="1004110475" result="Passed" start-time="2018-10-06 20:00:45Z" end-time="2018-10-06 20:00:45Z" duration="0.000182" asserts="1" />
            <test-case id="1206" name="ShouldSetTeamCityFlagAccordingToArgsAndDefaults(True,True,True)" fullname="NUnitLite.Tests.CommandLineTests.ShouldSetTeamCityFlagAccordingToArgsAndDefaults(True,True,True)" methodname="ShouldSetTeamCityFlagAccordingToArgsAndDefaults" classname="NUnitLite.Tests.CommandLineTests" runstate="Runnable" seed="2059057345" result="Passed" start-time="2018-10-06 20:00:45Z" end-time="2018-10-06 20:00:45Z" duration="0.000149" asserts="1" />
            <test-case id="1207" name="ShouldSetTeamCityFlagAccordingToArgsAndDefaults(False,True,True)" fullname="NUnitLite.Tests.CommandLineTests.ShouldSetTeamCityFlagAccordingToArgsAndDefaults(False,True,True)" methodname="ShouldSetTeamCityFlagAccordingToArgsAndDefaults" classname="NUnitLite.Tests.CommandLineTests" runstate="Runnable" seed="1158965663" result="Passed" start-time="2018-10-06 20:00:45Z" end-time="2018-10-06 20:00:45Z" duration="0.000090" asserts="1" />
          </test-suite>
          <test-case id="1209" name="SingleTestParameter" fullname="NUnitLite.Tests.CommandLineTests.SingleTestParameter" methodname="SingleTestParameter" classname="NUnitLite.Tests.CommandLineTests" runstate="Runnable" seed="584927426" result="Passed" start-time="2018-10-06 20:00:45Z" end-time="2018-10-06 20:00:45Z" duration="0.006710" asserts="2" />
          <test-case id="1212" name="ThreeTestParametersInTwoOptions" fullname="NUnitLite.Tests.CommandLineTests.ThreeTestParametersInTwoOptions" methodname="ThreeTestParametersInTwoOptions" classname="NUnitLite.Tests.CommandLineTests" runstate="Runnable" seed="290477038" result="Passed" start-time="2018-10-06 20:00:45Z" end-time="2018-10-06 20:00:45Z" duration="0.001108" asserts="2" />
          <test-case id="1188" name="TimeoutCausesErrorIfValueIsNotInteger" fullname="NUnitLite.Tests.CommandLineTests.TimeoutCausesErrorIfValueIsNotInteger" methodname="TimeoutCausesErrorIfValueIsNotInteger" classname="NUnitLite.Tests.CommandLineTests" runstate="Runnable" seed="116100811" result="Passed" start-time="2018-10-06 20:00:45Z" end-time="2018-10-06 20:00:45Z" duration="0.000532" asserts="2" />
          <test-case id="1185" name="TimeoutIsMinusOneIfNoOptionIsProvided" fullname="NUnitLite.Tests.CommandLineTests.TimeoutIsMinusOneIfNoOptionIsProvided" methodname="TimeoutIsMinusOneIfNoOptionIsProvided" classname="NUnitLite.Tests.CommandLineTests" runstate="Runnable" seed="1641909721" result="Passed" start-time="2018-10-06 20:00:45Z" end-time="2018-10-06 20:00:45Z" duration="0.000438" asserts="2" />
          <test-case id="1187" name="TimeoutParsesIntValueCorrectly" fullname="NUnitLite.Tests.CommandLineTests.TimeoutParsesIntValueCorrectly" methodname="TimeoutParsesIntValueCorrectly" classname="NUnitLite.Tests.CommandLineTests" runstate="Runnable" seed="1784939141" result="Passed" start-time="2018-10-06 20:00:45Z" end-time="2018-10-06 20:00:45Z" duration="0.000477" asserts="2" />
          <test-case id="1186" name="TimeoutThrowsExceptionIfOptionHasNoValue" fullname="NUnitLite.Tests.CommandLineTests.TimeoutThrowsExceptionIfOptionHasNoValue" methodname="TimeoutThrowsExceptionIfOptionHasNoValue" classname="NUnitLite.Tests.CommandLineTests" runstate="Runnable" seed="1375727569" result="Passed" start-time="2018-10-06 20:00:45Z" end-time="2018-10-06 20:00:45Z" duration="0.004361" asserts="1" />
          <test-case id="1210" name="TwoTestParametersInOneOption" fullname="NUnitLite.Tests.CommandLineTests.TwoTestParametersInOneOption" methodname="TwoTestParametersInOneOption" classname="NUnitLite.Tests.CommandLineTests" runstate="Runnable" seed="121832202" result="Passed" start-time="2018-10-06 20:00:45Z" end-time="2018-10-06 20:00:45Z" duration="0.001006" asserts="2" />
          <test-case id="1211" name="TwoTestParametersInSeparateOptions" fullname="NUnitLite.Tests.CommandLineTests.TwoTestParametersInSeparateOptions" methodname="TwoTestParametersInSeparateOptions" classname="NUnitLite.Tests.CommandLineTests" runstate="Runnable" seed="1038865905" result="Passed" start-time="2018-10-06 20:00:45Z" end-time="2018-10-06 20:00:45Z" duration="0.000959" asserts="2" />
        </test-suite>
      </test-suite>
    </test-suite>
  </test-suite>
</test-run>