<?xml version="1.0" encoding="utf-8"?>
<test-run id="2" name="nunitlite.tests.dll" fullname="nunitlite.tests.dll" testcasecount="311" result="Skipped" label="Ignored" start-time="2018-10-06 20:02:29Z" end-time="2018-10-06 20:02:30Z" duration="0.616177" total="311" passed="310" failed="0" inconclusive="0" skipped="1" asserts="639" random-seed="1714085014">
  <filter />
  <test-suite type="Assembly" id="1349" name="nunitlite.tests.dll" fullname="nunitlite.tests.dll" runstate="Runnable" testcasecount="311" result="Skipped" label="Ignored" site="Child" start-time="2018-10-06 20:02:29Z" end-time="2018-10-06 20:02:30Z" duration="0.616177" total="311" passed="310" failed="0" warnings="0" inconclusive="0" skipped="1" asserts="639">
    <environment framework-version="3.11.0.0" clr-version=".NET Core 4.6.25211.01" os-version="Microsoft Windows 10.0.17134 " cwd="C:\src\nunit\nunit\bin\Release\netcoreapp1.1" culture="en-CA" uiculture="en-US" os-architecture="x64" />
    <settings>
      <setting name="WorkDirectory" value="C:\src\nunit\nunit\bin\Release\netcoreapp1.1" />
    </settings>
    <properties>
      <property name="ParallelScope" value="Fixtures" />
    </properties>
    <reason>
      <message><![CDATA[One or more child tests were ignored]]></message>
    </reason>
    <test-suite type="TestSuite" id="1350" name="NUnit" fullname="NUnit" runstate="Runnable" testcasecount="79" result="Passed" start-time="2018-10-06 20:02:29Z" end-time="2018-10-06 20:02:29Z" duration="0.130117" total="79" passed="79" failed="0" warnings="0" inconclusive="0" skipped="0" asserts="181">
      <test-suite type="TestSuite" id="1351" name="Common" fullname="NUnit.Common" runstate="Runnable" testcasecount="77" result="Passed" start-time="2018-10-06 20:02:29Z" end-time="2018-10-06 20:02:29Z" duration="0.126118" total="77" passed="77" failed="0" warnings="0" inconclusive="0" skipped="0" asserts="179">
        <test-suite type="TestSuite" id="1352" name="Tests" fullname="NUnit.Common.Tests" runstate="Runnable" testcasecount="77" result="Passed" start-time="2018-10-06 20:02:29Z" end-time="2018-10-06 20:02:29Z" duration="0.126096" total="77" passed="77" failed="0" warnings="0" inconclusive="0" skipped="0" asserts="179">
          <test-suite type="TestFixture" id="1000" name="ExtendedTextWrapperTests" fullname="NUnit.Common.Tests.ExtendedTextWrapperTests" classname="NUnit.Common.Tests.ExtendedTextWrapperTests" runstate="Runnable" testcasecount="8" result="Passed" start-time="2018-10-06 20:02:29Z" end-time="2018-10-06 20:02:29Z" duration="0.040191" total="8" passed="8" failed="0" warnings="0" inconclusive="0" skipped="0" asserts="8">
            <test-case id="1001" name="Write" fullname="NUnit.Common.Tests.ExtendedTextWrapperTests.Write" methodname="Write" classname="NUnit.Common.Tests.ExtendedTextWrapperTests" runstate="Runnable" seed="416030780" result="Passed" start-time="2018-10-06 20:02:29Z" end-time="2018-10-06 20:02:29Z" duration="0.024758" asserts="1" />
            <test-case id="1002" name="Write_ColorStyle" fullname="NUnit.Common.Tests.ExtendedTextWrapperTests.Write_ColorStyle" methodname="Write_ColorStyle" classname="NUnit.Common.Tests.ExtendedTextWrapperTests" runstate="Runnable" seed="1614152759" result="Passed" start-time="2018-10-06 20:02:29Z" end-time="2018-10-06 20:02:29Z" duration="0.000509" asserts="1" />
            <test-case id="1005" name="WriteLabel" fullname="NUnit.Common.Tests.ExtendedTextWrapperTests.WriteLabel" methodname="WriteLabel" classname="NUnit.Common.Tests.ExtendedTextWrapperTests" runstate="Runnable" seed="1086004935" result="Passed" start-time="2018-10-06 20:02:29Z" end-time="2018-10-06 20:02:29Z" duration="0.000442" asserts="1" />
            <test-case id="1006" name="WriteLabel_ColorStyle" fullname="NUnit.Common.Tests.ExtendedTextWrapperTests.WriteLabel_ColorStyle" methodname="WriteLabel_ColorStyle" classname="NUnit.Common.Tests.ExtendedTextWrapperTests" runstate="Runnable" seed="1190896930" result="Passed" start-time="2018-10-06 20:02:29Z" end-time="2018-10-06 20:02:29Z" duration="0.000402" asserts="1" />
            <test-case id="1007" name="WriteLabelLine" fullname="NUnit.Common.Tests.ExtendedTextWrapperTests.WriteLabelLine" methodname="WriteLabelLine" classname="NUnit.Common.Tests.ExtendedTextWrapperTests" runstate="Runnable" seed="1451563356" result="Passed" start-time="2018-10-06 20:02:29Z" end-time="2018-10-06 20:02:29Z" duration="0.000543" asserts="1" />
            <test-case id="1008" name="WriteLabelLine_ColorStyle" fullname="NUnit.Common.Tests.ExtendedTextWrapperTests.WriteLabelLine_ColorStyle" methodname="WriteLabelLine_ColorStyle" classname="NUnit.Common.Tests.ExtendedTextWrapperTests" runstate="Runnable" seed="1929989114" result="Passed" start-time="2018-10-06 20:02:29Z" end-time="2018-10-06 20:02:29Z" duration="0.000740" asserts="1" />
            <test-case id="1003" name="WriteLine" fullname="NUnit.Common.Tests.ExtendedTextWrapperTests.WriteLine" methodname="WriteLine" classname="NUnit.Common.Tests.ExtendedTextWrapperTests" runstate="Runnable" seed="665745629" result="Passed" start-time="2018-10-06 20:02:29Z" end-time="2018-10-06 20:02:29Z" duration="0.000823" asserts="1" />
            <test-case id="1004" name="WriteLine_ColorStyle" fullname="NUnit.Common.Tests.ExtendedTextWrapperTests.WriteLine_ColorStyle" methodname="WriteLine_ColorStyle" classname="NUnit.Common.Tests.ExtendedTextWrapperTests" runstate="Runnable" seed="4483702" result="Passed" start-time="2018-10-06 20:02:29Z" end-time="2018-10-06 20:02:29Z" duration="0.000500" asserts="1" />
          </test-suite>
          <test-suite type="TestFixture" id="1009" name="OutputSpecificationTests" fullname="NUnit.Common.Tests.OutputSpecificationTests" classname="NUnit.Common.Tests.OutputSpecificationTests" runstate="Runnable" testcasecount="6" result="Passed" start-time="2018-10-06 20:02:29Z" end-time="2018-10-06 20:02:29Z" duration="0.017762" total="6" passed="6" failed="0" warnings="0" inconclusive="0" skipped="0" asserts="8">
            <test-case id="1013" name="FileNameOnly" fullname="NUnit.Common.Tests.OutputSpecificationTests.FileNameOnly" methodname="FileNameOnly" classname="NUnit.Common.Tests.OutputSpecificationTests" runstate="Runnable" seed="179337654" result="Passed" start-time="2018-10-06 20:02:29Z" end-time="2018-10-06 20:02:29Z" duration="0.000868" asserts="2" />
            <test-case id="1014" name="FileNamePlusFormat" fullname="NUnit.Common.Tests.OutputSpecificationTests.FileNamePlusFormat" methodname="FileNamePlusFormat" classname="NUnit.Common.Tests.OutputSpecificationTests" runstate="Runnable" seed="354058906" result="Passed" start-time="2018-10-06 20:02:29Z" end-time="2018-10-06 20:02:29Z" duration="0.000280" asserts="2" />
            <test-case id="1015" name="MultipleFormatSpecifiersNotAllowed" fullname="NUnit.Common.Tests.OutputSpecificationTests.MultipleFormatSpecifiersNotAllowed" methodname="MultipleFormatSpecifiersNotAllowed" classname="NUnit.Common.Tests.OutputSpecificationTests" runstate="Runnable" seed="596466102" result="Passed" start-time="2018-10-06 20:02:29Z" end-time="2018-10-06 20:02:29Z" duration="0.014032" asserts="1" />
            <test-case id="1010" name="SpecMayNotBeNull" fullname="NUnit.Common.Tests.OutputSpecificationTests.SpecMayNotBeNull" methodname="SpecMayNotBeNull" classname="NUnit.Common.Tests.OutputSpecificationTests" runstate="Runnable" seed="690597601" result="Passed" start-time="2018-10-06 20:02:29Z" end-time="2018-10-06 20:02:29Z" duration="0.000922" asserts="1" />
            <test-case id="1011" name="SpecOptionMustContainEqualSign" fullname="NUnit.Common.Tests.OutputSpecificationTests.SpecOptionMustContainEqualSign" methodname="SpecOptionMustContainEqualSign" classname="NUnit.Common.Tests.OutputSpecificationTests" runstate="Runnable" seed="694691061" result="Passed" start-time="2018-10-06 20:02:29Z" end-time="2018-10-06 20:02:29Z" duration="0.000673" asserts="1" />
            <test-case id="1012" name="SpecOptionMustContainJustOneEqualSign" fullname="NUnit.Common.Tests.OutputSpecificationTests.SpecOptionMustContainJustOneEqualSign" methodname="SpecOptionMustContainJustOneEqualSign" classname="NUnit.Common.Tests.OutputSpecificationTests" runstate="Runnable" seed="246462280" result="Passed" start-time="2018-10-06 20:02:29Z" end-time="2018-10-06 20:02:29Z" duration="0.000862" asserts="1" />
          </test-suite>
          <test-suite type="TestFixture" id="1016" name="TestNameParserTests" fullname="NUnit.Common.Tests.TestNameParserTests" classname="NUnit.Common.Tests.TestNameParserTests" runstate="Runnable" testcasecount="13" result="Passed" start-time="2018-10-06 20:02:29Z" end-time="2018-10-06 20:02:29Z" duration="0.011564" total="13" passed="13" failed="0" warnings="0" inconclusive="0" skipped="0" asserts="30">
            <test-suite type="ParameterizedMethod" id="1026" name="SingleName" fullname="NUnit.Common.Tests.TestNameParserTests.SingleName" classname="NUnit.Common.Tests.TestNameParserTests" runstate="Runnable" testcasecount="9" result="Passed" start-time="2018-10-06 20:02:29Z" end-time="2018-10-06 20:02:29Z" duration="0.010324" total="9" passed="9" failed="0" warnings="0" inconclusive="0" skipped="0" asserts="18">
              <test-case id="1017" name="SingleName(&quot;Test.Namespace.Fixture.Method&quot;)" fullname="NUnit.Common.Tests.TestNameParserTests.SingleName(&quot;Test.Namespace.Fixture.Method&quot;)" methodname="SingleName" classname="NUnit.Common.Tests.TestNameParserTests" runstate="Runnable" seed="1196183112" result="Passed" start-time="2018-10-06 20:02:29Z" end-time="2018-10-06 20:02:29Z" duration="0.008608" asserts="2" />
              <test-case id="1018" name="SingleName(&quot;Test.Namespace.Fixture.Method,&quot;)" fullname="NUnit.Common.Tests.TestNameParserTests.SingleName(&quot;Test.Namespace.Fixture.Method,&quot;)" methodname="SingleName" classname="NUnit.Common.Tests.TestNameParserTests" runstate="Runnable" seed="1009251258" result="Passed" start-time="2018-10-06 20:02:29Z" end-time="2018-10-06 20:02:29Z" duration="0.000305" asserts="2" />
              <test-case id="1019" name="SingleName(&quot;  Test.Namespace.Fixture.Method  &quot;)" fullname="NUnit.Common.Tests.TestNameParserTests.SingleName(&quot;  Test.Namespace.Fixture.Method  &quot;)" methodname="SingleName" classname="NUnit.Common.Tests.TestNameParserTests" runstate="Runnable" seed="168984194" result="Passed" start-time="2018-10-06 20:02:29Z" end-time="2018-10-06 20:02:29Z" duration="0.000147" asserts="2" />
              <test-case id="1020" name="SingleName(&quot;  Test.Namespace.Fixture.Method  ,&quot;)" fullname="NUnit.Common.Tests.TestNameParserTests.SingleName(&quot;  Test.Namespace.Fixture.Method  ,&quot;)" methodname="SingleName" classname="NUnit.Common.Tests.TestNameParserTests" runstate="Runnable" seed="1476305655" result="Passed" start-time="2018-10-06 20:02:29Z" end-time="2018-10-06 20:02:29Z" duration="0.000145" asserts="2" />
              <test-case id="1021" name="SingleName(&quot;Test.Namespace.Fixture.Method()&quot;)" fullname="NUnit.Common.Tests.TestNameParserTests.SingleName(&quot;Test.Namespace.Fixture.Method()&quot;)" methodname="SingleName" classname="NUnit.Common.Tests.TestNameParserTests" runstate="Runnable" seed="740725654" result="Passed" start-time="2018-10-06 20:02:29Z" end-time="2018-10-06 20:02:29Z" duration="0.000143" asserts="2" />
              <test-case id="1022" name="SingleName(&quot;Test.Namespace.Fixture.Method(\&quot;string,argument\&quot;)&quot;)" fullname="NUnit.Common.Tests.TestNameParserTests.SingleName(&quot;Test.Namespace.Fixture.Method(\&quot;string,argument\&quot;)&quot;)" methodname="SingleName" classname="NUnit.Common.Tests.TestNameParserTests" runstate="Runnable" seed="1659567260" result="Passed" start-time="2018-10-06 20:02:29Z" end-time="2018-10-06 20:02:29Z" duration="0.000143" asserts="2" />
              <test-case id="1023" name="SingleName(&quot;Test.Namespace.Fixture.Method(1,2,3)&quot;)" fullname="NUnit.Common.Tests.TestNameParserTests.SingleName(&quot;Test.Namespace.Fixture.Method(1,2,3)&quot;)" methodname="SingleName" classname="NUnit.Common.Tests.TestNameParserTests" runstate="Runnable" seed="650443261" result="Passed" start-time="2018-10-06 20:02:29Z" end-time="2018-10-06 20:02:29Z" duration="0.000146" asserts="2" />
              <test-case id="1024" name="SingleName(&quot;Test.Namespace.Fixture.Method&lt;int,int&gt;()&quot;)" fullname="NUnit.Common.Tests.TestNameParserTests.SingleName(&quot;Test.Namespace.Fixture.Method&lt;int,int&gt;()&quot;)" methodname="SingleName" classname="NUnit.Common.Tests.TestNameParserTests" runstate="Runnable" seed="1874732704" result="Passed" start-time="2018-10-06 20:02:29Z" end-time="2018-10-06 20:02:29Z" duration="0.000193" asserts="2" />
              <test-case id="1025" name="SingleName(&quot;Test.Namespace.Fixture.Method(\&quot;)\&quot;)&quot;)" fullname="NUnit.Common.Tests.TestNameParserTests.SingleName(&quot;Test.Namespace.Fixture.Method(\&quot;)\&quot;)&quot;)" methodname="SingleName" classname="NUnit.Common.Tests.TestNameParserTests" runstate="Runnable" seed="1195414824" result="Passed" start-time="2018-10-06 20:02:29Z" end-time="2018-10-06 20:02:29Z" duration="0.000143" asserts="2" />
            </test-suite>
            <test-suite type="ParameterizedMethod" id="1031" name="TwoNames" fullname="NUnit.Common.Tests.TestNameParserTests.TwoNames" classname="NUnit.Common.Tests.TestNameParserTests" runstate="Runnable" testcasecount="4" result="Passed" start-time="2018-10-06 20:02:29Z" end-time="2018-10-06 20:02:29Z" duration="0.001142" total="4" passed="4" failed="0" warnings="0" inconclusive="0" skipped="0" asserts="12">
              <test-case id="1027" name="TwoNames(&quot;Test.Namespace.Fixture.Method1&quot;,&quot;Test.Namespace.Fixture.Method2&quot;)" fullname="NUnit.Common.Tests.TestNameParserTests.TwoNames(&quot;Test.Namespace.Fixture.Method1&quot;,&quot;Test.Namespace.Fixture.Method2&quot;)" methodname="TwoNames" classname="NUnit.Common.Tests.TestNameParserTests" runstate="Runnable" seed="1095638733" result="Passed" start-time="2018-10-06 20:02:29Z" end-time="2018-10-06 20:02:29Z" duration="0.000739" asserts="3" />
              <test-case id="1028" name="TwoNames(&quot;Test.Namespace.Fixture.Method1&quot;,&quot;Test.Namespace.Fixture.Method2,&quot;)" fullname="NUnit.Common.Tests.TestNameParserTests.TwoNames(&quot;Test.Namespace.Fixture.Method1&quot;,&quot;Test.Namespace.Fixture.Method2,&quot;)" methodname="TwoNames" classname="NUnit.Common.Tests.TestNameParserTests" runstate="Runnable" seed="1681316857" result="Passed" start-time="2018-10-06 20:02:29Z" end-time="2018-10-06 20:02:29Z" duration="0.000125" asserts="3" />
              <test-case id="1029" name="TwoNames(&quot;Test.Namespace.Fixture.Method1(1,2)&quot;,&quot;Test.Namespace.Fixture.Method2(3,4)&quot;)" fullname="NUnit.Common.Tests.TestNameParserTests.TwoNames(&quot;Test.Namespace.Fixture.Method1(1,2)&quot;,&quot;Test.Namespace.Fixture.Method2(3,4)&quot;)" methodname="TwoNames" classname="NUnit.Common.Tests.TestNameParserTests" runstate="Runnable" seed="1138951483" result="Passed" start-time="2018-10-06 20:02:29Z" end-time="2018-10-06 20:02:29Z" duration="0.000089" asserts="3" />
              <test-case id="1030" name="TwoNames(&quot;Test.Namespace.Fixture.Method1(\&quot;(\&quot;)&quot;,&quot;Test.Namespace.Fixture.Method2(\&quot;&lt;\&quot;)&quot;)" fullname="NUnit.Common.Tests.TestNameParserTests.TwoNames(&quot;Test.Namespace.Fixture.Method1(\&quot;(\&quot;)&quot;,&quot;Test.Namespace.Fixture.Method2(\&quot;&lt;\&quot;)&quot;)" methodname="TwoNames" classname="NUnit.Common.Tests.TestNameParserTests" runstate="Runnable" seed="104276579" result="Passed" start-time="2018-10-06 20:02:29Z" end-time="2018-10-06 20:02:29Z" duration="0.000144" asserts="3" />
            </test-suite>
          </test-suite>
          <test-suite type="TestFixture" id="1032" name="TestSelectionParserTests" fullname="NUnit.Common.Tests.TestSelectionParserTests" classname="NUnit.Common.Tests.TestSelectionParserTests" runstate="Runnable" testcasecount="38" result="Passed" start-time="2018-10-06 20:02:29Z" end-time="2018-10-06 20:02:29Z" duration="0.041063" total="38" passed="38" failed="0" warnings="0" inconclusive="0" skipped="0" asserts="72">
            <test-suite type="ParameterizedMethod" id="1067" name="TestParser" fullname="NUnit.Common.Tests.TestSelectionParserTests.TestParser" classname="NUnit.Common.Tests.TestSelectionParserTests" runstate="Runnable" testcasecount="34" result="Passed" start-time="2018-10-06 20:02:29Z" end-time="2018-10-06 20:02:29Z" duration="0.039226" total="34" passed="34" failed="0" warnings="0" inconclusive="0" skipped="0" asserts="68">
              <test-case id="1033" name="TestParser(&quot;cat=Urgent&quot;,&quot;&lt;cat&gt;Urgent&lt;/cat&gt;&quot;)" fullname="NUnit.Common.Tests.TestSelectionParserTests.TestParser(&quot;cat=Urgent&quot;,&quot;&lt;cat&gt;Urgent&lt;/cat&gt;&quot;)" methodname="TestParser" classname="NUnit.Common.Tests.TestSelectionParserTests" runstate="Runnable" seed="1136325291" result="Passed" start-time="2018-10-06 20:02:29Z" end-time="2018-10-06 20:02:29Z" duration="0.013694" asserts="2" />
              <test-case id="1034" name="TestParser(&quot;cat==Urgent&quot;,&quot;&lt;cat&gt;Urgent&lt;/cat&gt;&quot;)" fullname="NUnit.Common.Tests.TestSelectionParserTests.TestParser(&quot;cat==Urgent&quot;,&quot;&lt;cat&gt;Urgent&lt;/cat&gt;&quot;)" methodname="TestParser" classname="NUnit.Common.Tests.TestSelectionParserTests" runstate="Runnable" seed="567490536" result="Passed" start-time="2018-10-06 20:02:29Z" end-time="2018-10-06 20:02:29Z" duration="0.000427" asserts="2" />
              <test-case id="1035" name="TestParser(&quot;cat=='Urgent,+-!'&quot;,&quot;&lt;cat&gt;Urgent,+-!&lt;/cat&gt;&quot;)" fullname="NUnit.Common.Tests.TestSelectionParserTests.TestParser(&quot;cat=='Urgent,+-!'&quot;,&quot;&lt;cat&gt;Urgent,+-!&lt;/cat&gt;&quot;)" methodname="TestParser" classname="NUnit.Common.Tests.TestSelectionParserTests" runstate="Runnable" seed="1270738631" result="Passed" start-time="2018-10-06 20:02:29Z" end-time="2018-10-06 20:02:29Z" duration="0.000737" asserts="2" />
              <test-case id="1036" name="TestParser(&quot;cat!=Urgent&quot;,&quot;&lt;not&gt;&lt;cat&gt;Urgent&lt;/cat&gt;&lt;/not&gt;&quot;)" fullname="NUnit.Common.Tests.TestSelectionParserTests.TestParser(&quot;cat!=Urgent&quot;,&quot;&lt;not&gt;&lt;cat&gt;Urgent&lt;/cat&gt;&lt;/not&gt;&quot;)" methodname="TestParser" classname="NUnit.Common.Tests.TestSelectionParserTests" runstate="Runnable" seed="2070855493" result="Passed" start-time="2018-10-06 20:02:29Z" end-time="2018-10-06 20:02:29Z" duration="0.000489" asserts="2" />
              <test-case id="1037" name="TestParser(&quot;cat!='Urgent,+-!'&quot;,&quot;&lt;not&gt;&lt;cat&gt;Urgent,+-!&lt;/cat&gt;&lt;/not&gt;&quot;)" fullname="NUnit.Common.Tests.TestSelectionParserTests.TestParser(&quot;cat!='Urgent,+-!'&quot;,&quot;&lt;not&gt;&lt;cat&gt;Urgent,+-!&lt;/cat&gt;&lt;/not&gt;&quot;)" methodname="TestParser" classname="NUnit.Common.Tests.TestSelectionParserTests" runstate="Runnable" seed="1444170132" result="Passed" start-time="2018-10-06 20:02:29Z" end-time="2018-10-06 20:02:29Z" duration="0.000408" asserts="2" />
              <test-case id="1038" name="TestParser(&quot;cat =~ Urgent&quot;,&quot;&lt;cat re='1'&gt;Urgent&lt;/cat&gt;&quot;)" fullname="NUnit.Common.Tests.TestSelectionParserTests.TestParser(&quot;cat =~ Urgent&quot;,&quot;&lt;cat re='1'&gt;Urgent&lt;/cat&gt;&quot;)" methodname="TestParser" classname="NUnit.Common.Tests.TestSelectionParserTests" runstate="Runnable" seed="609596181" result="Passed" start-time="2018-10-06 20:02:29Z" end-time="2018-10-06 20:02:29Z" duration="0.000555" asserts="2" />
              <test-case id="1039" name="TestParser(&quot;cat =~ 'Urgent,+-!'&quot;,&quot;&lt;cat re='1'&gt;Urgent,+-!&lt;/cat&gt;&quot;)" fullname="NUnit.Common.Tests.TestSelectionParserTests.TestParser(&quot;cat =~ 'Urgent,+-!'&quot;,&quot;&lt;cat re='1'&gt;Urgent,+-!&lt;/cat&gt;&quot;)" methodname="TestParser" classname="NUnit.Common.Tests.TestSelectionParserTests" runstate="Runnable" seed="1726996234" result="Passed" start-time="2018-10-06 20:02:29Z" end-time="2018-10-06 20:02:29Z" duration="0.000705" asserts="2" />
              <test-case id="1040" name="TestParser(&quot;cat =~ 'Urgent,\\+-!'&quot;,&quot;&lt;cat re='1'&gt;Urgent,+-!&lt;/cat&gt;&quot;)" fullname="NUnit.Common.Tests.TestSelectionParserTests.TestParser(&quot;cat =~ 'Urgent,\\+-!'&quot;,&quot;&lt;cat re='1'&gt;Urgent,+-!&lt;/cat&gt;&quot;)" methodname="TestParser" classname="NUnit.Common.Tests.TestSelectionParserTests" runstate="Runnable" seed="1524952377" result="Passed" start-time="2018-10-06 20:02:29Z" end-time="2018-10-06 20:02:29Z" duration="0.000629" asserts="2" />
              <test-case id="1041" name="TestParser(&quot;cat =~ 'Urgent,\\\\+-!'&quot;,&quot;&lt;cat re='1'&gt;Urgent,\\+-!&lt;/cat&gt;&quot;)" fullname="NUnit.Common.Tests.TestSelectionParserTests.TestParser(&quot;cat =~ 'Urgent,\\\\+-!'&quot;,&quot;&lt;cat re='1'&gt;Urgent,\\+-!&lt;/cat&gt;&quot;)" methodname="TestParser" classname="NUnit.Common.Tests.TestSelectionParserTests" runstate="Runnable" seed="1800652654" result="Passed" start-time="2018-10-06 20:02:29Z" end-time="2018-10-06 20:02:29Z" duration="0.000573" asserts="2" />
              <test-case id="1042" name="TestParser(&quot;cat !~ Urgent&quot;,&quot;&lt;not&gt;&lt;cat re='1'&gt;Urgent&lt;/cat&gt;&lt;/not&gt;&quot;)" fullname="NUnit.Common.Tests.TestSelectionParserTests.TestParser(&quot;cat !~ Urgent&quot;,&quot;&lt;not&gt;&lt;cat re='1'&gt;Urgent&lt;/cat&gt;&lt;/not&gt;&quot;)" methodname="TestParser" classname="NUnit.Common.Tests.TestSelectionParserTests" runstate="Runnable" seed="784243902" result="Passed" start-time="2018-10-06 20:02:29Z" end-time="2018-10-06 20:02:29Z" duration="0.000659" asserts="2" />
              <test-case id="1043" name="TestParser(&quot;cat !~ 'Urgent,+-!'&quot;,&quot;&lt;not&gt;&lt;cat re='1'&gt;Urgent,+-!&lt;/cat&gt;&lt;/not&gt;&quot;)" fullname="NUnit.Common.Tests.TestSelectionParserTests.TestParser(&quot;cat !~ 'Urgent,+-!'&quot;,&quot;&lt;not&gt;&lt;cat re='1'&gt;Urgent,+-!&lt;/cat&gt;&lt;/not&gt;&quot;)" methodname="TestParser" classname="NUnit.Common.Tests.TestSelectionParserTests" runstate="Runnable" seed="1900227701" result="Passed" start-time="2018-10-06 20:02:29Z" end-time="2018-10-06 20:02:29Z" duration="0.000589" asserts="2" />
              <test-case id="1044" name="TestParser(&quot;cat !~ 'Urgent,\\+-!'&quot;,&quot;&lt;not&gt;&lt;cat re='1'&gt;Urgent,+-!&lt;/cat&gt;&lt;/not&gt;&quot;)" fullname="NUnit.Common.Tests.TestSelectionParserTests.TestParser(&quot;cat !~ 'Urgent,\\+-!'&quot;,&quot;&lt;not&gt;&lt;cat re='1'&gt;Urgent,+-!&lt;/cat&gt;&lt;/not&gt;&quot;)" methodname="TestParser" classname="NUnit.Common.Tests.TestSelectionParserTests" runstate="Runnable" seed="1285839867" result="Passed" start-time="2018-10-06 20:02:29Z" end-time="2018-10-06 20:02:29Z" duration="0.000558" asserts="2" />
              <test-case id="1045" name="TestParser(&quot;cat !~ 'Urgent,\\\\+-!'&quot;,&quot;&lt;not&gt;&lt;cat re='1'&gt;Urgent,\\+-!&lt;/cat&gt;&lt;/not&gt;&quot;)" fullname="NUnit.Common.Tests.TestSelectionParserTests.TestParser(&quot;cat !~ 'Urgent,\\\\+-!'&quot;,&quot;&lt;not&gt;&lt;cat re='1'&gt;Urgent,\\+-!&lt;/cat&gt;&lt;/not&gt;&quot;)" methodname="TestParser" classname="NUnit.Common.Tests.TestSelectionParserTests" runstate="Runnable" seed="669674106" result="Passed" start-time="2018-10-06 20:02:29Z" end-time="2018-10-06 20:02:29Z" duration="0.000572" asserts="2" />
              <test-case id="1046" name="TestParser(&quot;cat = Urgent || cat = High&quot;,&quot;&lt;or&gt;&lt;cat&gt;Urgent&lt;/cat&gt;&lt;cat&gt;High&lt;/cat&gt;&lt;/or&gt;&quot;)" fullname="NUnit.Common.Tests.TestSelectionParserTests.TestParser(&quot;cat = Urgent || cat = High&quot;,&quot;&lt;or&gt;&lt;cat&gt;Urgent&lt;/cat&gt;&lt;cat&gt;High&lt;/cat&gt;&lt;/or&gt;&quot;)" methodname="TestParser" classname="NUnit.Common.Tests.TestSelectionParserTests" runstate="Runnable" seed="1035817974" result="Passed" start-time="2018-10-06 20:02:29Z" end-time="2018-10-06 20:02:29Z" duration="0.000571" asserts="2" />
              <test-case id="1047" name="TestParser(&quot;Priority == High&quot;,&quot;&lt;prop name='Priority'&gt;High&lt;/prop&gt;&quot;)" fullname="NUnit.Common.Tests.TestSelectionParserTests.TestParser(&quot;Priority == High&quot;,&quot;&lt;prop name='Priority'&gt;High&lt;/prop&gt;&quot;)" methodname="TestParser" classname="NUnit.Common.Tests.TestSelectionParserTests" runstate="Runnable" seed="1728807236" result="Passed" start-time="2018-10-06 20:02:29Z" end-time="2018-10-06 20:02:29Z" duration="0.001112" asserts="2" />
              <test-case id="1048" name="TestParser(&quot;Priority != Urgent&quot;,&quot;&lt;not&gt;&lt;prop name='Priority'&gt;Urgent&lt;/prop&gt;&lt;/not&gt;&quot;)" fullname="NUnit.Common.Tests.TestSelectionParserTests.TestParser(&quot;Priority != Urgent&quot;,&quot;&lt;not&gt;&lt;prop name='Priority'&gt;Urgent&lt;/prop&gt;&lt;/not&gt;&quot;)" methodname="TestParser" classname="NUnit.Common.Tests.TestSelectionParserTests" runstate="Runnable" seed="1501318268" result="Passed" start-time="2018-10-06 20:02:29Z" end-time="2018-10-06 20:02:29Z" duration="0.000807" asserts="2" />
              <test-case id="1049" name="TestParser(&quot;Author =~ Jones&quot;,&quot;&lt;prop name='Author' re='1'&gt;Jones&lt;/prop&gt;&quot;)" fullname="NUnit.Common.Tests.TestSelectionParserTests.TestParser(&quot;Author =~ Jones&quot;,&quot;&lt;prop name='Author' re='1'&gt;Jones&lt;/prop&gt;&quot;)" methodname="TestParser" classname="NUnit.Common.Tests.TestSelectionParserTests" runstate="Runnable" seed="534144916" result="Passed" start-time="2018-10-06 20:02:29Z" end-time="2018-10-06 20:02:29Z" duration="0.000501" asserts="2" />
              <test-case id="1050" name="TestParser(&quot;Author !~ Jones&quot;,&quot;&lt;not&gt;&lt;prop name='Author' re='1'&gt;Jones&lt;/prop&gt;&lt;/not&gt;&quot;)" fullname="NUnit.Common.Tests.TestSelectionParserTests.TestParser(&quot;Author !~ Jones&quot;,&quot;&lt;not&gt;&lt;prop name='Author' re='1'&gt;Jones&lt;/prop&gt;&lt;/not&gt;&quot;)" methodname="TestParser" classname="NUnit.Common.Tests.TestSelectionParserTests" runstate="Runnable" seed="1209591724" result="Passed" start-time="2018-10-06 20:02:29Z" end-time="2018-10-06 20:02:29Z" duration="0.000409" asserts="2" />
              <test-case id="1051" name="TestParser(&quot;name='SomeTest'&quot;,&quot;&lt;name&gt;SomeTest&lt;/name&gt;&quot;)" fullname="NUnit.Common.Tests.TestSelectionParserTests.TestParser(&quot;name='SomeTest'&quot;,&quot;&lt;name&gt;SomeTest&lt;/name&gt;&quot;)" methodname="TestParser" classname="NUnit.Common.Tests.TestSelectionParserTests" runstate="Runnable" seed="193237833" result="Passed" start-time="2018-10-06 20:02:29Z" end-time="2018-10-06 20:02:29Z" duration="0.000487" asserts="2" />
              <test-case id="1052" name="TestParser(&quot;method=TestMethod&quot;,&quot;&lt;method&gt;TestMethod&lt;/method&gt;&quot;)" fullname="NUnit.Common.Tests.TestSelectionParserTests.TestParser(&quot;method=TestMethod&quot;,&quot;&lt;method&gt;TestMethod&lt;/method&gt;&quot;)" methodname="TestParser" classname="NUnit.Common.Tests.TestSelectionParserTests" runstate="Runnable" seed="573543378" result="Passed" start-time="2018-10-06 20:02:29Z" end-time="2018-10-06 20:02:29Z" duration="0.000393" asserts="2" />
              <test-case id="1053" name="TestParser(&quot;method=Test1||method=Test2||method=Test3&quot;,&quot;&lt;or&gt;&lt;method&gt;Test1&lt;/method&gt;&lt;method&gt;Test2&lt;/method&gt;&lt;method&gt;Test3&lt;/method&gt;&lt;/or&gt;&quot;)" fullname="NUnit.Common.Tests.TestSelectionParserTests.TestParser(&quot;method=Test1||method=Test2||method=Test3&quot;,&quot;&lt;or&gt;&lt;method&gt;Test1&lt;/method&gt;&lt;method&gt;Test2&lt;/method&gt;&lt;method&gt;Test3&lt;/method&gt;&lt;/or&gt;&quot;)" methodname="TestParser" classname="NUnit.Common.Tests.TestSelectionParserTests" runstate="Runnable" seed="1953563446" result="Passed" start-time="2018-10-06 20:02:29Z" end-time="2018-10-06 20:02:29Z" duration="0.000409" asserts="2" />
              <test-case id="1054" name="TestParser(&quot;test='My.Test.Fixture.Method(42)'&quot;,&quot;&lt;test&gt;My.Test.Fixture.Method(42)&lt;/test&gt;&quot;)" fullname="NUnit.Common.Tests.TestSelectionParserTests.TestParser(&quot;test='My.Test.Fixture.Method(42)'&quot;,&quot;&lt;test&gt;My.Test.Fixture.Method(42)&lt;/test&gt;&quot;)" methodname="TestParser" classname="NUnit.Common.Tests.TestSelectionParserTests" runstate="Runnable" seed="1200709961" result="Passed" start-time="2018-10-06 20:02:29Z" end-time="2018-10-06 20:02:29Z" duration="0.000413" asserts="2" />
              <test-case id="1055" name="TestParser(&quot;test='My.Test.Fixture.Method(\&quot;xyz\&quot;)'&quot;,&quot;&lt;test&gt;My.Test.Fixture.Method(&amp;quot;xyz&amp;quot;)&lt;/test&gt;&quot;)" fullname="NUnit.Common.Tests.TestSelectionParserTests.TestParser(&quot;test='My.Test.Fixture.Method(\&quot;xyz\&quot;)'&quot;,&quot;&lt;test&gt;My.Test.Fixture.Method(&amp;quot;xyz&amp;quot;)&lt;/test&gt;&quot;)" methodname="TestParser" classname="NUnit.Common.Tests.TestSelectionParserTests" runstate="Runnable" seed="1172806608" result="Passed" start-time="2018-10-06 20:02:29Z" end-time="2018-10-06 20:02:29Z" duration="0.007335" asserts="2" />
              <test-case id="1056" name="TestParser(&quot;test='My.Test.Fixture.Method(\&quot;abc\\'s\&quot;)'&quot;,&quot;&lt;test&gt;My.Test.Fixture.Method(&amp;quot;abc&amp;apos;s&amp;quot;)&lt;/test&gt;&quot;)" fullname="NUnit.Common.Tests.TestSelectionParserTests.TestParser(&quot;test='My.Test.Fixture.Method(\&quot;abc\\'s\&quot;)'&quot;,&quot;&lt;test&gt;My.Test.Fixture.Method(&amp;quot;abc&amp;apos;s&amp;quot;)&lt;/test&gt;&quot;)" methodname="TestParser" classname="NUnit.Common.Tests.TestSelectionParserTests" runstate="Runnable" seed="1503127244" result="Passed" start-time="2018-10-06 20:02:29Z" end-time="2018-10-06 20:02:29Z" duration="0.000419" asserts="2" />
              <test-case id="1057" name="TestParser(&quot;test='My.Test.Fixture.Method(\&quot;x&amp;y&amp;z\&quot;)'&quot;,&quot;&lt;test&gt;My.Test.Fixture.Method(&amp;quot;x&amp;amp;y&amp;amp;z&amp;quot;)&lt;/test&gt;&quot;)" fullname="NUnit.Common.Tests.TestSelectionParserTests.TestParser(&quot;test='My.Test.Fixture.Method(\&quot;x&amp;y&amp;z\&quot;)'&quot;,&quot;&lt;test&gt;My.Test.Fixture.Method(&amp;quot;x&amp;amp;y&amp;amp;z&amp;quot;)&lt;/test&gt;&quot;)" methodname="TestParser" classname="NUnit.Common.Tests.TestSelectionParserTests" runstate="Runnable" seed="262627545" result="Passed" start-time="2018-10-06 20:02:29Z" end-time="2018-10-06 20:02:29Z" duration="0.000341" asserts="2" />
              <test-case id="1058" name="TestParser(&quot;test='My.Test.Fixture.Method(\&quot;&lt;xyz&gt;\&quot;)'&quot;,&quot;&lt;test&gt;My.Test.Fixture.Method(&amp;quot;&amp;lt;xyz&amp;gt;&amp;quot;)&lt;/test&gt;&quot;)" fullname="NUnit.Common.Tests.TestSelectionParserTests.TestParser(&quot;test='My.Test.Fixture.Method(\&quot;&lt;xyz&gt;\&quot;)'&quot;,&quot;&lt;test&gt;My.Test.Fixture.Method(&amp;quot;&amp;lt;xyz&amp;gt;&amp;quot;)&lt;/test&gt;&quot;)" methodname="TestParser" classname="NUnit.Common.Tests.TestSelectionParserTests" runstate="Runnable" seed="400925253" result="Passed" start-time="2018-10-06 20:02:29Z" end-time="2018-10-06 20:02:29Z" duration="0.000339" asserts="2" />
              <test-case id="1059" name="TestParser(&quot;cat==Urgent &amp;&amp; test=='My.Tests'&quot;,&quot;&lt;and&gt;&lt;cat&gt;Urgent&lt;/cat&gt;&lt;test&gt;My.Tests&lt;/test&gt;&lt;/and&gt;&quot;)" fullname="NUnit.Common.Tests.TestSelectionParserTests.TestParser(&quot;cat==Urgent &amp;&amp; test=='My.Tests'&quot;,&quot;&lt;and&gt;&lt;cat&gt;Urgent&lt;/cat&gt;&lt;test&gt;My.Tests&lt;/test&gt;&lt;/and&gt;&quot;)" methodname="TestParser" classname="NUnit.Common.Tests.TestSelectionParserTests" runstate="Runnable" seed="1377431750" result="Passed" start-time="2018-10-06 20:02:29Z" end-time="2018-10-06 20:02:29Z" duration="0.000546" asserts="2" />
              <test-case id="1060" name="TestParser(&quot;cat==Urgent and test=='My.Tests'&quot;,&quot;&lt;and&gt;&lt;cat&gt;Urgent&lt;/cat&gt;&lt;test&gt;My.Tests&lt;/test&gt;&lt;/and&gt;&quot;)" fullname="NUnit.Common.Tests.TestSelectionParserTests.TestParser(&quot;cat==Urgent and test=='My.Tests'&quot;,&quot;&lt;and&gt;&lt;cat&gt;Urgent&lt;/cat&gt;&lt;test&gt;My.Tests&lt;/test&gt;&lt;/and&gt;&quot;)" methodname="TestParser" classname="NUnit.Common.Tests.TestSelectionParserTests" runstate="Runnable" seed="1883504239" result="Passed" start-time="2018-10-06 20:02:29Z" end-time="2018-10-06 20:02:29Z" duration="0.000625" asserts="2" />
              <test-case id="1061" name="TestParser(&quot;cat==Urgent || test=='My.Tests'&quot;,&quot;&lt;or&gt;&lt;cat&gt;Urgent&lt;/cat&gt;&lt;test&gt;My.Tests&lt;/test&gt;&lt;/or&gt;&quot;)" fullname="NUnit.Common.Tests.TestSelectionParserTests.TestParser(&quot;cat==Urgent || test=='My.Tests'&quot;,&quot;&lt;or&gt;&lt;cat&gt;Urgent&lt;/cat&gt;&lt;test&gt;My.Tests&lt;/test&gt;&lt;/or&gt;&quot;)" methodname="TestParser" classname="NUnit.Common.Tests.TestSelectionParserTests" runstate="Runnable" seed="30902116" result="Passed" start-time="2018-10-06 20:02:29Z" end-time="2018-10-06 20:02:29Z" duration="0.000675" asserts="2" />
              <test-case id="1062" name="TestParser(&quot;cat==Urgent or test=='My.Tests'&quot;,&quot;&lt;or&gt;&lt;cat&gt;Urgent&lt;/cat&gt;&lt;test&gt;My.Tests&lt;/test&gt;&lt;/or&gt;&quot;)" fullname="NUnit.Common.Tests.TestSelectionParserTests.TestParser(&quot;cat==Urgent or test=='My.Tests'&quot;,&quot;&lt;or&gt;&lt;cat&gt;Urgent&lt;/cat&gt;&lt;test&gt;My.Tests&lt;/test&gt;&lt;/or&gt;&quot;)" methodname="TestParser" classname="NUnit.Common.Tests.TestSelectionParserTests" runstate="Runnable" seed="875265621" result="Passed" start-time="2018-10-06 20:02:29Z" end-time="2018-10-06 20:02:29Z" duration="0.000735" asserts="2" />
              <test-case id="1063" name="TestParser(&quot;cat==Urgent || test=='My.Tests' &amp;&amp; cat == high&quot;,&quot;&lt;or&gt;&lt;cat&gt;Urgent&lt;/cat&gt;&lt;and&gt;&lt;test&gt;My.Tests&lt;/test&gt;&lt;cat&gt;high&lt;/cat&gt;&lt;/and&gt;&lt;/or&gt;&quot;)" fullname="NUnit.Common.Tests.TestSelectionParserTests.TestParser(&quot;cat==Urgent || test=='My.Tests' &amp;&amp; cat == high&quot;,&quot;&lt;or&gt;&lt;cat&gt;Urgent&lt;/cat&gt;&lt;and&gt;&lt;test&gt;My.Tests&lt;/test&gt;&lt;cat&gt;high&lt;/cat&gt;&lt;/and&gt;&lt;/or&gt;&quot;)" methodname="TestParser" classname="NUnit.Common.Tests.TestSelectionParserTests" runstate="Runnable" seed="1179568180" result="Passed" start-time="2018-10-06 20:02:29Z" end-time="2018-10-06 20:02:29Z" duration="0.000543" asserts="2" />
              <test-case id="1064" name="TestParser(&quot;cat==Urgent &amp;&amp; test=='My.Tests' || cat == high&quot;,&quot;&lt;or&gt;&lt;and&gt;&lt;cat&gt;Urgent&lt;/cat&gt;&lt;test&gt;My.Tests&lt;/test&gt;&lt;/and&gt;&lt;cat&gt;high&lt;/cat&gt;&lt;/or&gt;&quot;)" fullname="NUnit.Common.Tests.TestSelectionParserTests.TestParser(&quot;cat==Urgent &amp;&amp; test=='My.Tests' || cat == high&quot;,&quot;&lt;or&gt;&lt;and&gt;&lt;cat&gt;Urgent&lt;/cat&gt;&lt;test&gt;My.Tests&lt;/test&gt;&lt;/and&gt;&lt;cat&gt;high&lt;/cat&gt;&lt;/or&gt;&quot;)" methodname="TestParser" classname="NUnit.Common.Tests.TestSelectionParserTests" runstate="Runnable" seed="232337595" result="Passed" start-time="2018-10-06 20:02:29Z" end-time="2018-10-06 20:02:29Z" duration="0.000449" asserts="2" />
              <test-case id="1065" name="TestParser(&quot;cat==Urgent &amp;&amp; (test=='My.Tests' || cat == high)&quot;,&quot;&lt;and&gt;&lt;cat&gt;Urgent&lt;/cat&gt;&lt;or&gt;&lt;test&gt;My.Tests&lt;/test&gt;&lt;cat&gt;high&lt;/cat&gt;&lt;/or&gt;&lt;/and&gt;&quot;)" fullname="NUnit.Common.Tests.TestSelectionParserTests.TestParser(&quot;cat==Urgent &amp;&amp; (test=='My.Tests' || cat == high)&quot;,&quot;&lt;and&gt;&lt;cat&gt;Urgent&lt;/cat&gt;&lt;or&gt;&lt;test&gt;My.Tests&lt;/test&gt;&lt;cat&gt;high&lt;/cat&gt;&lt;/or&gt;&lt;/and&gt;&quot;)" methodname="TestParser" classname="NUnit.Common.Tests.TestSelectionParserTests" runstate="Runnable" seed="2089329970" result="Passed" start-time="2018-10-06 20:02:29Z" end-time="2018-10-06 20:02:29Z" duration="0.000780" asserts="2" />
              <test-case id="1066" name="TestParser(&quot;cat==Urgent &amp;&amp; !(test=='My.Tests' || cat == high)&quot;,&quot;&lt;and&gt;&lt;cat&gt;Urgent&lt;/cat&gt;&lt;not&gt;&lt;or&gt;&lt;test&gt;My.Tests&lt;/test&gt;&lt;cat&gt;high&lt;/cat&gt;&lt;/or&gt;&lt;/not&gt;&lt;/and&gt;&quot;)" fullname="NUnit.Common.Tests.TestSelectionParserTests.TestParser(&quot;cat==Urgent &amp;&amp; !(test=='My.Tests' || cat == high)&quot;,&quot;&lt;and&gt;&lt;cat&gt;Urgent&lt;/cat&gt;&lt;not&gt;&lt;or&gt;&lt;test&gt;My.Tests&lt;/test&gt;&lt;cat&gt;high&lt;/cat&gt;&lt;/or&gt;&lt;/not&gt;&lt;/and&gt;&quot;)" methodname="TestParser" classname="NUnit.Common.Tests.TestSelectionParserTests" runstate="Runnable" seed="736067180" result="Passed" start-time="2018-10-06 20:02:29Z" end-time="2018-10-06 20:02:29Z" duration="0.000421" asserts="2" />
            </test-suite>
            <test-suite type="ParameterizedMethod" id="1072" name="TestParser_InvalidInput" fullname="NUnit.Common.Tests.TestSelectionParserTests.TestParser_InvalidInput" classname="NUnit.Common.Tests.TestSelectionParserTests" runstate="Runnable" testcasecount="4" result="Passed" start-time="2018-10-06 20:02:29Z" end-time="2018-10-06 20:02:29Z" duration="0.001747" total="4" passed="4" failed="0" warnings="0" inconclusive="0" skipped="0" asserts="4">
              <test-case id="1068" name="TestParser_InvalidInput(null,System.ArgumentNullException)" fullname="NUnit.Common.Tests.TestSelectionParserTests.TestParser_InvalidInput(null,System.ArgumentNullException)" methodname="TestParser_InvalidInput" classname="NUnit.Common.Tests.TestSelectionParserTests" runstate="Runnable" seed="174550267" result="Passed" start-time="2018-10-06 20:02:29Z" end-time="2018-10-06 20:02:29Z" duration="0.001010" asserts="1" />
              <test-case id="1069" name="TestParser_InvalidInput(&quot;&quot;,NUnit.Common.TestSelectionParserException)" fullname="NUnit.Common.Tests.TestSelectionParserTests.TestParser_InvalidInput(&quot;&quot;,NUnit.Common.TestSelectionParserException)" methodname="TestParser_InvalidInput" classname="NUnit.Common.Tests.TestSelectionParserTests" runstate="Runnable" seed="841842379" result="Passed" start-time="2018-10-06 20:02:29Z" end-time="2018-10-06 20:02:29Z" duration="0.000238" asserts="1" />
              <test-case id="1070" name="TestParser_InvalidInput(&quot;   &quot;,NUnit.Common.TestSelectionParserException)" fullname="NUnit.Common.Tests.TestSelectionParserTests.TestParser_InvalidInput(&quot;   &quot;,NUnit.Common.TestSelectionParserException)" methodname="TestParser_InvalidInput" classname="NUnit.Common.Tests.TestSelectionParserTests" runstate="Runnable" seed="994886210" result="Passed" start-time="2018-10-06 20:02:29Z" end-time="2018-10-06 20:02:29Z" duration="0.000206" asserts="1" />
              <test-case id="1071" name="TestParser_InvalidInput(&quot;  \t\t &quot;,NUnit.Common.TestSelectionParserException)" fullname="NUnit.Common.Tests.TestSelectionParserTests.TestParser_InvalidInput(&quot;  \t\t &quot;,NUnit.Common.TestSelectionParserException)" methodname="TestParser_InvalidInput" classname="NUnit.Common.Tests.TestSelectionParserTests" runstate="Runnable" seed="1548634928" result="Passed" start-time="2018-10-06 20:02:29Z" end-time="2018-10-06 20:02:29Z" duration="0.000204" asserts="1" />
            </test-suite>
          </test-suite>
          <test-suite type="TestFixture" id="1073" name="TokenizerTests" fullname="NUnit.Common.Tests.TokenizerTests" classname="NUnit.Common.Tests.TokenizerTests" runstate="Runnable" testcasecount="12" result="Passed" start-time="2018-10-06 20:02:29Z" end-time="2018-10-06 20:02:29Z" duration="0.015327" total="12" passed="12" failed="0" warnings="0" inconclusive="0" skipped="0" asserts="61">
            <test-case id="1075" name="BlankStringReturnsEof" fullname="NUnit.Common.Tests.TokenizerTests.BlankStringReturnsEof" methodname="BlankStringReturnsEof" classname="NUnit.Common.Tests.TokenizerTests" runstate="Runnable" seed="481231571" result="Passed" start-time="2018-10-06 20:02:29Z" end-time="2018-10-06 20:02:29Z" duration="0.004902" asserts="3" />
            <test-case id="1076" name="IdentifierTokens" fullname="NUnit.Common.Tests.TokenizerTests.IdentifierTokens" methodname="IdentifierTokens" classname="NUnit.Common.Tests.TokenizerTests" runstate="Runnable" seed="1495210876" result="Passed" start-time="2018-10-06 20:02:29Z" end-time="2018-10-06 20:02:29Z" duration="0.000666" asserts="5" />
            <test-case id="1085" name="MixedTokens_Complex" fullname="NUnit.Common.Tests.TokenizerTests.MixedTokens_Complex" methodname="MixedTokens_Complex" classname="NUnit.Common.Tests.TokenizerTests" runstate="Runnable" seed="1683098765" result="Passed" start-time="2018-10-06 20:02:29Z" end-time="2018-10-06 20:02:29Z" duration="0.001342" asserts="14" />
            <test-case id="1084" name="MixedTokens_Simple" fullname="NUnit.Common.Tests.TokenizerTests.MixedTokens_Simple" methodname="MixedTokens_Simple" classname="NUnit.Common.Tests.TokenizerTests" runstate="Runnable" seed="1566075768" result="Passed" start-time="2018-10-06 20:02:29Z" end-time="2018-10-06 20:02:29Z" duration="0.000547" asserts="4" />
            <test-case id="1074" name="NullInputThrowsException" fullname="NUnit.Common.Tests.TokenizerTests.NullInputThrowsException" methodname="NullInputThrowsException" classname="NUnit.Common.Tests.TokenizerTests" runstate="Runnable" seed="353887202" result="Passed" start-time="2018-10-06 20:02:29Z" end-time="2018-10-06 20:02:29Z" duration="0.001149" asserts="1" />
            <test-case id="1081" name="StringsMayContainEscapedQuoteChar" fullname="NUnit.Common.Tests.TokenizerTests.StringsMayContainEscapedQuoteChar" methodname="StringsMayContainEscapedQuoteChar" classname="NUnit.Common.Tests.TokenizerTests" runstate="Runnable" seed="1447158451" result="Passed" start-time="2018-10-06 20:02:29Z" end-time="2018-10-06 20:02:29Z" duration="0.000599" asserts="4" />
            <test-case id="1078" name="StringWithDoubleQuotes" fullname="NUnit.Common.Tests.TokenizerTests.StringWithDoubleQuotes" methodname="StringWithDoubleQuotes" classname="NUnit.Common.Tests.TokenizerTests" runstate="Runnable" seed="299076756" result="Passed" start-time="2018-10-06 20:02:29Z" end-time="2018-10-06 20:02:29Z" duration="0.000804" asserts="4" />
            <test-case id="1079" name="StringWithSingleQuotes" fullname="NUnit.Common.Tests.TokenizerTests.StringWithSingleQuotes" methodname="StringWithSingleQuotes" classname="NUnit.Common.Tests.TokenizerTests" runstate="Runnable" seed="1805179503" result="Passed" start-time="2018-10-06 20:02:29Z" end-time="2018-10-06 20:02:29Z" duration="0.000860" asserts="4" />
            <test-case id="1080" name="StringWithSlashes" fullname="NUnit.Common.Tests.TokenizerTests.StringWithSlashes" methodname="StringWithSlashes" classname="NUnit.Common.Tests.TokenizerTests" runstate="Runnable" seed="1804971327" result="Passed" start-time="2018-10-06 20:02:29Z" end-time="2018-10-06 20:02:29Z" duration="0.000931" asserts="4" />
            <test-case id="1083" name="SymbolTokens_DoubleChar" fullname="NUnit.Common.Tests.TokenizerTests.SymbolTokens_DoubleChar" methodname="SymbolTokens_DoubleChar" classname="NUnit.Common.Tests.TokenizerTests" runstate="Runnable" seed="1426577924" result="Passed" start-time="2018-10-06 20:02:29Z" end-time="2018-10-06 20:02:29Z" duration="0.001229" asserts="7" />
            <test-case id="1082" name="SymbolTokens_SingleChar" fullname="NUnit.Common.Tests.TokenizerTests.SymbolTokens_SingleChar" methodname="SymbolTokens_SingleChar" classname="NUnit.Common.Tests.TokenizerTests" runstate="Runnable" seed="29738971" result="Passed" start-time="2018-10-06 20:02:29Z" end-time="2018-10-06 20:02:29Z" duration="0.001256" asserts="7" />
            <test-case id="1077" name="WordsInUnicode" fullname="NUnit.Common.Tests.TokenizerTests.WordsInUnicode" methodname="WordsInUnicode" classname="NUnit.Common.Tests.TokenizerTests" runstate="Runnable" seed="906162160" result="Passed" start-time="2018-10-06 20:02:29Z" end-time="2018-10-06 20:02:29Z" duration="0.000894" asserts="4" />
          </test-suite>
        </test-suite>
      </test-suite>
      <test-suite type="TestSuite" id="1353" name="ConsoleRunner" fullname="NUnit.ConsoleRunner" runstate="Runnable" testcasecount="2" result="Passed" start-time="2018-10-06 20:02:29Z" end-time="2018-10-06 20:02:29Z" duration="0.003327" total="2" passed="2" failed="0" warnings="0" inconclusive="0" skipped="0" asserts="2">
        <test-suite type="TestSuite" id="1354" name="Tests" fullname="NUnit.ConsoleRunner.Tests" runstate="Runnable" testcasecount="2" result="Passed" start-time="2018-10-06 20:02:29Z" end-time="2018-10-06 20:02:29Z" duration="0.003316" total="2" passed="2" failed="0" warnings="0" inconclusive="0" skipped="0" asserts="2">
          <test-suite type="TestFixture" id="1086" name="DefaultOptionsProviderTests" fullname="NUnit.ConsoleRunner.Tests.DefaultOptionsProviderTests" classname="NUnit.ConsoleRunner.Tests.DefaultOptionsProviderTests" runstate="Runnable" testcasecount="2" result="Passed" start-time="2018-10-06 20:02:29Z" end-time="2018-10-06 20:02:29Z" duration="0.003310" total="2" passed="2" failed="0" warnings="0" inconclusive="0" skipped="0" asserts="2">
            <test-case id="1088" name="ShouldRetTeamCityAsFalseWhenHasNotEnvironmentVariable_TEAMCITY_PROJECT_NAME" fullname="NUnit.ConsoleRunner.Tests.DefaultOptionsProviderTests.ShouldRetTeamCityAsFalseWhenHasNotEnvironmentVariable_TEAMCITY_PROJECT_NAME" methodname="ShouldRetTeamCityAsFalseWhenHasNotEnvironmentVariable_TEAMCITY_PROJECT_NAME" classname="NUnit.ConsoleRunner.Tests.DefaultOptionsProviderTests" runstate="Runnable" seed="192429083" result="Passed" start-time="2018-10-06 20:02:29Z" end-time="2018-10-06 20:02:29Z" duration="0.001906" asserts="1" />
            <test-case id="1087" name="ShouldRetTeamCityAsTrueWhenHasEnvironmentVariable_TEAMCITY_PROJECT_NAME" fullname="NUnit.ConsoleRunner.Tests.DefaultOptionsProviderTests.ShouldRetTeamCityAsTrueWhenHasEnvironmentVariable_TEAMCITY_PROJECT_NAME" methodname="ShouldRetTeamCityAsTrueWhenHasEnvironmentVariable_TEAMCITY_PROJECT_NAME" classname="NUnit.ConsoleRunner.Tests.DefaultOptionsProviderTests" runstate="Runnable" seed="120143977" result="Passed" start-time="2018-10-06 20:02:29Z" end-time="2018-10-06 20:02:29Z" duration="0.001271" asserts="1" />
          </test-suite>
        </test-suite>
      </test-suite>
    </test-suite>
    <test-suite type="TestSuite" id="1355" name="NUnitLite" fullname="NUnitLite" runstate="Runnable" testcasecount="232" result="Skipped" label="Ignored" site="Child" start-time="2018-10-06 20:02:29Z" end-time="2018-10-06 20:02:30Z" duration="0.476707" total="232" passed="231" failed="0" warnings="0" inconclusive="0" skipped="1" asserts="458">
      <reason>
        <message><![CDATA[One or more child tests were ignored]]></message>
      </reason>
      <test-suite type="TestSuite" id="1356" name="Tests" fullname="NUnitLite.Tests" runstate="Runnable" testcasecount="232" result="Skipped" label="Ignored" site="Child" start-time="2018-10-06 20:02:29Z" end-time="2018-10-06 20:02:30Z" duration="0.476698" total="232" passed="231" failed="0" warnings="0" inconclusive="0" skipped="1" asserts="458">
        <reason>
          <message><![CDATA[One or more child tests were ignored]]></message>
        </reason>
        <test-suite type="TestFixture" id="1089" name="CommandLineTests" fullname="NUnitLite.Tests.CommandLineTests" classname="NUnitLite.Tests.CommandLineTests" runstate="Runnable" testcasecount="109" result="Passed" start-time="2018-10-06 20:02:29Z" end-time="2018-10-06 20:02:30Z" duration="0.252493" total="109" passed="109" failed="0" warnings="0" inconclusive="0" skipped="0" asserts="279">
          <test-case id="1176" name="AssemblyIsInvalidByDefault" fullname="NUnitLite.Tests.CommandLineTests.AssemblyIsInvalidByDefault" methodname="AssemblyIsInvalidByDefault" classname="NUnitLite.Tests.CommandLineTests" runstate="Runnable" seed="6945049" result="Passed" start-time="2018-10-06 20:02:29Z" end-time="2018-10-06 20:02:29Z" duration="0.005042" asserts="3" />
          <test-case id="1178" name="AssemblyIsValidIfAllowed" fullname="NUnitLite.Tests.CommandLineTests.AssemblyIsValidIfAllowed" methodname="AssemblyIsValidIfAllowed" classname="NUnitLite.Tests.CommandLineTests" runstate="Runnable" seed="500959464" result="Passed" start-time="2018-10-06 20:02:29Z" end-time="2018-10-06 20:02:29Z" duration="0.000553" asserts="2" />
          <test-suite type="ParameterizedMethod" id="1148" name="CanRecognizeBooleanOptions" fullname="NUnitLite.Tests.CommandLineTests.CanRecognizeBooleanOptions" classname="NUnitLite.Tests.CommandLineTests" runstate="Runnable" testcasecount="6" result="Passed" start-time="2018-10-06 20:02:29Z" end-time="2018-10-06 20:02:29Z" duration="0.024027" total="6" passed="6" failed="0" warnings="0" inconclusive="0" skipped="0" asserts="30">
            <test-case id="1142" name="CanRecognizeBooleanOptions(&quot;ShowHelp&quot;,&quot;help|h&quot;)" fullname="NUnitLite.Tests.CommandLineTests.CanRecognizeBooleanOptions(&quot;ShowHelp&quot;,&quot;help|h&quot;)" methodname="CanRecognizeBooleanOptions" classname="NUnitLite.Tests.CommandLineTests" runstate="Runnable" seed="1398119180" result="Passed" start-time="2018-10-06 20:02:29Z" end-time="2018-10-06 20:02:29Z" duration="0.006655" asserts="6">
              <output><![CDATA[Testing ShowHelp
]]></output>
            </test-case>
            <test-case id="1143" name="CanRecognizeBooleanOptions(&quot;ShowVersion&quot;,&quot;version|V&quot;)" fullname="NUnitLite.Tests.CommandLineTests.CanRecognizeBooleanOptions(&quot;ShowVersion&quot;,&quot;version|V&quot;)" methodname="CanRecognizeBooleanOptions" classname="NUnitLite.Tests.CommandLineTests" runstate="Runnable" seed="897813236" result="Passed" start-time="2018-10-06 20:02:29Z" end-time="2018-10-06 20:02:29Z" duration="0.000678" asserts="6">
              <output><![CDATA[Testing ShowVersion
]]></output>
            </test-case>
            <test-case id="1144" name="CanRecognizeBooleanOptions(&quot;StopOnError&quot;,&quot;stoponerror&quot;)" fullname="NUnitLite.Tests.CommandLineTests.CanRecognizeBooleanOptions(&quot;StopOnError&quot;,&quot;stoponerror&quot;)" methodname="CanRecognizeBooleanOptions" classname="NUnitLite.Tests.CommandLineTests" runstate="Runnable" seed="486829076" result="Passed" start-time="2018-10-06 20:02:29Z" end-time="2018-10-06 20:02:29Z" duration="0.000518" asserts="4">
              <output><![CDATA[Testing StopOnError
]]></output>
            </test-case>
            <test-case id="1145" name="CanRecognizeBooleanOptions(&quot;WaitBeforeExit&quot;,&quot;wait&quot;)" fullname="NUnitLite.Tests.CommandLineTests.CanRecognizeBooleanOptions(&quot;WaitBeforeExit&quot;,&quot;wait&quot;)" methodname="CanRecognizeBooleanOptions" classname="NUnitLite.Tests.CommandLineTests" runstate="Runnable" seed="202070079" result="Passed" start-time="2018-10-06 20:02:29Z" end-time="2018-10-06 20:02:29Z" duration="0.003263" asserts="4">
              <output><![CDATA[Testing WaitBeforeExit
]]></output>
            </test-case>
            <test-case id="1146" name="CanRecognizeBooleanOptions(&quot;NoHeader&quot;,&quot;noheader|noh&quot;)" fullname="NUnitLite.Tests.CommandLineTests.CanRecognizeBooleanOptions(&quot;NoHeader&quot;,&quot;noheader|noh&quot;)" methodname="CanRecognizeBooleanOptions" classname="NUnitLite.Tests.CommandLineTests" runstate="Runnable" seed="1525576689" result="Passed" start-time="2018-10-06 20:02:29Z" end-time="2018-10-06 20:02:29Z" duration="0.001150" asserts="6">
              <output><![CDATA[Testing NoHeader
]]></output>
            </test-case>
            <test-case id="1147" name="CanRecognizeBooleanOptions(&quot;TeamCity&quot;,&quot;teamcity&quot;)" fullname="NUnitLite.Tests.CommandLineTests.CanRecognizeBooleanOptions(&quot;TeamCity&quot;,&quot;teamcity&quot;)" methodname="CanRecognizeBooleanOptions" classname="NUnitLite.Tests.CommandLineTests" runstate="Runnable" seed="1405112061" result="Passed" start-time="2018-10-06 20:02:29Z" end-time="2018-10-06 20:02:29Z" duration="0.001107" asserts="4">
              <output><![CDATA[Testing TeamCity
]]></output>
            </test-case>
          </test-suite>
          <test-suite type="ParameterizedMethod" id="1160" name="CanRecognizeIntOptions" fullname="NUnitLite.Tests.CommandLineTests.CanRecognizeIntOptions" classname="NUnitLite.Tests.CommandLineTests" runstate="Runnable" testcasecount="1" result="Passed" start-time="2018-10-06 20:02:29Z" end-time="2018-10-06 20:02:29Z" duration="0.003138" total="1" passed="1" failed="0" warnings="0" inconclusive="0" skipped="0" asserts="3">
            <test-case id="1159" name="CanRecognizeIntOptions(&quot;RandomSeed&quot;,&quot;seed&quot;)" fullname="NUnitLite.Tests.CommandLineTests.CanRecognizeIntOptions(&quot;RandomSeed&quot;,&quot;seed&quot;)" methodname="CanRecognizeIntOptions" classname="NUnitLite.Tests.CommandLineTests" runstate="Runnable" seed="1913613989" result="Passed" start-time="2018-10-06 20:02:29Z" end-time="2018-10-06 20:02:29Z" duration="0.003054" asserts="3" />
          </test-suite>
          <test-suite type="ParameterizedMethod" id="1158" name="CanRecognizeLowerCaseOptionValues" fullname="NUnitLite.Tests.CommandLineTests.CanRecognizeLowerCaseOptionValues" classname="NUnitLite.Tests.CommandLineTests" runstate="Runnable" testcasecount="2" result="Passed" start-time="2018-10-06 20:02:29Z" end-time="2018-10-06 20:02:29Z" duration="0.004410" total="2" passed="2" failed="0" warnings="0" inconclusive="0" skipped="0" asserts="22">
            <test-case id="1156" name="CanRecognizeLowerCaseOptionValues(&quot;DisplayTestLabels&quot;,&quot;labels&quot;,[&quot;Off&quot;, &quot;On&quot;, &quot;All&quot;])" fullname="NUnitLite.Tests.CommandLineTests.CanRecognizeLowerCaseOptionValues(&quot;DisplayTestLabels&quot;,&quot;labels&quot;,[&quot;Off&quot;, &quot;On&quot;, &quot;All&quot;])" methodname="CanRecognizeLowerCaseOptionValues" classname="NUnitLite.Tests.CommandLineTests" runstate="Runnable" seed="2125215915" result="Passed" start-time="2018-10-06 20:02:29Z" end-time="2018-10-06 20:02:29Z" duration="0.003421" asserts="8" />
            <test-case id="1157" name="CanRecognizeLowerCaseOptionValues(&quot;InternalTraceLevel&quot;,&quot;trace&quot;,[&quot;Off&quot;, &quot;Error&quot;, &quot;Warning&quot;, &quot;Info&quot;, &quot;Debug&quot;, ...])" fullname="NUnitLite.Tests.CommandLineTests.CanRecognizeLowerCaseOptionValues(&quot;InternalTraceLevel&quot;,&quot;trace&quot;,[&quot;Off&quot;, &quot;Error&quot;, &quot;Warning&quot;, &quot;Info&quot;, &quot;Debug&quot;, ...])" methodname="CanRecognizeLowerCaseOptionValues" classname="NUnitLite.Tests.CommandLineTests" runstate="Runnable" seed="310744365" result="Passed" start-time="2018-10-06 20:02:29Z" end-time="2018-10-06 20:02:29Z" duration="0.000906" asserts="14" />
          </test-suite>
          <test-suite type="ParameterizedMethod" id="1155" name="CanRecognizeStringOptions" fullname="NUnitLite.Tests.CommandLineTests.CanRecognizeStringOptions" classname="NUnitLite.Tests.CommandLineTests" runstate="Runnable" testcasecount="6" result="Passed" start-time="2018-10-06 20:02:29Z" end-time="2018-10-06 20:02:29Z" duration="0.005551" total="6" passed="6" failed="0" warnings="0" inconclusive="0" skipped="0" asserts="46">
            <test-case id="1149" name="CanRecognizeStringOptions(&quot;WhereClause&quot;,&quot;where&quot;,[&quot;cat==Fast&quot;],[])" fullname="NUnitLite.Tests.CommandLineTests.CanRecognizeStringOptions(&quot;WhereClause&quot;,&quot;where&quot;,[&quot;cat==Fast&quot;],[])" methodname="CanRecognizeStringOptions" classname="NUnitLite.Tests.CommandLineTests" runstate="Runnable" seed="197997675" result="Passed" start-time="2018-10-06 20:02:29Z" end-time="2018-10-06 20:02:29Z" duration="0.002567" asserts="4" />
            <test-case id="1150" name="CanRecognizeStringOptions(&quot;DisplayTestLabels&quot;,&quot;labels&quot;,[&quot;Off&quot;, &quot;On&quot;, &quot;Before&quot;, &quot;After&quot;, &quot;All&quot;],[&quot;JUNK&quot;])" fullname="NUnitLite.Tests.CommandLineTests.CanRecognizeStringOptions(&quot;DisplayTestLabels&quot;,&quot;labels&quot;,[&quot;Off&quot;, &quot;On&quot;, &quot;Before&quot;, &quot;After&quot;, &quot;All&quot;],[&quot;JUNK&quot;])" methodname="CanRecognizeStringOptions" classname="NUnitLite.Tests.CommandLineTests" runstate="Runnable" seed="261768748" result="Passed" start-time="2018-10-06 20:02:29Z" end-time="2018-10-06 20:02:29Z" duration="0.000513" asserts="13" />
            <test-case id="1151" name="CanRecognizeStringOptions(&quot;OutFile&quot;,&quot;output|out&quot;,[&quot;output.txt&quot;],[])" fullname="NUnitLite.Tests.CommandLineTests.CanRecognizeStringOptions(&quot;OutFile&quot;,&quot;output|out&quot;,[&quot;output.txt&quot;],[])" methodname="CanRecognizeStringOptions" classname="NUnitLite.Tests.CommandLineTests" runstate="Runnable" seed="1802637771" result="Passed" start-time="2018-10-06 20:02:29Z" end-time="2018-10-06 20:02:29Z" duration="0.000601" asserts="6" />
            <test-case id="1152" name="CanRecognizeStringOptions(&quot;ErrFile&quot;,&quot;err&quot;,[&quot;error.txt&quot;],[])" fullname="NUnitLite.Tests.CommandLineTests.CanRecognizeStringOptions(&quot;ErrFile&quot;,&quot;err&quot;,[&quot;error.txt&quot;],[])" methodname="CanRecognizeStringOptions" classname="NUnitLite.Tests.CommandLineTests" runstate="Runnable" seed="1035848678" result="Passed" start-time="2018-10-06 20:02:29Z" end-time="2018-10-06 20:02:29Z" duration="0.000525" asserts="4" />
            <test-case id="1153" name="CanRecognizeStringOptions(&quot;WorkDirectory&quot;,&quot;work&quot;,[&quot;results&quot;],[])" fullname="NUnitLite.Tests.CommandLineTests.CanRecognizeStringOptions(&quot;WorkDirectory&quot;,&quot;work&quot;,[&quot;results&quot;],[])" methodname="CanRecognizeStringOptions" classname="NUnitLite.Tests.CommandLineTests" runstate="Runnable" seed="1056340074" result="Passed" start-time="2018-10-06 20:02:29Z" end-time="2018-10-06 20:02:29Z" duration="0.000629" asserts="4" />
            <test-case id="1154" name="CanRecognizeStringOptions(&quot;InternalTraceLevel&quot;,&quot;trace&quot;,[&quot;Off&quot;, &quot;Error&quot;, &quot;Warning&quot;, &quot;Info&quot;, &quot;Debug&quot;, ...],[&quot;JUNK&quot;])" fullname="NUnitLite.Tests.CommandLineTests.CanRecognizeStringOptions(&quot;InternalTraceLevel&quot;,&quot;trace&quot;,[&quot;Off&quot;, &quot;Error&quot;, &quot;Warning&quot;, &quot;Info&quot;, &quot;Debug&quot;, ...],[&quot;JUNK&quot;])" methodname="CanRecognizeStringOptions" classname="NUnitLite.Tests.CommandLineTests" runstate="Runnable" seed="636522163" result="Passed" start-time="2018-10-06 20:02:29Z" end-time="2018-10-06 20:02:29Z" duration="0.000558" asserts="15" />
          </test-suite>
          <test-suite type="ParameterizedMethod" id="1167" name="CanRecognizeTestSelectionOptions" fullname="NUnitLite.Tests.CommandLineTests.CanRecognizeTestSelectionOptions" classname="NUnitLite.Tests.CommandLineTests" runstate="Runnable" testcasecount="6" result="Passed" start-time="2018-10-06 20:02:29Z" end-time="2018-10-06 20:02:30Z" duration="0.003828" total="6" passed="6" failed="0" warnings="0" inconclusive="0" skipped="0" asserts="18">
            <test-case id="1161" name="CanRecognizeTestSelectionOptions(&quot;TestList&quot;,&quot;--test=Some.Name.Space.TestFixture&quot;,&quot;Some.Name.Space.TestFixture&quot;)" fullname="NUnitLite.Tests.CommandLineTests.CanRecognizeTestSelectionOptions(&quot;TestList&quot;,&quot;--test=Some.Name.Space.TestFixture&quot;,&quot;Some.Name.Space.TestFixture&quot;)" methodname="CanRecognizeTestSelectionOptions" classname="NUnitLite.Tests.CommandLineTests" runstate="Runnable" seed="242495805" result="Passed" start-time="2018-10-06 20:02:29Z" end-time="2018-10-06 20:02:30Z" duration="0.001717" asserts="3" />
            <test-case id="1162" name="CanRecognizeTestSelectionOptions(&quot;TestList&quot;,&quot;--test=A.B.C,E.F.G&quot;,&quot;A.B.C&quot;,&quot;E.F.G&quot;)" fullname="NUnitLite.Tests.CommandLineTests.CanRecognizeTestSelectionOptions(&quot;TestList&quot;,&quot;--test=A.B.C,E.F.G&quot;,&quot;A.B.C&quot;,&quot;E.F.G&quot;)" methodname="CanRecognizeTestSelectionOptions" classname="NUnitLite.Tests.CommandLineTests" runstate="Runnable" seed="1771512787" result="Passed" start-time="2018-10-06 20:02:30Z" end-time="2018-10-06 20:02:30Z" duration="0.000370" asserts="3" />
            <test-case id="1163" name="CanRecognizeTestSelectionOptions(&quot;TestList&quot;,&quot;--test=A.B.C|--test=E.F.G&quot;,&quot;A.B.C&quot;,&quot;E.F.G&quot;)" fullname="NUnitLite.Tests.CommandLineTests.CanRecognizeTestSelectionOptions(&quot;TestList&quot;,&quot;--test=A.B.C|--test=E.F.G&quot;,&quot;A.B.C&quot;,&quot;E.F.G&quot;)" methodname="CanRecognizeTestSelectionOptions" classname="NUnitLite.Tests.CommandLineTests" runstate="Runnable" seed="1323915457" result="Passed" start-time="2018-10-06 20:02:30Z" end-time="2018-10-06 20:02:30Z" duration="0.000297" asserts="3" />
            <test-case id="1164" name="CanRecognizeTestSelectionOptions(&quot;PreFilters&quot;,&quot;--prefilter=Some.Name.Space.TestFixture&quot;,&quot;Some.Name.Space.TestFixture&quot;)" fullname="NUnitLite.Tests.CommandLineTests.CanRecognizeTestSelectionOptions(&quot;PreFilters&quot;,&quot;--prefilter=Some.Name.Space.TestFixture&quot;,&quot;Some.Name.Space.TestFixture&quot;)" methodname="CanRecognizeTestSelectionOptions" classname="NUnitLite.Tests.CommandLineTests" runstate="Runnable" seed="806075349" result="Passed" start-time="2018-10-06 20:02:30Z" end-time="2018-10-06 20:02:30Z" duration="0.000719" asserts="3" />
            <test-case id="1165" name="CanRecognizeTestSelectionOptions(&quot;PreFilters&quot;,&quot;--prefilter=A.B.C,E.F.G&quot;,&quot;A.B.C&quot;,&quot;E.F.G&quot;)" fullname="NUnitLite.Tests.CommandLineTests.CanRecognizeTestSelectionOptions(&quot;PreFilters&quot;,&quot;--prefilter=A.B.C,E.F.G&quot;,&quot;A.B.C&quot;,&quot;E.F.G&quot;)" methodname="CanRecognizeTestSelectionOptions" classname="NUnitLite.Tests.CommandLineTests" runstate="Runnable" seed="596663072" result="Passed" start-time="2018-10-06 20:02:30Z" end-time="2018-10-06 20:02:30Z" duration="0.000314" asserts="3" />
            <test-case id="1166" name="CanRecognizeTestSelectionOptions(&quot;PreFilters&quot;,&quot;--prefilter=A.B.C|--prefilter=E.F.G&quot;,&quot;A.B.C&quot;,&quot;E.F.G&quot;)" fullname="NUnitLite.Tests.CommandLineTests.CanRecognizeTestSelectionOptions(&quot;PreFilters&quot;,&quot;--prefilter=A.B.C|--prefilter=E.F.G&quot;,&quot;A.B.C&quot;,&quot;E.F.G&quot;)" methodname="CanRecognizeTestSelectionOptions" classname="NUnitLite.Tests.CommandLineTests" runstate="Runnable" seed="885500823" result="Passed" start-time="2018-10-06 20:02:30Z" end-time="2018-10-06 20:02:30Z" duration="0.000295" asserts="3" />
          </test-suite>
          <test-case id="1188" name="DefaultResultSpecification" fullname="NUnitLite.Tests.CommandLineTests.DefaultResultSpecification" methodname="DefaultResultSpecification" classname="NUnitLite.Tests.CommandLineTests" runstate="Runnable" seed="1992694546" result="Passed" start-time="2018-10-06 20:02:30Z" end-time="2018-10-06 20:02:30Z" duration="0.000953" asserts="3" />
          <test-case id="1208" name="DisplayTestParameters" fullname="NUnitLite.Tests.CommandLineTests.DisplayTestParameters" methodname="DisplayTestParameters" classname="NUnitLite.Tests.CommandLineTests" runstate="Runnable" seed="609625682" result="Passed" start-time="2018-10-06 20:02:30Z" end-time="2018-10-06 20:02:30Z" duration="0.000913" asserts="0">
            <output><![CDATA[No Test Parameters were passed
]]></output>
          </test-case>
          <test-case id="1193" name="ExploreOptionWithFilePath" fullname="NUnitLite.Tests.CommandLineTests.ExploreOptionWithFilePath" methodname="ExploreOptionWithFilePath" classname="NUnitLite.Tests.CommandLineTests" runstate="Runnable" seed="1646167832" result="Passed" start-time="2018-10-06 20:02:30Z" end-time="2018-10-06 20:02:30Z" duration="0.002044" asserts="4" />
          <test-case id="1194" name="ExploreOptionWithFilePathAndFormat" fullname="NUnitLite.Tests.CommandLineTests.ExploreOptionWithFilePathAndFormat" methodname="ExploreOptionWithFilePathAndFormat" classname="NUnitLite.Tests.CommandLineTests" runstate="Runnable" seed="1523180700" result="Passed" start-time="2018-10-06 20:02:30Z" end-time="2018-10-06 20:02:30Z" duration="0.000603" asserts="4" />
          <test-case id="1195" name="ExploreOptionWithFilePathUsingEqualSign" fullname="NUnitLite.Tests.CommandLineTests.ExploreOptionWithFilePathUsingEqualSign" methodname="ExploreOptionWithFilePathUsingEqualSign" classname="NUnitLite.Tests.CommandLineTests" runstate="Runnable" seed="310363159" result="Passed" start-time="2018-10-06 20:02:30Z" end-time="2018-10-06 20:02:30Z" duration="0.000528" asserts="3" />
          <test-case id="1192" name="ExploreOptionWithoutPath" fullname="NUnitLite.Tests.CommandLineTests.ExploreOptionWithoutPath" methodname="ExploreOptionWithoutPath" classname="NUnitLite.Tests.CommandLineTests" runstate="Runnable" seed="1166492200" result="Passed" start-time="2018-10-06 20:02:30Z" end-time="2018-10-06 20:02:30Z" duration="0.000322" asserts="2" />
          <test-case id="1183" name="FileNameWithoutResultOptionLooksLikeParameter" fullname="NUnitLite.Tests.CommandLineTests.FileNameWithoutResultOptionLooksLikeParameter" methodname="FileNameWithoutResultOptionLooksLikeParameter" classname="NUnitLite.Tests.CommandLineTests" runstate="Runnable" seed="1443858960" result="Passed" start-time="2018-10-06 20:02:30Z" end-time="2018-10-06 20:02:30Z" duration="0.000577" asserts="3" />
          <test-suite type="ParameterizedMethod" id="1113" name="GetArgsFromCommandLine" fullname="NUnitLite.Tests.CommandLineTests.GetArgsFromCommandLine" classname="NUnitLite.Tests.CommandLineTests" runstate="Runnable" testcasecount="23" result="Passed" start-time="2018-10-06 20:02:30Z" end-time="2018-10-06 20:02:30Z" duration="0.016610" total="23" passed="23" failed="0" warnings="0" inconclusive="0" skipped="0" asserts="23">
            <test-case id="1090" name="GetArgsFromCommandLine(&quot;--arg&quot;,&quot;--arg&quot;)" fullname="NUnitLite.Tests.CommandLineTests.GetArgsFromCommandLine(&quot;--arg&quot;,&quot;--arg&quot;)" methodname="GetArgsFromCommandLine" classname="NUnitLite.Tests.CommandLineTests" runstate="Runnable" seed="2076122924" result="Passed" start-time="2018-10-06 20:02:30Z" end-time="2018-10-06 20:02:30Z" duration="0.006793" asserts="1" />
            <test-case id="1091" name="GetArgsFromCommandLine(&quot;--ArG&quot;,&quot;--ArG&quot;)" fullname="NUnitLite.Tests.CommandLineTests.GetArgsFromCommandLine(&quot;--ArG&quot;,&quot;--ArG&quot;)" methodname="GetArgsFromCommandLine" classname="NUnitLite.Tests.CommandLineTests" runstate="Runnable" seed="1739349864" result="Passed" start-time="2018-10-06 20:02:30Z" end-time="2018-10-06 20:02:30Z" duration="0.000451" asserts="1" />
            <test-case id="1092" name="GetArgsFromCommandLine(&quot;--arg1 --arg2&quot;,&quot;--arg1&quot;,&quot;--arg2&quot;)" fullname="NUnitLite.Tests.CommandLineTests.GetArgsFromCommandLine(&quot;--arg1 --arg2&quot;,&quot;--arg1&quot;,&quot;--arg2&quot;)" methodname="GetArgsFromCommandLine" classname="NUnitLite.Tests.CommandLineTests" runstate="Runnable" seed="548903564" result="Passed" start-time="2018-10-06 20:02:30Z" end-time="2018-10-06 20:02:30Z" duration="0.000268" asserts="1" />
            <test-case id="1093" name="GetArgsFromCommandLine(&quot;--arg1 data --arg2&quot;,&quot;--arg1&quot;,&quot;data&quot;,&quot;--arg2&quot;)" fullname="NUnitLite.Tests.CommandLineTests.GetArgsFromCommandLine(&quot;--arg1 data --arg2&quot;,&quot;--arg1&quot;,&quot;data&quot;,&quot;--arg2&quot;)" methodname="GetArgsFromCommandLine" classname="NUnitLite.Tests.CommandLineTests" runstate="Runnable" seed="1440678229" result="Passed" start-time="2018-10-06 20:02:30Z" end-time="2018-10-06 20:02:30Z" duration="0.000242" asserts="1" />
            <test-case id="1094" name="GetArgsFromCommandLine(&quot;&quot;)" fullname="NUnitLite.Tests.CommandLineTests.GetArgsFromCommandLine(&quot;&quot;)" methodname="GetArgsFromCommandLine" classname="NUnitLite.Tests.CommandLineTests" runstate="Runnable" seed="986954994" result="Passed" start-time="2018-10-06 20:02:30Z" end-time="2018-10-06 20:02:30Z" duration="0.000233" asserts="1" />
            <test-case id="1095" name="GetArgsFromCommandLine(&quot;   &quot;)" fullname="NUnitLite.Tests.CommandLineTests.GetArgsFromCommandLine(&quot;   &quot;)" methodname="GetArgsFromCommandLine" classname="NUnitLite.Tests.CommandLineTests" runstate="Runnable" seed="739712537" result="Passed" start-time="2018-10-06 20:02:30Z" end-time="2018-10-06 20:02:30Z" duration="0.000245" asserts="1" />
            <test-case id="1096" name="GetArgsFromCommandLine(&quot;\&quot;--arg 1\&quot; --arg2&quot;,&quot;--arg 1&quot;,&quot;--arg2&quot;)" fullname="NUnitLite.Tests.CommandLineTests.GetArgsFromCommandLine(&quot;\&quot;--arg 1\&quot; --arg2&quot;,&quot;--arg 1&quot;,&quot;--arg2&quot;)" methodname="GetArgsFromCommandLine" classname="NUnitLite.Tests.CommandLineTests" runstate="Runnable" seed="1690647211" result="Passed" start-time="2018-10-06 20:02:30Z" end-time="2018-10-06 20:02:30Z" duration="0.000394" asserts="1" />
            <test-case id="1097" name="GetArgsFromCommandLine(&quot;--arg1 \&quot;--arg 2\&quot;&quot;,&quot;--arg1&quot;,&quot;--arg 2&quot;)" fullname="NUnitLite.Tests.CommandLineTests.GetArgsFromCommandLine(&quot;--arg1 \&quot;--arg 2\&quot;&quot;,&quot;--arg1&quot;,&quot;--arg 2&quot;)" methodname="GetArgsFromCommandLine" classname="NUnitLite.Tests.CommandLineTests" runstate="Runnable" seed="868240922" result="Passed" start-time="2018-10-06 20:02:30Z" end-time="2018-10-06 20:02:30Z" duration="0.000242" asserts="1" />
            <test-case id="1098" name="GetArgsFromCommandLine(&quot;\&quot;--arg 1\&quot; \&quot;--arg 2\&quot;&quot;,&quot;--arg 1&quot;,&quot;--arg 2&quot;)" fullname="NUnitLite.Tests.CommandLineTests.GetArgsFromCommandLine(&quot;\&quot;--arg 1\&quot; \&quot;--arg 2\&quot;&quot;,&quot;--arg 1&quot;,&quot;--arg 2&quot;)" methodname="GetArgsFromCommandLine" classname="NUnitLite.Tests.CommandLineTests" runstate="Runnable" seed="1171222892" result="Passed" start-time="2018-10-06 20:02:30Z" end-time="2018-10-06 20:02:30Z" duration="0.000259" asserts="1" />
            <test-case id="1099" name="GetArgsFromCommandLine(&quot;\&quot;--arg 1\&quot; \&quot;--arg 2\&quot; arg3 \&quot;arg 4\&quot;&quot;,&quot;--arg 1&quot;,&quot;--arg 2&quot;,&quot;arg3&quot;,&quot;arg 4&quot;)" fullname="NUnitLite.Tests.CommandLineTests.GetArgsFromCommandLine(&quot;\&quot;--arg 1\&quot; \&quot;--arg 2\&quot; arg3 \&quot;arg 4\&quot;&quot;,&quot;--arg 1&quot;,&quot;--arg 2&quot;,&quot;arg3&quot;,&quot;arg 4&quot;)" methodname="GetArgsFromCommandLine" classname="NUnitLite.Tests.CommandLineTests" runstate="Runnable" seed="1906129755" result="Passed" start-time="2018-10-06 20:02:30Z" end-time="2018-10-06 20:02:30Z" duration="0.000572" asserts="1" />
            <test-case id="1100" name="GetArgsFromCommandLine(&quot;--arg1 \&quot;--arg 2\&quot; arg3 \&quot;arg 4\&quot;&quot;,&quot;--arg1&quot;,&quot;--arg 2&quot;,&quot;arg3&quot;,&quot;arg 4&quot;)" fullname="NUnitLite.Tests.CommandLineTests.GetArgsFromCommandLine(&quot;--arg1 \&quot;--arg 2\&quot; arg3 \&quot;arg 4\&quot;&quot;,&quot;--arg1&quot;,&quot;--arg 2&quot;,&quot;arg3&quot;,&quot;arg 4&quot;)" methodname="GetArgsFromCommandLine" classname="NUnitLite.Tests.CommandLineTests" runstate="Runnable" seed="2053719399" result="Passed" start-time="2018-10-06 20:02:30Z" end-time="2018-10-06 20:02:30Z" duration="0.000531" asserts="1" />
            <test-case id="1101" name="GetArgsFromCommandLine(&quot;\&quot;--arg 1\&quot; \&quot;--arg 2\&quot; arg3 \&quot;arg 4\&quot; \&quot;--arg 1\&quot; \&quot;--arg 2\&quot; arg3 \&quot;arg 4\&quot;&quot;,&quot;--arg 1&quot;,&quot;--arg 2&quot;,&quot;arg3&quot;,&quot;arg 4&quot;,&quot;--arg 1&quot;,&quot;--arg 2&quot;,&quot;arg3&quot;,&quot;arg 4&quot;)" fullname="NUnitLite.Tests.CommandLineTests.GetArgsFromCommandLine(&quot;\&quot;--arg 1\&quot; \&quot;--arg 2\&quot; arg3 \&quot;arg 4\&quot; \&quot;--arg 1\&quot; \&quot;--arg 2\&quot; arg3 \&quot;arg 4\&quot;&quot;,&quot;--arg 1&quot;,&quot;--arg 2&quot;,&quot;arg3&quot;,&quot;arg 4&quot;,&quot;--arg 1&quot;,&quot;--arg 2&quot;,&quot;arg3&quot;,&quot;arg 4&quot;)" methodname="GetArgsFromCommandLine" classname="NUnitLite.Tests.CommandLineTests" runstate="Runnable" seed="161693436" result="Passed" start-time="2018-10-06 20:02:30Z" end-time="2018-10-06 20:02:30Z" duration="0.000726" asserts="1" />
            <test-case id="1102" name="GetArgsFromCommandLine(&quot;\&quot;--arg\&quot;&quot;,&quot;--arg&quot;)" fullname="NUnitLite.Tests.CommandLineTests.GetArgsFromCommandLine(&quot;\&quot;--arg\&quot;&quot;,&quot;--arg&quot;)" methodname="GetArgsFromCommandLine" classname="NUnitLite.Tests.CommandLineTests" runstate="Runnable" seed="119685793" result="Passed" start-time="2018-10-06 20:02:30Z" end-time="2018-10-06 20:02:30Z" duration="0.000686" asserts="1" />
            <test-case id="1103" name="GetArgsFromCommandLine(&quot;\&quot;--arg 1\&quot;&quot;,&quot;--arg 1&quot;)" fullname="NUnitLite.Tests.CommandLineTests.GetArgsFromCommandLine(&quot;\&quot;--arg 1\&quot;&quot;,&quot;--arg 1&quot;)" methodname="GetArgsFromCommandLine" classname="NUnitLite.Tests.CommandLineTests" runstate="Runnable" seed="1173884212" result="Passed" start-time="2018-10-06 20:02:30Z" end-time="2018-10-06 20:02:30Z" duration="0.000482" asserts="1" />
            <test-case id="1104" name="GetArgsFromCommandLine(&quot;\&quot;--arg abc\&quot;&quot;,&quot;--arg abc&quot;)" fullname="NUnitLite.Tests.CommandLineTests.GetArgsFromCommandLine(&quot;\&quot;--arg abc\&quot;&quot;,&quot;--arg abc&quot;)" methodname="GetArgsFromCommandLine" classname="NUnitLite.Tests.CommandLineTests" runstate="Runnable" seed="641708096" result="Passed" start-time="2018-10-06 20:02:30Z" end-time="2018-10-06 20:02:30Z" duration="0.000514" asserts="1" />
            <test-case id="1105" name="GetArgsFromCommandLine(&quot;\&quot;--arg   abc\&quot;&quot;,&quot;--arg   abc&quot;)" fullname="NUnitLite.Tests.CommandLineTests.GetArgsFromCommandLine(&quot;\&quot;--arg   abc\&quot;&quot;,&quot;--arg   abc&quot;)" methodname="GetArgsFromCommandLine" classname="NUnitLite.Tests.CommandLineTests" runstate="Runnable" seed="1287632456" result="Passed" start-time="2018-10-06 20:02:30Z" end-time="2018-10-06 20:02:30Z" duration="0.000490" asserts="1" />
            <test-case id="1106" name="GetArgsFromCommandLine(&quot;\&quot; --arg   abc \&quot;&quot;,&quot; --arg   abc &quot;)" fullname="NUnitLite.Tests.CommandLineTests.GetArgsFromCommandLine(&quot;\&quot; --arg   abc \&quot;&quot;,&quot; --arg   abc &quot;)" methodname="GetArgsFromCommandLine" classname="NUnitLite.Tests.CommandLineTests" runstate="Runnable" seed="742348409" result="Passed" start-time="2018-10-06 20:02:30Z" end-time="2018-10-06 20:02:30Z" duration="0.000500" asserts="1" />
            <test-case id="1107" name="GetArgsFromCommandLine(&quot;\&quot;--arg=abc\&quot;&quot;,&quot;--arg=abc&quot;)" fullname="NUnitLite.Tests.CommandLineTests.GetArgsFromCommandLine(&quot;\&quot;--arg=abc\&quot;&quot;,&quot;--arg=abc&quot;)" methodname="GetArgsFromCommandLine" classname="NUnitLite.Tests.CommandLineTests" runstate="Runnable" seed="587825143" result="Passed" start-time="2018-10-06 20:02:30Z" end-time="2018-10-06 20:02:30Z" duration="0.000455" asserts="1" />
            <test-case id="1108" name="GetArgsFromCommandLine(&quot;\&quot;--arg=aBc\&quot;&quot;,&quot;--arg=aBc&quot;)" fullname="NUnitLite.Tests.CommandLineTests.GetArgsFromCommandLine(&quot;\&quot;--arg=aBc\&quot;&quot;,&quot;--arg=aBc&quot;)" methodname="GetArgsFromCommandLine" classname="NUnitLite.Tests.CommandLineTests" runstate="Runnable" seed="283173265" result="Passed" start-time="2018-10-06 20:02:30Z" end-time="2018-10-06 20:02:30Z" duration="0.000462" asserts="1" />
            <test-case id="1109" name="GetArgsFromCommandLine(&quot;\&quot;--arg = abc\&quot;&quot;,&quot;--arg = abc&quot;)" fullname="NUnitLite.Tests.CommandLineTests.GetArgsFromCommandLine(&quot;\&quot;--arg = abc\&quot;&quot;,&quot;--arg = abc&quot;)" methodname="GetArgsFromCommandLine" classname="NUnitLite.Tests.CommandLineTests" runstate="Runnable" seed="706776877" result="Passed" start-time="2018-10-06 20:02:30Z" end-time="2018-10-06 20:02:30Z" duration="0.000446" asserts="1" />
            <test-case id="1110" name="GetArgsFromCommandLine(&quot;\&quot;--arg=abc,xyz\&quot;&quot;,&quot;--arg=abc,xyz&quot;)" fullname="NUnitLite.Tests.CommandLineTests.GetArgsFromCommandLine(&quot;\&quot;--arg=abc,xyz\&quot;&quot;,&quot;--arg=abc,xyz&quot;)" methodname="GetArgsFromCommandLine" classname="NUnitLite.Tests.CommandLineTests" runstate="Runnable" seed="137403878" result="Passed" start-time="2018-10-06 20:02:30Z" end-time="2018-10-06 20:02:30Z" duration="0.000466" asserts="1" />
            <test-case id="1111" name="GetArgsFromCommandLine(&quot;\&quot;--arg=abc, xyz\&quot;&quot;,&quot;--arg=abc, xyz&quot;)" fullname="NUnitLite.Tests.CommandLineTests.GetArgsFromCommandLine(&quot;\&quot;--arg=abc, xyz\&quot;&quot;,&quot;--arg=abc, xyz&quot;)" methodname="GetArgsFromCommandLine" classname="NUnitLite.Tests.CommandLineTests" runstate="Runnable" seed="90115643" result="Passed" start-time="2018-10-06 20:02:30Z" end-time="2018-10-06 20:02:30Z" duration="0.000449" asserts="1" />
            <test-case id="1112" name="GetArgsFromCommandLine(&quot;\&quot;@arg = ~ ` ! @ # $ % ^ &amp; * ( ) _ - : ; + ' ' { } [ ] | \\ ? / . , , xYz\&quot;&quot;,&quot;@arg = ~ ` ! @ # $ % ^ &amp; * ( ) _ - : ; + ' ' { } [ ] | \\ ? / . , , xYz&quot;)" fullname="NUnitLite.Tests.CommandLineTests.GetArgsFromCommandLine(&quot;\&quot;@arg = ~ ` ! @ # $ % ^ &amp; * ( ) _ - : ; + ' ' { } [ ] | \\ ? / . , , xYz\&quot;&quot;,&quot;@arg = ~ ` ! @ # $ % ^ &amp; * ( ) _ - : ; + ' ' { } [ ] | \\ ? / . , , xYz&quot;)" methodname="GetArgsFromCommandLine" classname="NUnitLite.Tests.CommandLineTests" runstate="Runnable" seed="253648527" result="Passed" start-time="2018-10-06 20:02:30Z" end-time="2018-10-06 20:02:30Z" duration="0.000467" asserts="1" />
          </test-suite>
          <test-suite type="ParameterizedMethod" id="1137" name="GetArgsFromFiles" fullname="NUnitLite.Tests.CommandLineTests.GetArgsFromFiles" classname="NUnitLite.Tests.CommandLineTests" runstate="Runnable" testcasecount="23" result="Passed" start-time="2018-10-06 20:02:30Z" end-time="2018-10-06 20:02:30Z" duration="0.099344" total="23" passed="23" failed="0" warnings="0" inconclusive="0" skipped="0" asserts="46">
[...]
            <test-case id="1251" name="TestStarted(&quot;Before&quot;,&quot;=&gt; NUnitLite.Tests.TextUITests.MyFakeMethod\n&quot;)" fullname="NUnitLite.Tests.TextUITests.TestStarted(&quot;Before&quot;,&quot;=&gt; NUnitLite.Tests.TextUITests.MyFakeMethod\n&quot;)" methodname="TestStarted" classname="NUnitLite.Tests.TextUITests" runstate="Runnable" seed="829461411" result="Passed" start-time="2018-10-06 20:02:30Z" end-time="2018-10-06 20:02:30Z" duration="0.000197" asserts="1" />
            <test-case id="1252" name="TestStarted(&quot;After&quot;,&quot;&quot;)" fullname="NUnitLite.Tests.TextUITests.TestStarted(&quot;After&quot;,&quot;&quot;)" methodname="TestStarted" classname="NUnitLite.Tests.TextUITests" runstate="Runnable" seed="1959582108" result="Passed" start-time="2018-10-06 20:02:30Z" end-time="2018-10-06 20:02:30Z" duration="0.000185" asserts="1" />
          </test-suite>
          <test-suite type="ParameterizedMethod" id="1292" name="TestWritesSingleCharacters" fullname="NUnitLite.Tests.TextUITests.TestWritesSingleCharacters" classname="NUnitLite.Tests.TextUITests" runstate="Runnable" testcasecount="5" result="Passed" start-time="2018-10-06 20:02:30Z" end-time="2018-10-06 20:02:30Z" duration="0.001904" total="5" passed="5" failed="0" warnings="0" inconclusive="0" skipped="0" asserts="5">
            <test-case id="1287" name="TestWritesSingleCharacters(&quot;Off&quot;,&quot;ABC+XYZ\n&quot;)" fullname="NUnitLite.Tests.TextUITests.TestWritesSingleCharacters(&quot;Off&quot;,&quot;ABC+XYZ\n&quot;)" methodname="TestWritesSingleCharacters" classname="NUnitLite.Tests.TextUITests" runstate="Runnable" seed="891416459" result="Passed" start-time="2018-10-06 20:02:30Z" end-time="2018-10-06 20:02:30Z" duration="0.000971" asserts="1" />
            <test-case id="1288" name="TestWritesSingleCharacters(&quot;On&quot;,&quot;=&gt; NUnitLite.Tests.TextUITests.MyFakeMethod\nABC+XYZ\n&quot;)" fullname="NUnitLite.Tests.TextUITests.TestWritesSingleCharacters(&quot;On&quot;,&quot;=&gt; NUnitLite.Tests.TextUITests.MyFakeMethod\nABC+XYZ\n&quot;)" methodname="TestWritesSingleCharacters" classname="NUnitLite.Tests.TextUITests" runstate="Runnable" seed="1003690700" result="Passed" start-time="2018-10-06 20:02:30Z" end-time="2018-10-06 20:02:30Z" duration="0.000270" asserts="1" />
            <test-case id="1289" name="TestWritesSingleCharacters(&quot;All&quot;,&quot;=&gt; NUnitLite.Tests.TextUITests.MyFakeMethod\nABC+XYZ\n&quot;)" fullname="NUnitLite.Tests.TextUITests.TestWritesSingleCharacters(&quot;All&quot;,&quot;=&gt; NUnitLite.Tests.TextUITests.MyFakeMethod\nABC+XYZ\n&quot;)" methodname="TestWritesSingleCharacters" classname="NUnitLite.Tests.TextUITests" runstate="Runnable" seed="281806101" result="Passed" start-time="2018-10-06 20:02:30Z" end-time="2018-10-06 20:02:30Z" duration="0.000200" asserts="1" />
            <test-case id="1290" name="TestWritesSingleCharacters(&quot;Before&quot;,&quot;=&gt; NUnitLite.Tests.TextUITests.MyFakeMethod\nABC+XYZ\n&quot;)" fullname="NUnitLite.Tests.TextUITests.TestWritesSingleCharacters(&quot;Before&quot;,&quot;=&gt; NUnitLite.Tests.TextUITests.MyFakeMethod\nABC+XYZ\n&quot;)" methodname="TestWritesSingleCharacters" classname="NUnitLite.Tests.TextUITests" runstate="Runnable" seed="423810509" result="Passed" start-time="2018-10-06 20:02:30Z" end-time="2018-10-06 20:02:30Z" duration="0.000192" asserts="1" />
            <test-case id="1291" name="TestWritesSingleCharacters(&quot;After&quot;,&quot;=&gt; NUnitLite.Tests.TextUITests.MyFakeMethod\nABC+XYZ\nPassed =&gt; NUnitLite.Tests.TextUITests.MyFakeMethod\n&quot;)" fullname="NUnitLite.Tests.TextUITests.TestWritesSingleCharacters(&quot;After&quot;,&quot;=&gt; NUnitLite.Tests.TextUITests.MyFakeMethod\nABC+XYZ\nPassed =&gt; NUnitLite.Tests.TextUITests.MyFakeMethod\n&quot;)" methodname="TestWritesSingleCharacters" classname="NUnitLite.Tests.TextUITests" runstate="Runnable" seed="1108219801" result="Passed" start-time="2018-10-06 20:02:30Z" end-time="2018-10-06 20:02:30Z" duration="0.000204" asserts="1" />
          </test-suite>
          <test-suite type="ParameterizedMethod" id="1342" name="TwoTests_InterleavedExecution" fullname="NUnitLite.Tests.TextUITests.TwoTests_InterleavedExecution" classname="NUnitLite.Tests.TextUITests" runstate="Runnable" testcasecount="5" result="Passed" start-time="2018-10-06 20:02:30Z" end-time="2018-10-06 20:02:30Z" duration="0.002058" total="5" passed="5" failed="0" warnings="0" inconclusive="0" skipped="0" asserts="5">
            <test-case id="1337" name="TwoTests_InterleavedExecution(&quot;Off&quot;,&quot;Immediate output from first test\nAnother immediate output from first test\nImmediate output from second test\nOUTPUT1\nOUTPUT2\n&quot;)" fullname="NUnitLite.Tests.TextUITests.TwoTests_InterleavedExecution(&quot;Off&quot;,&quot;Immediate output from first test\nAnother immediate output from first test\nImmediate output from second test\nOUTPUT1\nOUTPUT2\n&quot;)" methodname="TwoTests_InterleavedExecution" classname="NUnitLite.Tests.TextUITests" runstate="Runnable" seed="80018895" result="Passed" start-time="2018-10-06 20:02:30Z" end-time="2018-10-06 20:02:30Z" duration="0.001334" asserts="1" />
            <test-case id="1338" name="TwoTests_InterleavedExecution(&quot;On&quot;,&quot;=&gt; NUnitLite.Tests.TextUITests.MyFakeMethod\nImmediate output from first test\nAnother immediate output from first test\n=&gt; NUnitLite.Tests.TextUITests.AnotherFakeMethod\nImmediate output from second test\n=&gt; NUnitLite.Tests.TextUITests.MyFakeMethod\nOUTPUT1\n=&gt; NUnitLite.Tests.TextUITests.AnotherFakeMethod\nOUTPUT2\n&quot;)" fullname="NUnitLite.Tests.TextUITests.TwoTests_InterleavedExecution(&quot;On&quot;,&quot;=&gt; NUnitLite.Tests.TextUITests.MyFakeMethod\nImmediate output from first test\nAnother immediate output from first test\n=&gt; NUnitLite.Tests.TextUITests.AnotherFakeMethod\nImmediate output from second test\n=&gt; NUnitLite.Tests.TextUITests.MyFakeMethod\nOUTPUT1\n=&gt; NUnitLite.Tests.TextUITests.AnotherFakeMethod\nOUTPUT2\n&quot;)" methodname="TwoTests_InterleavedExecution" classname="NUnitLite.Tests.TextUITests" runstate="Runnable" seed="2142709287" result="Passed" start-time="2018-10-06 20:02:30Z" end-time="2018-10-06 20:02:30Z" duration="0.000194" asserts="1" />
            <test-case id="1339" name="TwoTests_InterleavedExecution(&quot;All&quot;,&quot;=&gt; NUnitLite.Tests.TextUITests.MyFakeMethod\nImmediate output from first test\n=&gt; NUnitLite.Tests.TextUITests.AnotherFakeMethod\n=&gt; NUnitLite.Tests.TextUITests.MyFakeMethod\nAnother immediate output from first test\n=&gt; NUnitLite.Tests.TextUITests.AnotherFakeMethod\nImmediate output from second test\n=&gt; NUnitLite.Tests.TextUITests.MyFakeMethod\nOUTPUT1\n=&gt; NUnitLite.Tests.TextUITests.AnotherFakeMethod\nOUTPUT2\n&quot;)" fullname="NUnitLite.Tests.TextUITests.TwoTests_InterleavedExecution(&quot;All&quot;,&quot;=&gt; NUnitLite.Tests.TextUITests.MyFakeMethod\nImmediate output from first test\n=&gt; NUnitLite.Tests.TextUITests.AnotherFakeMethod\n=&gt; NUnitLite.Tests.TextUITests.MyFakeMethod\nAnother immediate output from first test\n=&gt; NUnitLite.Tests.TextUITests.AnotherFakeMethod\nImmediate output from second test\n=&gt; NUnitLite.Tests.TextUITests.MyFakeMethod\nOUTPUT1\n=&gt; NUnitLite.Tests.TextUITests.AnotherFakeMethod\nOUTPUT2\n&quot;)" methodname="TwoTests_InterleavedExecution" classname="NUnitLite.Tests.TextUITests" runstate="Runnable" seed="948257656" result="Passed" start-time="2018-10-06 20:02:30Z" end-time="2018-10-06 20:02:30Z" duration="0.000151" asserts="1" />
            <test-case id="1340" name="TwoTests_InterleavedExecution(&quot;Before&quot;,&quot;=&gt; NUnitLite.Tests.TextUITests.MyFakeMethod\nImmediate output from first test\n=&gt; NUnitLite.Tests.TextUITests.AnotherFakeMethod\n=&gt; NUnitLite.Tests.TextUITests.MyFakeMethod\nAnother immediate output from first test\n=&gt; NUnitLite.Tests.TextUITests.AnotherFakeMethod\nImmediate output from second test\n=&gt; NUnitLite.Tests.TextUITests.MyFakeMethod\nOUTPUT1\n=&gt; NUnitLite.Tests.TextUITests.AnotherFakeMethod\nOUTPUT2\n&quot;)" fullname="NUnitLite.Tests.TextUITests.TwoTests_InterleavedExecution(&quot;Before&quot;,&quot;=&gt; NUnitLite.Tests.TextUITests.MyFakeMethod\nImmediate output from first test\n=&gt; NUnitLite.Tests.TextUITests.AnotherFakeMethod\n=&gt; NUnitLite.Tests.TextUITests.MyFakeMethod\nAnother immediate output from first test\n=&gt; NUnitLite.Tests.TextUITests.AnotherFakeMethod\nImmediate output from second test\n=&gt; NUnitLite.Tests.TextUITests.MyFakeMethod\nOUTPUT1\n=&gt; NUnitLite.Tests.TextUITests.AnotherFakeMethod\nOUTPUT2\n&quot;)" methodname="TwoTests_InterleavedExecution" classname="NUnitLite.Tests.TextUITests" runstate="Runnable" seed="1307470434" result="Passed" start-time="2018-10-06 20:02:30Z" end-time="2018-10-06 20:02:30Z" duration="0.000162" asserts="1" />
            <test-case id="1341" name="TwoTests_InterleavedExecution(&quot;After&quot;,&quot;=&gt; NUnitLite.Tests.TextUITests.MyFakeMethod\nImmediate output from first test\nAnother immediate output from first test\n=&gt; NUnitLite.Tests.TextUITests.AnotherFakeMethod\nImmediate output from second test\n=&gt; NUnitLite.Tests.TextUITests.MyFakeMethod\nOUTPUT1\nFailed =&gt; NUnitLite.Tests.TextUITests.MyFakeMethod\n=&gt; NUnitLite.Tests.TextUITests.AnotherFakeMethod\nOUTPUT2\nPassed =&gt; NUnitLite.Tests.TextUITests.AnotherFakeMethod\n&quot;)" fullname="NUnitLite.Tests.TextUITests.TwoTests_InterleavedExecution(&quot;After&quot;,&quot;=&gt; NUnitLite.Tests.TextUITests.MyFakeMethod\nImmediate output from first test\nAnother immediate output from first test\n=&gt; NUnitLite.Tests.TextUITests.AnotherFakeMethod\nImmediate output from second test\n=&gt; NUnitLite.Tests.TextUITests.MyFakeMethod\nOUTPUT1\nFailed =&gt; NUnitLite.Tests.TextUITests.MyFakeMethod\n=&gt; NUnitLite.Tests.TextUITests.AnotherFakeMethod\nOUTPUT2\nPassed =&gt; NUnitLite.Tests.TextUITests.AnotherFakeMethod\n&quot;)" methodname="TwoTests_InterleavedExecution" classname="NUnitLite.Tests.TextUITests" runstate="Runnable" seed="869161454" result="Passed" start-time="2018-10-06 20:02:30Z" end-time="2018-10-06 20:02:30Z" duration="0.000151" asserts="1" />
          </test-suite>
          <test-suite type="ParameterizedMethod" id="1348" name="TwoTests_NestedExecution" fullname="NUnitLite.Tests.TextUITests.TwoTests_NestedExecution" classname="NUnitLite.Tests.TextUITests" runstate="Runnable" testcasecount="5" result="Passed" start-time="2018-10-06 20:02:30Z" end-time="2018-10-06 20:02:30Z" duration="0.002280" total="5" passed="5" failed="0" warnings="0" inconclusive="0" skipped="0" asserts="5">
            <test-case id="1343" name="TwoTests_NestedExecution(&quot;Off&quot;,&quot;Immediate output from first test\nAnother immediate output from first test\nImmediate output from second test\nOUTPUT2\nOUTPUT1\n&quot;)" fullname="NUnitLite.Tests.TextUITests.TwoTests_NestedExecution(&quot;Off&quot;,&quot;Immediate output from first test\nAnother immediate output from first test\nImmediate output from second test\nOUTPUT2\nOUTPUT1\n&quot;)" methodname="TwoTests_NestedExecution" classname="NUnitLite.Tests.TextUITests" runstate="Runnable" seed="442804352" result="Passed" start-time="2018-10-06 20:02:30Z" end-time="2018-10-06 20:02:30Z" duration="0.001325" asserts="1" />
            <test-case id="1344" name="TwoTests_NestedExecution(&quot;On&quot;,&quot;=&gt; NUnitLite.Tests.TextUITests.MyFakeMethod\nImmediate output from first test\nAnother immediate output from first test\n=&gt; NUnitLite.Tests.TextUITests.AnotherFakeMethod\nImmediate output from second test\nOUTPUT2\n=&gt; NUnitLite.Tests.TextUITests.MyFakeMethod\nOUTPUT1\n&quot;)" fullname="NUnitLite.Tests.TextUITests.TwoTests_NestedExecution(&quot;On&quot;,&quot;=&gt; NUnitLite.Tests.TextUITests.MyFakeMethod\nImmediate output from first test\nAnother immediate output from first test\n=&gt; NUnitLite.Tests.TextUITests.AnotherFakeMethod\nImmediate output from second test\nOUTPUT2\n=&gt; NUnitLite.Tests.TextUITests.MyFakeMethod\nOUTPUT1\n&quot;)" methodname="TwoTests_NestedExecution" classname="NUnitLite.Tests.TextUITests" runstate="Runnable" seed="1904354294" result="Passed" start-time="2018-10-06 20:02:30Z" end-time="2018-10-06 20:02:30Z" duration="0.000192" asserts="1" />
            <test-case id="1345" name="TwoTests_NestedExecution(&quot;All&quot;,&quot;=&gt; NUnitLite.Tests.TextUITests.MyFakeMethod\nImmediate output from first test\n=&gt; NUnitLite.Tests.TextUITests.AnotherFakeMethod\n=&gt; NUnitLite.Tests.TextUITests.MyFakeMethod\nAnother immediate output from first test\n=&gt; NUnitLite.Tests.TextUITests.AnotherFakeMethod\nImmediate output from second test\nOUTPUT2\n=&gt; NUnitLite.Tests.TextUITests.MyFakeMethod\nOUTPUT1\n&quot;)" fullname="NUnitLite.Tests.TextUITests.TwoTests_NestedExecution(&quot;All&quot;,&quot;=&gt; NUnitLite.Tests.TextUITests.MyFakeMethod\nImmediate output from first test\n=&gt; NUnitLite.Tests.TextUITests.AnotherFakeMethod\n=&gt; NUnitLite.Tests.TextUITests.MyFakeMethod\nAnother immediate output from first test\n=&gt; NUnitLite.Tests.TextUITests.AnotherFakeMethod\nImmediate output from second test\nOUTPUT2\n=&gt; NUnitLite.Tests.TextUITests.MyFakeMethod\nOUTPUT1\n&quot;)" methodname="TwoTests_NestedExecution" classname="NUnitLite.Tests.TextUITests" runstate="Runnable" seed="2060097254" result="Passed" start-time="2018-10-06 20:02:30Z" end-time="2018-10-06 20:02:30Z" duration="0.000151" asserts="1" />
            <test-case id="1346" name="TwoTests_NestedExecution(&quot;Before&quot;,&quot;=&gt; NUnitLite.Tests.TextUITests.MyFakeMethod\nImmediate output from first test\n=&gt; NUnitLite.Tests.TextUITests.AnotherFakeMethod\n=&gt; NUnitLite.Tests.TextUITests.MyFakeMethod\nAnother immediate output from first test\n=&gt; NUnitLite.Tests.TextUITests.AnotherFakeMethod\nImmediate output from second test\nOUTPUT2\n=&gt; NUnitLite.Tests.TextUITests.MyFakeMethod\nOUTPUT1\n&quot;)" fullname="NUnitLite.Tests.TextUITests.TwoTests_NestedExecution(&quot;Before&quot;,&quot;=&gt; NUnitLite.Tests.TextUITests.MyFakeMethod\nImmediate output from first test\n=&gt; NUnitLite.Tests.TextUITests.AnotherFakeMethod\n=&gt; NUnitLite.Tests.TextUITests.MyFakeMethod\nAnother immediate output from first test\n=&gt; NUnitLite.Tests.TextUITests.AnotherFakeMethod\nImmediate output from second test\nOUTPUT2\n=&gt; NUnitLite.Tests.TextUITests.MyFakeMethod\nOUTPUT1\n&quot;)" methodname="TwoTests_NestedExecution" classname="NUnitLite.Tests.TextUITests" runstate="Runnable" seed="2072696047" result="Passed" start-time="2018-10-06 20:02:30Z" end-time="2018-10-06 20:02:30Z" duration="0.000307" asserts="1" />
            <test-case id="1347" name="TwoTests_NestedExecution(&quot;After&quot;,&quot;=&gt; NUnitLite.Tests.TextUITests.MyFakeMethod\nImmediate output from first test\nAnother immediate output from first test\n=&gt; NUnitLite.Tests.TextUITests.AnotherFakeMethod\nImmediate output from second test\nOUTPUT2\nPassed =&gt; NUnitLite.Tests.TextUITests.AnotherFakeMethod\n=&gt; NUnitLite.Tests.TextUITests.MyFakeMethod\nOUTPUT1\nFailed =&gt; NUnitLite.Tests.TextUITests.MyFakeMethod\n&quot;)" fullname="NUnitLite.Tests.TextUITests.TwoTests_NestedExecution(&quot;After&quot;,&quot;=&gt; NUnitLite.Tests.TextUITests.MyFakeMethod\nImmediate output from first test\nAnother immediate output from first test\n=&gt; NUnitLite.Tests.TextUITests.AnotherFakeMethod\nImmediate output from second test\nOUTPUT2\nPassed =&gt; NUnitLite.Tests.TextUITests.AnotherFakeMethod\n=&gt; NUnitLite.Tests.TextUITests.MyFakeMethod\nOUTPUT1\nFailed =&gt; NUnitLite.Tests.TextUITests.MyFakeMethod\n&quot;)" methodname="TwoTests_NestedExecution" classname="NUnitLite.Tests.TextUITests" runstate="Runnable" seed="741437750" result="Passed" start-time="2018-10-06 20:02:30Z" end-time="2018-10-06 20:02:30Z" duration="0.000240" asserts="1" />
          </test-suite>
          <test-suite type="ParameterizedMethod" id="1336" name="TwoTests_SequentialExecution" fullname="NUnitLite.Tests.TextUITests.TwoTests_SequentialExecution" classname="NUnitLite.Tests.TextUITests" runstate="Runnable" testcasecount="5" result="Passed" start-time="2018-10-06 20:02:30Z" end-time="2018-10-06 20:02:30Z" duration="0.002298" total="5" passed="5" failed="0" warnings="0" inconclusive="0" skipped="0" asserts="5">
            <test-case id="1331" name="TwoTests_SequentialExecution(&quot;Off&quot;,&quot;OUTPUT1\nOUTPUT2\n&quot;)" fullname="NUnitLite.Tests.TextUITests.TwoTests_SequentialExecution(&quot;Off&quot;,&quot;OUTPUT1\nOUTPUT2\n&quot;)" methodname="TwoTests_SequentialExecution" classname="NUnitLite.Tests.TextUITests" runstate="Runnable" seed="1203965363" result="Passed" start-time="2018-10-06 20:02:30Z" end-time="2018-10-06 20:02:30Z" duration="0.001320" asserts="1" />
            <test-case id="1332" name="TwoTests_SequentialExecution(&quot;On&quot;,&quot;=&gt; NUnitLite.Tests.TextUITests.MyFakeMethod\nOUTPUT1\n=&gt; NUnitLite.Tests.TextUITests.AnotherFakeMethod\nOUTPUT2\n&quot;)" fullname="NUnitLite.Tests.TextUITests.TwoTests_SequentialExecution(&quot;On&quot;,&quot;=&gt; NUnitLite.Tests.TextUITests.MyFakeMethod\nOUTPUT1\n=&gt; NUnitLite.Tests.TextUITests.AnotherFakeMethod\nOUTPUT2\n&quot;)" methodname="TwoTests_SequentialExecution" classname="NUnitLite.Tests.TextUITests" runstate="Runnable" seed="753051140" result="Passed" start-time="2018-10-06 20:02:30Z" end-time="2018-10-06 20:02:30Z" duration="0.000257" asserts="1" />
            <test-case id="1333" name="TwoTests_SequentialExecution(&quot;All&quot;,&quot;=&gt; NUnitLite.Tests.TextUITests.MyFakeMethod\nOUTPUT1\n=&gt; NUnitLite.Tests.TextUITests.AnotherFakeMethod\nOUTPUT2\n&quot;)" fullname="NUnitLite.Tests.TextUITests.TwoTests_SequentialExecution(&quot;All&quot;,&quot;=&gt; NUnitLite.Tests.TextUITests.MyFakeMethod\nOUTPUT1\n=&gt; NUnitLite.Tests.TextUITests.AnotherFakeMethod\nOUTPUT2\n&quot;)" methodname="TwoTests_SequentialExecution" classname="NUnitLite.Tests.TextUITests" runstate="Runnable" seed="2130243126" result="Passed" start-time="2018-10-06 20:02:30Z" end-time="2018-10-06 20:02:30Z" duration="0.000203" asserts="1" />
            <test-case id="1334" name="TwoTests_SequentialExecution(&quot;Before&quot;,&quot;=&gt; NUnitLite.Tests.TextUITests.MyFakeMethod\nOUTPUT1\n=&gt; NUnitLite.Tests.TextUITests.AnotherFakeMethod\nOUTPUT2\n&quot;)" fullname="NUnitLite.Tests.TextUITests.TwoTests_SequentialExecution(&quot;Before&quot;,&quot;=&gt; NUnitLite.Tests.TextUITests.MyFakeMethod\nOUTPUT1\n=&gt; NUnitLite.Tests.TextUITests.AnotherFakeMethod\nOUTPUT2\n&quot;)" methodname="TwoTests_SequentialExecution" classname="NUnitLite.Tests.TextUITests" runstate="Runnable" seed="1543369581" result="Passed" start-time="2018-10-06 20:02:30Z" end-time="2018-10-06 20:02:30Z" duration="0.000198" asserts="1" />
            <test-case id="1335" name="TwoTests_SequentialExecution(&quot;After&quot;,&quot;=&gt; NUnitLite.Tests.TextUITests.MyFakeMethod\nOUTPUT1\nFailed =&gt; NUnitLite.Tests.TextUITests.MyFakeMethod\n=&gt; NUnitLite.Tests.TextUITests.AnotherFakeMethod\nOUTPUT2\nPassed =&gt; NUnitLite.Tests.TextUITests.AnotherFakeMethod\n&quot;)" fullname="NUnitLite.Tests.TextUITests.TwoTests_SequentialExecution(&quot;After&quot;,&quot;=&gt; NUnitLite.Tests.TextUITests.MyFakeMethod\nOUTPUT1\nFailed =&gt; NUnitLite.Tests.TextUITests.MyFakeMethod\n=&gt; NUnitLite.Tests.TextUITests.AnotherFakeMethod\nOUTPUT2\nPassed =&gt; NUnitLite.Tests.TextUITests.AnotherFakeMethod\n&quot;)" methodname="TwoTests_SequentialExecution" classname="NUnitLite.Tests.TextUITests" runstate="Runnable" seed="783337485" result="Passed" start-time="2018-10-06 20:02:30Z" end-time="2018-10-06 20:02:30Z" duration="0.000241" asserts="1" />
          </test-suite>
        </test-suite>
      </test-suite>
    </test-suite>
  </test-suite>
</test-run>